#
# There is insufficient memory for the Java Runtime Environment to continue.
# Native memory allocation (malloc) failed to allocate 1338496 bytes for Chunk::new
# Possible reasons:
#   The system is out of physical RAM or swap space
#   The process is running with CompressedOops enabled, and the Java Heap may be blocking the growth of the native heap
# Possible solutions:
#   Reduce memory load on the system
#   Increase physical memory or swap space
#   Check if swap backing store is full
#   Decrease Java heap size (-Xmx/-Xms)
#   Decrease number of Java threads
#   Decrease Java thread stack sizes (-Xss)
#   Set larger code cache with -XX:ReservedCodeCacheSize=
#   JVM is running with Unscaled Compressed Oops mode in which the Java heap is
#     placed in the first 4GB address space. The Java Heap base address is the
#     maximum limit for the native heap growth. Please use -XX:HeapBaseMinAddress
#     to set the Java Heap base and to place the Java Heap above 4GB virtual address.
# This output file may be truncated or incomplete.
#
#  Out of Memory Error (arena.cpp:189), pid=8748, tid=464
#
# JRE version: Java(TM) SE Runtime Environment (17.0.7+8) (build 17.0.7+8-LTS-224)
# Java VM: Java HotSpot(TM) 64-Bit Server VM (17.0.7+8-LTS-224, mixed mode, sharing, tiered, compressed oops, compressed class ptrs, g1 gc, windows-amd64)
# No core dump will be written. Minidumps are not enabled by default on client versions of Windows
#

---------------  S U M M A R Y ------------

Command Line: com.portfolio.fml.FmlApplication

Host: AMD Athlon(tm) II X2 260 Processor, 2 cores, 3G,  Windows 10 , 64 bit Build 19041 (10.0.19041.2913)
Time: Sat May 13 07:50:39 2023 Hora estándar de Argentina elapsed time: 11.649397 seconds (0d 0h 0m 11s)

---------------  T H R E A D  ---------------

Current thread (0x0000023d2b0098f0):  JavaThread "C2 CompilerThread0" daemon [_thread_in_native, id=464, stack(0x000000f5f6a00000,0x000000f5f6b00000)]


Current CompileTask:
C2:  11649 3935       4       org.springframework.boot.context.properties.source.ConfigurationPropertyName$ElementsParser::parse (234 bytes)

Stack: [0x000000f5f6a00000,0x000000f5f6b00000]
Native frames: (J=compiled Java code, j=interpreted, Vv=VM code, C=native code)
V  [jvm.dll+0x676a4a]
V  [jvm.dll+0x7d74f4]
V  [jvm.dll+0x7d8c9e]
V  [jvm.dll+0x7d9303]
V  [jvm.dll+0x2452c5]
V  [jvm.dll+0xaaa2b]
V  [jvm.dll+0xaafcc]
V  [jvm.dll+0x36141e]
V  [jvm.dll+0x1bb36a]
V  [jvm.dll+0x217c27]
V  [jvm.dll+0x216f01]
V  [jvm.dll+0x1a35e0]
V  [jvm.dll+0x226a6e]
V  [jvm.dll+0x224e15]
V  [jvm.dll+0x78d05c]
V  [jvm.dll+0x78759a]
V  [jvm.dll+0x675875]
C  [ucrtbase.dll+0x21bb2]
C  [KERNEL32.DLL+0x17614]
C  [ntdll.dll+0x526a1]


---------------  P R O C E S S  ---------------

Threads class SMR info:
_java_thread_list=0x0000023d497ed230, length=15, elements={
0x0000023d2af3ba70, 0x0000023d2afed7e0, 0x0000023d2afeed00, 0x0000023d2b003d30,
0x0000023d2b006700, 0x0000023d2b006fc0, 0x0000023d2b009030, 0x0000023d2b0098f0,
0x0000023d45e176b0, 0x0000023d2b00ead0, 0x0000023d468710a0, 0x0000023d46881620,
0x0000023d46e67500, 0x0000023d46c1f510, 0x0000023d4991a010
}

Java Threads: ( => current thread )
  0x0000023d2af3ba70 JavaThread "main" [_thread_blocked, id=2500, stack(0x000000f5f5d00000,0x000000f5f5e00000)]
  0x0000023d2afed7e0 JavaThread "Reference Handler" daemon [_thread_blocked, id=8848, stack(0x000000f5f6400000,0x000000f5f6500000)]
  0x0000023d2afeed00 JavaThread "Finalizer" daemon [_thread_blocked, id=8968, stack(0x000000f5f6500000,0x000000f5f6600000)]
  0x0000023d2b003d30 JavaThread "Signal Dispatcher" daemon [_thread_blocked, id=8728, stack(0x000000f5f6600000,0x000000f5f6700000)]
  0x0000023d2b006700 JavaThread "Attach Listener" daemon [_thread_blocked, id=768, stack(0x000000f5f6700000,0x000000f5f6800000)]
  0x0000023d2b006fc0 JavaThread "Service Thread" daemon [_thread_blocked, id=4396, stack(0x000000f5f6800000,0x000000f5f6900000)]
  0x0000023d2b009030 JavaThread "Monitor Deflation Thread" daemon [_thread_blocked, id=3324, stack(0x000000f5f6900000,0x000000f5f6a00000)]
=>0x0000023d2b0098f0 JavaThread "C2 CompilerThread0" daemon [_thread_in_native, id=464, stack(0x000000f5f6a00000,0x000000f5f6b00000)]
  0x0000023d45e176b0 JavaThread "C1 CompilerThread0" daemon [_thread_blocked, id=1020, stack(0x000000f5f6b00000,0x000000f5f6c00000)]
  0x0000023d2b00ead0 JavaThread "Sweeper thread" daemon [_thread_blocked, id=8388, stack(0x000000f5f6c00000,0x000000f5f6d00000)]
  0x0000023d468710a0 JavaThread "Notification Thread" daemon [_thread_blocked, id=3408, stack(0x000000f5f6d00000,0x000000f5f6e00000)]
  0x0000023d46881620 JavaThread "Common-Cleaner" daemon [_thread_blocked, id=6564, stack(0x000000f5f6f00000,0x000000f5f7000000)]
  0x0000023d46e67500 JavaThread "Thread-0" [_thread_blocked, id=876, stack(0x000000f5f7100000,0x000000f5f7200000)]
  0x0000023d46c1f510 JavaThread "restartedMain" [_thread_in_vm, id=8272, stack(0x000000f5f7200000,0x000000f5f7300000)]
  0x0000023d4991a010 JavaThread "mysql-cj-abandoned-connection-cleanup" daemon [_thread_blocked, id=7192, stack(0x000000f5f7300000,0x000000f5f7400000)]

Other Threads:
  0x0000023d2afe6d30 VMThread "VM Thread" [stack: 0x000000f5f6300000,0x000000f5f6400000] [id=2720]
  0x0000023d46877990 WatcherThread [stack: 0x000000f5f6e00000,0x000000f5f6f00000] [id=6876]
  0x0000023d2af76c10 GCTaskThread "GC Thread#0" [stack: 0x000000f5f5e00000,0x000000f5f5f00000] [id=7264]
  0x0000023d46b79390 GCTaskThread "GC Thread#1" [stack: 0x000000f5f7000000,0x000000f5f7100000] [id=8484]
  0x0000023d2af80a70 ConcurrentGCThread "G1 Main Marker" [stack: 0x000000f5f5f00000,0x000000f5f6000000] [id=8476]
  0x0000023d2af81c70 ConcurrentGCThread "G1 Conc#0" [stack: 0x000000f5f6000000,0x000000f5f6100000] [id=8876]
  0x0000023d2afc63d0 ConcurrentGCThread "G1 Refine#0" [stack: 0x000000f5f6100000,0x000000f5f6200000] [id=8760]
  0x0000023d2afc85f0 ConcurrentGCThread "G1 Service" [stack: 0x000000f5f6200000,0x000000f5f6300000] [id=8600]

Threads with active compile tasks:
C2 CompilerThread0    11765 3935       4       org.springframework.boot.context.properties.source.ConfigurationPropertyName$ElementsParser::parse (234 bytes)

VM state: not at safepoint (normal execution)

VM Mutex/Monitor currently owned by a thread: None

Heap address: 0x00000000c0000000, size: 1024 MB, Compressed Oops mode: 32-bit

CDS archive(s) mapped at: [0x0000000800000000-0x0000000800bd0000-0x0000000800bd0000), size 12386304, SharedBaseAddress: 0x0000000800000000, ArchiveRelocationMode: 0.
Compressed class space mapped at: 0x0000000800c00000-0x0000000840c00000, reserved size: 1073741824
Narrow klass base: 0x0000000800000000, Narrow klass shift: 0, Narrow klass range: 0x100000000

GC Precious Log:
 CPUs: 2 total, 2 available
 Memory: 4095M
 Large Page Support: Disabled
 NUMA Support: Disabled
 Compressed Oops: Enabled (32-bit)
 Heap Region Size: 1M
 Heap Min Capacity: 8M
 Heap Initial Capacity: 64M
 Heap Max Capacity: 1G
 Pre-touch: Disabled
 Parallel Workers: 2
 Concurrent Workers: 1
 Concurrent Refinement Workers: 2
 Periodic GC: Disabled

Heap:
 garbage-first heap   total 70656K, used 36810K [0x00000000c0000000, 0x0000000100000000)
  region size 1024K, 24 young (24576K), 3 survivors (3072K)
 Metaspace       used 31338K, committed 31616K, reserved 1081344K
  class space    used 4031K, committed 4160K, reserved 1048576K

Heap Regions: E=young(eden), S=young(survivor), O=old, HS=humongous(starts), HC=humongous(continues), CS=collection set, F=free, OA=open archive, CA=closed archive, TAMS=top-at-mark-start (previous, next)
|   0|0x00000000c0000000, 0x00000000c0100000, 0x00000000c0100000|100%|HS|  |TAMS 0x00000000c0100000, 0x00000000c0000000| Complete 
|   1|0x00000000c0100000, 0x00000000c0200000, 0x00000000c0200000|100%| O|  |TAMS 0x00000000c0200000, 0x00000000c0100000| Untracked 
|   2|0x00000000c0200000, 0x00000000c0300000, 0x00000000c0300000|100%| O|  |TAMS 0x00000000c0300000, 0x00000000c0200000| Untracked 
|   3|0x00000000c0300000, 0x00000000c0400000, 0x00000000c0400000|100%| O|  |TAMS 0x00000000c0400000, 0x00000000c0300000| Untracked 
|   4|0x00000000c0400000, 0x00000000c0500000, 0x00000000c0500000|100%| O|  |TAMS 0x00000000c0500000, 0x00000000c0400000| Untracked 
|   5|0x00000000c0500000, 0x00000000c0600000, 0x00000000c0600000|100%| O|  |TAMS 0x00000000c0600000, 0x00000000c0500000| Untracked 
|   6|0x00000000c0600000, 0x00000000c0700000, 0x00000000c0700000|100%| O|  |TAMS 0x00000000c0676e00, 0x00000000c0600000| Untracked 
|   7|0x00000000c0700000, 0x00000000c0800000, 0x00000000c0800000|100%| O|  |TAMS 0x00000000c0700000, 0x00000000c0700000| Untracked 
|   8|0x00000000c0800000, 0x00000000c0800000, 0x00000000c0900000|  0%| F|  |TAMS 0x00000000c0800000, 0x00000000c0800000| Untracked 
|   9|0x00000000c0900000, 0x00000000c0a00000, 0x00000000c0a00000|100%| O|  |TAMS 0x00000000c0900000, 0x00000000c0900000| Untracked 
|  10|0x00000000c0a00000, 0x00000000c0b00000, 0x00000000c0b00000|100%| O|  |TAMS 0x00000000c0a00000, 0x00000000c0a00000| Untracked 
|  11|0x00000000c0b00000, 0x00000000c0c00000, 0x00000000c0c00000|100%| O|  |TAMS 0x00000000c0b00000, 0x00000000c0b00000| Untracked 
|  12|0x00000000c0c00000, 0x00000000c0d00000, 0x00000000c0d00000|100%| O|  |TAMS 0x00000000c0c00000, 0x00000000c0c00000| Untracked 
|  13|0x00000000c0d00000, 0x00000000c0e00000, 0x00000000c0e00000|100%| O|  |TAMS 0x00000000c0d00000, 0x00000000c0d00000| Untracked 
|  14|0x00000000c0e00000, 0x00000000c0e00000, 0x00000000c0f00000|  0%| F|  |TAMS 0x00000000c0e00000, 0x00000000c0e00000| Untracked 
|  15|0x00000000c0f00000, 0x00000000c0f00000, 0x00000000c1000000|  0%| F|  |TAMS 0x00000000c0f00000, 0x00000000c0f00000| Untracked 
|  16|0x00000000c1000000, 0x00000000c1000000, 0x00000000c1100000|  0%| F|  |TAMS 0x00000000c1000000, 0x00000000c1000000| Untracked 
|  17|0x00000000c1100000, 0x00000000c1100000, 0x00000000c1200000|  0%| F|  |TAMS 0x00000000c1100000, 0x00000000c1100000| Untracked 
|  18|0x00000000c1200000, 0x00000000c1299200, 0x00000000c1300000| 59%| O|  |TAMS 0x00000000c1200000, 0x00000000c1200000| Untracked 
|  19|0x00000000c1300000, 0x00000000c1300000, 0x00000000c1400000|  0%| F|  |TAMS 0x00000000c1300000, 0x00000000c1300000| Untracked 
|  20|0x00000000c1400000, 0x00000000c1400000, 0x00000000c1500000|  0%| F|  |TAMS 0x00000000c1400000, 0x00000000c1400000| Untracked 
|  21|0x00000000c1500000, 0x00000000c1500000, 0x00000000c1600000|  0%| F|  |TAMS 0x00000000c1500000, 0x00000000c1500000| Untracked 
|  22|0x00000000c1600000, 0x00000000c1659640, 0x00000000c1700000| 34%| S|CS|TAMS 0x00000000c1600000, 0x00000000c1600000| Complete 
|  23|0x00000000c1700000, 0x00000000c1800000, 0x00000000c1800000|100%| S|CS|TAMS 0x00000000c1700000, 0x00000000c1700000| Complete 
|  24|0x00000000c1800000, 0x00000000c1900000, 0x00000000c1900000|100%| S|CS|TAMS 0x00000000c1800000, 0x00000000c1800000| Complete 
|  25|0x00000000c1900000, 0x00000000c1900000, 0x00000000c1a00000|  0%| F|  |TAMS 0x00000000c1900000, 0x00000000c1900000| Untracked 
|  26|0x00000000c1a00000, 0x00000000c1a00000, 0x00000000c1b00000|  0%| F|  |TAMS 0x00000000c1a00000, 0x00000000c1a00000| Untracked 
|  27|0x00000000c1b00000, 0x00000000c1b00000, 0x00000000c1c00000|  0%| F|  |TAMS 0x00000000c1b00000, 0x00000000c1b00000| Untracked 
|  28|0x00000000c1c00000, 0x00000000c1c00000, 0x00000000c1d00000|  0%| F|  |TAMS 0x00000000c1c00000, 0x00000000c1c00000| Untracked 
|  29|0x00000000c1d00000, 0x00000000c1d00000, 0x00000000c1e00000|  0%| F|  |TAMS 0x00000000c1d00000, 0x00000000c1d00000| Untracked 
|  30|0x00000000c1e00000, 0x00000000c1e00000, 0x00000000c1f00000|  0%| F|  |TAMS 0x00000000c1e00000, 0x00000000c1e00000| Untracked 
|  31|0x00000000c1f00000, 0x00000000c1f00000, 0x00000000c2000000|  0%| F|  |TAMS 0x00000000c1f00000, 0x00000000c1f00000| Untracked 
|  32|0x00000000c2000000, 0x00000000c2000000, 0x00000000c2100000|  0%| F|  |TAMS 0x00000000c2000000, 0x00000000c2000000| Untracked 
|  33|0x00000000c2100000, 0x00000000c2100000, 0x00000000c2200000|  0%| F|  |TAMS 0x00000000c2100000, 0x00000000c2100000| Untracked 
|  34|0x00000000c2200000, 0x00000000c2200000, 0x00000000c2300000|  0%| F|  |TAMS 0x00000000c2200000, 0x00000000c2200000| Untracked 
|  35|0x00000000c2300000, 0x00000000c2300000, 0x00000000c2400000|  0%| F|  |TAMS 0x00000000c2300000, 0x00000000c2300000| Untracked 
|  36|0x00000000c2400000, 0x00000000c2400000, 0x00000000c2500000|  0%| F|  |TAMS 0x00000000c2400000, 0x00000000c2400000| Untracked 
|  37|0x00000000c2500000, 0x00000000c2500000, 0x00000000c2600000|  0%| F|  |TAMS 0x00000000c2500000, 0x00000000c2500000| Untracked 
|  38|0x00000000c2600000, 0x00000000c2600000, 0x00000000c2700000|  0%| F|  |TAMS 0x00000000c2600000, 0x00000000c2600000| Untracked 
|  39|0x00000000c2700000, 0x00000000c2700000, 0x00000000c2800000|  0%| F|  |TAMS 0x00000000c2700000, 0x00000000c2700000| Untracked 
|  40|0x00000000c2800000, 0x00000000c2800000, 0x00000000c2900000|  0%| F|  |TAMS 0x00000000c2800000, 0x00000000c2800000| Untracked 
|  41|0x00000000c2900000, 0x00000000c2900000, 0x00000000c2a00000|  0%| F|  |TAMS 0x00000000c2900000, 0x00000000c2900000| Untracked 
|  42|0x00000000c2a00000, 0x00000000c2a00000, 0x00000000c2b00000|  0%| F|  |TAMS 0x00000000c2a00000, 0x00000000c2a00000| Untracked 
|  43|0x00000000c2b00000, 0x00000000c2b00000, 0x00000000c2c00000|  0%| F|  |TAMS 0x00000000c2b00000, 0x00000000c2b00000| Untracked 
|  44|0x00000000c2c00000, 0x00000000c2c00000, 0x00000000c2d00000|  0%| F|  |TAMS 0x00000000c2c00000, 0x00000000c2c00000| Untracked 
|  45|0x00000000c2d00000, 0x00000000c2d00000, 0x00000000c2e00000|  0%| F|  |TAMS 0x00000000c2d00000, 0x00000000c2d00000| Untracked 
|  46|0x00000000c2e00000, 0x00000000c2e00000, 0x00000000c2f00000|  0%| F|  |TAMS 0x00000000c2e00000, 0x00000000c2e00000| Untracked 
|  47|0x00000000c2f00000, 0x00000000c2f00000, 0x00000000c3000000|  0%| F|  |TAMS 0x00000000c2f00000, 0x00000000c2f00000| Untracked 
|  48|0x00000000c3000000, 0x00000000c3100000, 0x00000000c3100000|100%| E|  |TAMS 0x00000000c3000000, 0x00000000c3000000| Complete 
|  49|0x00000000c3100000, 0x00000000c3200000, 0x00000000c3200000|100%| E|CS|TAMS 0x00000000c3100000, 0x00000000c3100000| Complete 
|  50|0x00000000c3200000, 0x00000000c3300000, 0x00000000c3300000|100%| E|CS|TAMS 0x00000000c3200000, 0x00000000c3200000| Complete 
|  51|0x00000000c3300000, 0x00000000c3400000, 0x00000000c3400000|100%| E|CS|TAMS 0x00000000c3300000, 0x00000000c3300000| Complete 
|  52|0x00000000c3400000, 0x00000000c3500000, 0x00000000c3500000|100%| E|CS|TAMS 0x00000000c3400000, 0x00000000c3400000| Complete 
|  53|0x00000000c3500000, 0x00000000c3600000, 0x00000000c3600000|100%| E|CS|TAMS 0x00000000c3500000, 0x00000000c3500000| Complete 
|  54|0x00000000c3600000, 0x00000000c3700000, 0x00000000c3700000|100%| E|CS|TAMS 0x00000000c3600000, 0x00000000c3600000| Complete 
|  55|0x00000000c3700000, 0x00000000c3800000, 0x00000000c3800000|100%| E|CS|TAMS 0x00000000c3700000, 0x00000000c3700000| Complete 
|  56|0x00000000c3800000, 0x00000000c3900000, 0x00000000c3900000|100%| E|CS|TAMS 0x00000000c3800000, 0x00000000c3800000| Complete 
|  57|0x00000000c3900000, 0x00000000c3a00000, 0x00000000c3a00000|100%| E|CS|TAMS 0x00000000c3900000, 0x00000000c3900000| Complete 
|  58|0x00000000c3a00000, 0x00000000c3b00000, 0x00000000c3b00000|100%| E|CS|TAMS 0x00000000c3a00000, 0x00000000c3a00000| Complete 
|  59|0x00000000c3b00000, 0x00000000c3c00000, 0x00000000c3c00000|100%| E|CS|TAMS 0x00000000c3b00000, 0x00000000c3b00000| Complete 
|  60|0x00000000c3c00000, 0x00000000c3d00000, 0x00000000c3d00000|100%| E|CS|TAMS 0x00000000c3c00000, 0x00000000c3c00000| Complete 
|  61|0x00000000c3d00000, 0x00000000c3e00000, 0x00000000c3e00000|100%| E|CS|TAMS 0x00000000c3d00000, 0x00000000c3d00000| Complete 
|  62|0x00000000c3e00000, 0x00000000c3f00000, 0x00000000c3f00000|100%| E|CS|TAMS 0x00000000c3e00000, 0x00000000c3e00000| Complete 
|  63|0x00000000c3f00000, 0x00000000c4000000, 0x00000000c4000000|100%| E|CS|TAMS 0x00000000c3f00000, 0x00000000c3f00000| Complete 
|  64|0x00000000c4000000, 0x00000000c4100000, 0x00000000c4100000|100%| E|CS|TAMS 0x00000000c4000000, 0x00000000c4000000| Complete 
|  65|0x00000000c4100000, 0x00000000c4200000, 0x00000000c4200000|100%| E|CS|TAMS 0x00000000c4100000, 0x00000000c4100000| Complete 
|  66|0x00000000c4200000, 0x00000000c4300000, 0x00000000c4300000|100%| E|CS|TAMS 0x00000000c4200000, 0x00000000c4200000| Complete 
|  67|0x00000000c4300000, 0x00000000c4400000, 0x00000000c4400000|100%| E|CS|TAMS 0x00000000c4300000, 0x00000000c4300000| Complete 
|  68|0x00000000c4400000, 0x00000000c4500000, 0x00000000c4500000|100%| E|CS|TAMS 0x00000000c4400000, 0x00000000c4400000| Complete 

Card table byte_map: [0x0000023d417c0000,0x0000023d419c0000] _byte_map_base: 0x0000023d411c0000

Marking Bits (Prev, Next): (CMBitMap*) 0x0000023d2af78180, (CMBitMap*) 0x0000023d2af78140
 Prev Bits: [0x0000023d42bc0000, 0x0000023d43bc0000)
 Next Bits: [0x0000023d41bc0000, 0x0000023d42bc0000)

Polling page: 0x0000023d2a710000

Metaspace:

Usage:
  Non-class:     26.67 MB used.
      Class:      3.94 MB used.
       Both:     30.61 MB used.

Virtual space:
  Non-class space:       32.00 MB reserved,      26.81 MB ( 84%) committed,  4 nodes.
      Class space:        1.00 GB reserved,       4.06 MB ( <1%) committed,  1 nodes.
             Both:        1.03 GB reserved,      30.88 MB (  3%) committed. 

Chunk freelists:
   Non-Class:  864.00 KB
       Class:  3.89 MB
        Both:  4.73 MB

MaxMetaspaceSize: unlimited
CompressedClassSpaceSize: 1.00 GB
Initial GC threshold: 21.00 MB
Current GC threshold: 35.12 MB
CDS: on
MetaspaceReclaimPolicy: balanced
 - commit_granule_bytes: 65536.
 - commit_granule_words: 8192.
 - virtual_space_node_default_size: 1048576.
 - enlarge_chunks_in_place: 1.
 - new_chunks_are_fully_committed: 0.
 - uncommit_free_chunks: 1.
 - use_allocation_guard: 0.
 - handle_deallocations: 1.


Internal statistics:

num_allocs_failed_limit: 3.
num_arena_births: 262.
num_arena_deaths: 0.
num_vsnodes_births: 5.
num_vsnodes_deaths: 0.
num_space_committed: 494.
num_space_uncommitted: 0.
num_chunks_returned_to_freelist: 3.
num_chunks_taken_from_freelist: 1323.
num_chunk_merges: 3.
num_chunk_splits: 949.
num_chunks_enlarged: 758.
num_purges: 0.
num_inconsistent_stats: 0.

CodeHeap 'non-profiled nmethods': size=120064Kb used=1836Kb max_used=1836Kb free=118227Kb
 bounds [0x0000023d3a280000, 0x0000023d3a4f0000, 0x0000023d417c0000]
CodeHeap 'profiled nmethods': size=120000Kb used=8876Kb max_used=8876Kb free=111123Kb
 bounds [0x0000023d327c0000, 0x0000023d33070000, 0x0000023d39cf0000]
CodeHeap 'non-nmethods': size=5696Kb used=1192Kb max_used=1258Kb free=4503Kb
 bounds [0x0000023d39cf0000, 0x0000023d39f60000, 0x0000023d3a280000]
 total_blobs=4436 nmethods=3948 adapters=401
 compilation: enabled
              stopped_count=0, restarted_count=0
 full_count=0

Compilation events (20 events):
Event: 11.354 Thread 0x0000023d45e176b0 3958   !   2       org.springframework.beans.factory.support.AbstractAutowireCapableBeanFactory::getSingletonFactoryBeanForTypeCheck (267 bytes)
Event: 11.356 Thread 0x0000023d45e176b0 nmethod 3958 0x0000023d33063410 code [0x0000023d33063780, 0x0000023d330645b8]
Event: 11.357 Thread 0x0000023d45e176b0 3959   !   2       org.springframework.core.annotation.AnnotationsScanner::processElement (40 bytes)
Event: 11.357 Thread 0x0000023d45e176b0 nmethod 3959 0x0000023d33065290 code [0x0000023d33065460, 0x0000023d33065678]
Event: 11.420 Thread 0x0000023d45e176b0 3960   !   2       jdk.proxy2.$Proxy40::annotationType (29 bytes)
Event: 11.420 Thread 0x0000023d45e176b0 nmethod 3960 0x0000023d33065810 code [0x0000023d330659c0, 0x0000023d33065c38]
Event: 11.425 Thread 0x0000023d45e176b0 3961       1       org.springframework.context.support.GenericApplicationContext::getBeanFactory (5 bytes)
Event: 11.425 Thread 0x0000023d45e176b0 nmethod 3961 0x0000023d3a44ac10 code [0x0000023d3a44ada0, 0x0000023d3a44ae78]
Event: 11.506 Thread 0x0000023d45e176b0 3962       2       org.springframework.util.StringUtils::tokenizeToStringArray (85 bytes)
Event: 11.507 Thread 0x0000023d45e176b0 nmethod 3962 0x0000023d33065d90 code [0x0000023d33065fc0, 0x0000023d33066668]
Event: 11.508 Thread 0x0000023d45e176b0 3963       2       java.util.regex.Matcher::match (154 bytes)
Event: 11.508 Thread 0x0000023d45e176b0 nmethod 3963 0x0000023d33066a90 code [0x0000023d33066c40, 0x0000023d33066f18]
Event: 11.509 Thread 0x0000023d45e176b0 3964       2       org.springframework.util.AntPathMatcher::doMatch (619 bytes)
Event: 11.511 Thread 0x0000023d45e176b0 nmethod 3964 0x0000023d33067110 code [0x0000023d330674a0, 0x0000023d33068758]
Event: 11.511 Thread 0x0000023d45e176b0 3965   !   2       java.util.regex.Pattern::matcher (44 bytes)
Event: 11.512 Thread 0x0000023d45e176b0 nmethod 3965 0x0000023d33069510 code [0x0000023d330696c0, 0x0000023d33069978]
Event: 11.513 Thread 0x0000023d45e176b0 3966       2       org.springframework.util.StringUtils::delimitedListToStringArray (164 bytes)
Event: 11.514 Thread 0x0000023d45e176b0 nmethod 3966 0x0000023d33069a90 code [0x0000023d33069d20, 0x0000023d3306a928]
Event: 11.515 Thread 0x0000023d45e176b0 3967       1       org.springframework.core.type.filter.AbstractTypeHierarchyTraversingFilter::matchClassName (2 bytes)
Event: 11.515 Thread 0x0000023d45e176b0 nmethod 3967 0x0000023d3a44af10 code [0x0000023d3a44b0a0, 0x0000023d3a44b178]

GC Heap History (18 events):
Event: 0.303 GC heap before
{Heap before GC invocations=0 (full 0):
 garbage-first heap   total 65536K, used 6144K [0x00000000c0000000, 0x0000000100000000)
  region size 1024K, 6 young (6144K), 0 survivors (0K)
 Metaspace       used 771K, committed 896K, reserved 1056768K
  class space    used 46K, committed 128K, reserved 1048576K
}
Event: 0.309 GC heap after
{Heap after GC invocations=1 (full 0):
 garbage-first heap   total 65536K, used 4938K [0x00000000c0000000, 0x0000000100000000)
  region size 1024K, 1 young (1024K), 1 survivors (1024K)
 Metaspace       used 771K, committed 896K, reserved 1056768K
  class space    used 46K, committed 128K, reserved 1048576K
}
Event: 0.529 GC heap before
{Heap before GC invocations=1 (full 0):
 garbage-first heap   total 65536K, used 8010K [0x00000000c0000000, 0x0000000100000000)
  region size 1024K, 4 young (4096K), 1 survivors (1024K)
 Metaspace       used 1944K, committed 2112K, reserved 1056768K
  class space    used 171K, committed 256K, reserved 1048576K
}
Event: 0.534 GC heap after
{Heap after GC invocations=2 (full 0):
 garbage-first heap   total 65536K, used 6133K [0x00000000c0000000, 0x0000000100000000)
  region size 1024K, 1 young (1024K), 1 survivors (1024K)
 Metaspace       used 1944K, committed 2112K, reserved 1056768K
  class space    used 171K, committed 256K, reserved 1048576K
}
Event: 0.962 GC heap before
{Heap before GC invocations=2 (full 0):
 garbage-first heap   total 65536K, used 13301K [0x00000000c0000000, 0x0000000100000000)
  region size 1024K, 8 young (8192K), 1 survivors (1024K)
 Metaspace       used 4183K, committed 4352K, reserved 1056768K
  class space    used 446K, committed 576K, reserved 1048576K
}
Event: 0.969 GC heap after
{Heap after GC invocations=3 (full 0):
 garbage-first heap   total 65536K, used 6726K [0x00000000c0000000, 0x0000000100000000)
  region size 1024K, 1 young (1024K), 1 survivors (1024K)
 Metaspace       used 4183K, committed 4352K, reserved 1056768K
  class space    used 446K, committed 576K, reserved 1048576K
}
Event: 3.102 GC heap before
{Heap before GC invocations=3 (full 0):
 garbage-first heap   total 65536K, used 39494K [0x00000000c0000000, 0x0000000100000000)
  region size 1024K, 34 young (34816K), 1 survivors (1024K)
 Metaspace       used 12149K, committed 12416K, reserved 1064960K
  class space    used 1619K, committed 1728K, reserved 1048576K
}
Event: 3.111 GC heap after
{Heap after GC invocations=4 (full 0):
 garbage-first heap   total 65536K, used 8971K [0x00000000c0000000, 0x0000000100000000)
  region size 1024K, 3 young (3072K), 3 survivors (3072K)
 Metaspace       used 12149K, committed 12416K, reserved 1064960K
  class space    used 1619K, committed 1728K, reserved 1048576K
}
Event: 5.435 GC heap before
{Heap before GC invocations=4 (full 0):
 garbage-first heap   total 65536K, used 42763K [0x00000000c0000000, 0x0000000100000000)
  region size 1024K, 37 young (37888K), 3 survivors (3072K)
 Metaspace       used 18890K, committed 19072K, reserved 1073152K
  class space    used 2393K, committed 2496K, reserved 1048576K
}
Event: 5.447 GC heap after
{Heap after GC invocations=5 (full 0):
 garbage-first heap   total 65536K, used 11154K [0x00000000c0000000, 0x0000000100000000)
  region size 1024K, 5 young (5120K), 5 survivors (5120K)
 Metaspace       used 18890K, committed 19072K, reserved 1073152K
  class space    used 2393K, committed 2496K, reserved 1048576K
}
Event: 6.559 GC heap before
{Heap before GC invocations=5 (full 0):
 garbage-first heap   total 65536K, used 31634K [0x00000000c0000000, 0x0000000100000000)
  region size 1024K, 26 young (26624K), 5 survivors (5120K)
 Metaspace       used 21317K, committed 21504K, reserved 1073152K
  class space    used 2712K, committed 2816K, reserved 1048576K
}
Event: 6.571 GC heap after
{Heap after GC invocations=6 (full 0):
 garbage-first heap   total 65536K, used 12301K [0x00000000c0000000, 0x0000000100000000)
  region size 1024K, 4 young (4096K), 4 survivors (4096K)
 Metaspace       used 21317K, committed 21504K, reserved 1073152K
  class space    used 2712K, committed 2816K, reserved 1048576K
}
Event: 8.249 GC heap before
{Heap before GC invocations=7 (full 0):
 garbage-first heap   total 45056K, used 34829K [0x00000000c0000000, 0x0000000100000000)
  region size 1024K, 26 young (26624K), 4 survivors (4096K)
 Metaspace       used 24979K, committed 25280K, reserved 1073152K
  class space    used 3241K, committed 3392K, reserved 1048576K
}
Event: 8.264 GC heap after
{Heap after GC invocations=8 (full 0):
 garbage-first heap   total 45056K, used 14182K [0x00000000c0000000, 0x0000000100000000)
  region size 1024K, 4 young (4096K), 4 survivors (4096K)
 Metaspace       used 24979K, committed 25280K, reserved 1073152K
  class space    used 3241K, committed 3392K, reserved 1048576K
}
Event: 8.324 GC heap before
{Heap before GC invocations=8 (full 0):
 garbage-first heap   total 45056K, used 15206K [0x00000000c0000000, 0x0000000100000000)
  region size 1024K, 5 young (5120K), 4 survivors (4096K)
 Metaspace       used 25072K, committed 25344K, reserved 1073152K
  class space    used 3257K, committed 3392K, reserved 1048576K
}
Event: 8.335 GC heap after
{Heap after GC invocations=9 (full 0):
 garbage-first heap   total 45056K, used 14579K [0x00000000c0000000, 0x0000000100000000)
  region size 1024K, 1 young (1024K), 1 survivors (1024K)
 Metaspace       used 25072K, committed 25344K, reserved 1073152K
  class space    used 3257K, committed 3392K, reserved 1048576K
}
Event: 10.219 GC heap before
{Heap before GC invocations=9 (full 0):
 garbage-first heap   total 45056K, used 31987K [0x00000000c0000000, 0x0000000100000000)
  region size 1024K, 19 young (19456K), 1 survivors (1024K)
 Metaspace       used 28961K, committed 29312K, reserved 1081344K
  class space    used 3770K, committed 3968K, reserved 1048576K
}
Event: 10.228 GC heap after
{Heap after GC invocations=10 (full 0):
 garbage-first heap   total 70656K, used 16330K [0x00000000c0000000, 0x0000000100000000)
  region size 1024K, 3 young (3072K), 3 survivors (3072K)
 Metaspace       used 28961K, committed 29312K, reserved 1081344K
  class space    used 3770K, committed 3968K, reserved 1048576K
}

Deoptimization events (20 events):
Event: 11.072 Thread 0x0000023d46c1f510 Uncommon trap: trap_request=0xffffff45 fr.pc=0x0000023d3a422ae4 relative=0x0000000000000244
Event: 11.072 Thread 0x0000023d46c1f510 Uncommon trap: reason=unstable_if action=reinterpret pc=0x0000023d3a422ae4 method=java.util.HashMap.getNode(Ljava/lang/Object;)Ljava/util/HashMap$Node; @ 85 c2
Event: 11.072 Thread 0x0000023d46c1f510 DEOPT PACKING pc=0x0000023d3a422ae4 sp=0x000000f5f72f9560
Event: 11.072 Thread 0x0000023d46c1f510 DEOPT UNPACKING pc=0x0000023d39d4239d sp=0x000000f5f72f9460 mode 2
Event: 11.072 Thread 0x0000023d46c1f510 Uncommon trap: trap_request=0xffffff45 fr.pc=0x0000023d3a422454 relative=0x0000000000000234
Event: 11.072 Thread 0x0000023d46c1f510 Uncommon trap: reason=unstable_if action=reinterpret pc=0x0000023d3a422454 method=java.util.HashMap.getNode(Ljava/lang/Object;)Ljava/util/HashMap$Node; @ 85 c2
Event: 11.072 Thread 0x0000023d46c1f510 DEOPT PACKING pc=0x0000023d3a422454 sp=0x000000f5f72f94d0
Event: 11.072 Thread 0x0000023d46c1f510 DEOPT UNPACKING pc=0x0000023d39d4239d sp=0x000000f5f72f9450 mode 2
Event: 11.275 Thread 0x0000023d4991a010 Uncommon trap: trap_request=0xffffff45 fr.pc=0x0000023d3a34cbb4 relative=0x0000000000002d54
Event: 11.275 Thread 0x0000023d4991a010 Uncommon trap: reason=unstable_if action=reinterpret pc=0x0000023d3a34cbb4 method=java.net.URLStreamHandler.parseURL(Ljava/net/URL;Ljava/lang/String;II)V @ 57 c2
Event: 11.275 Thread 0x0000023d4991a010 DEOPT PACKING pc=0x0000023d3a34cbb4 sp=0x000000f5f73fe940
Event: 11.275 Thread 0x0000023d4991a010 DEOPT UNPACKING pc=0x0000023d39d4239d sp=0x000000f5f73fe8f0 mode 2
Event: 11.317 Thread 0x0000023d46c1f510 Uncommon trap: trap_request=0xffffff45 fr.pc=0x0000023d3a386e3c relative=0x000000000000095c
Event: 11.317 Thread 0x0000023d46c1f510 Uncommon trap: reason=unstable_if action=reinterpret pc=0x0000023d3a386e3c method=java.util.HashMap.resize()[Ljava/util/HashMap$Node; @ 203 c2
Event: 11.317 Thread 0x0000023d46c1f510 DEOPT PACKING pc=0x0000023d3a386e3c sp=0x000000f5f72f7ab0
Event: 11.317 Thread 0x0000023d46c1f510 DEOPT UNPACKING pc=0x0000023d39d4239d sp=0x000000f5f72f7a50 mode 2
Event: 11.488 Thread 0x0000023d46c1f510 Uncommon trap: trap_request=0xfffffff4 fr.pc=0x0000023d3a3bf98c relative=0x000000000000064c
Event: 11.488 Thread 0x0000023d46c1f510 Uncommon trap: reason=null_check action=make_not_entrant pc=0x0000023d3a3bf98c method=org.springframework.beans.factory.support.DefaultListableBeanFactory.getBeanDefinition(Ljava/lang/String;)Lorg/springframework/beans/factory/config/BeanDefinition; @ 10 
Event: 11.488 Thread 0x0000023d46c1f510 DEOPT PACKING pc=0x0000023d3a3bf98c sp=0x000000f5f72f8680
Event: 11.488 Thread 0x0000023d46c1f510 DEOPT UNPACKING pc=0x0000023d39d4239d sp=0x000000f5f72f85b8 mode 2

Classes unloaded (0 events):
No events

Classes redefined (0 events):
No events

Internal exceptions (20 events):
Event: 10.973 Thread 0x0000023d46c1f510 Exception <a 'java/lang/ClassNotFoundException'{0x00000000c3a4b088}: org/springframework/data/repository/core/support/RepositoryFactoryBeanSupportCustomizer> (0x00000000c3a4b088) 
thrown [s\open\src\hotspot\share\classfile\systemDictionary.cpp, line 256]
Event: 10.981 Thread 0x0000023d46c1f510 Exception <a 'java/lang/ClassNotFoundException'{0x00000000c3a77398}: org/springframework/data/repository/core/support/TransactionalRepositoryFactoryBeanSupportCustomizer> (0x00000000c3a77398) 
thrown [s\open\src\hotspot\share\classfile\systemDictionary.cpp, line 256]
Event: 10.987 Thread 0x0000023d46c1f510 Exception <a 'java/lang/ClassNotFoundException'{0x00000000c3a8acc0}: org/springframework/data/jpa/repository/support/JpaRepositoryFactoryBeanCustomizer> (0x00000000c3a8acc0) 
thrown [s\open\src\hotspot\share\classfile\systemDictionary.cpp, line 256]
Event: 10.995 Thread 0x0000023d46c1f510 Exception <a 'java/lang/ClassNotFoundException'{0x00000000c3ac1430}: org/springframework/beans/factory/BeanFactoryAwareCustomizer> (0x00000000c3ac1430) 
thrown [s\open\src\hotspot\share\classfile\systemDictionary.cpp, line 256]
Event: 10.998 Thread 0x0000023d46c1f510 Exception <a 'java/lang/ClassNotFoundException'{0x00000000c3acb490}: org/springframework/beans/factory/AwareCustomizer> (0x00000000c3acb490) 
thrown [s\open\src\hotspot\share\classfile\systemDictionary.cpp, line 256]
Event: 11.000 Thread 0x0000023d46c1f510 Exception <a 'java/lang/ClassNotFoundException'{0x00000000c3ad4608}: org/springframework/beans/factory/InitializingBeanCustomizer> (0x00000000c3ad4608) 
thrown [s\open\src\hotspot\share\classfile\systemDictionary.cpp, line 256]
Event: 11.001 Thread 0x0000023d46c1f510 Exception <a 'java/lang/ClassNotFoundException'{0x00000000c3ade970}: org/springframework/data/repository/core/support/RepositoryFactoryInformationCustomizer> (0x00000000c3ade970) 
thrown [s\open\src\hotspot\share\classfile\systemDictionary.cpp, line 256]
Event: 11.005 Thread 0x0000023d46c1f510 Exception <a 'java/lang/ClassNotFoundException'{0x00000000c3aeddc0}: org/springframework/beans/factory/FactoryBeanCustomizer> (0x00000000c3aeddc0) 
thrown [s\open\src\hotspot\share\classfile\systemDictionary.cpp, line 256]
Event: 11.007 Thread 0x0000023d46c1f510 Exception <a 'java/lang/ClassNotFoundException'{0x00000000c3afaf98}: org/springframework/beans/factory/BeanClassLoaderAwareCustomizer> (0x00000000c3afaf98) 
thrown [s\open\src\hotspot\share\classfile\systemDictionary.cpp, line 256]
Event: 11.008 Thread 0x0000023d46c1f510 Exception <a 'java/lang/ClassNotFoundException'{0x00000000c3904e10}: org/springframework/beans/factory/AwareCustomizer> (0x00000000c3904e10) 
thrown [s\open\src\hotspot\share\classfile\systemDictionary.cpp, line 256]
Event: 11.010 Thread 0x0000023d46c1f510 Exception <a 'java/lang/ClassNotFoundException'{0x00000000c390df00}: org/springframework/beans/factory/BeanFactoryAwareCustomizer> (0x00000000c390df00) 
thrown [s\open\src\hotspot\share\classfile\systemDictionary.cpp, line 256]
Event: 11.011 Thread 0x0000023d46c1f510 Exception <a 'java/lang/ClassNotFoundException'{0x00000000c3917f40}: org/springframework/beans/factory/AwareCustomizer> (0x00000000c3917f40) 
thrown [s\open\src\hotspot\share\classfile\systemDictionary.cpp, line 256]
Event: 11.012 Thread 0x0000023d46c1f510 Exception <a 'java/lang/ClassNotFoundException'{0x00000000c39212f8}: org/springframework/context/ApplicationEventPublisherAwareCustomizer> (0x00000000c39212f8) 
thrown [s\open\src\hotspot\share\classfile\systemDictionary.cpp, line 256]
Event: 11.014 Thread 0x0000023d46c1f510 Exception <a 'java/lang/ClassNotFoundException'{0x00000000c392b420}: org/springframework/beans/factory/AwareCustomizer> (0x00000000c392b420) 
thrown [s\open\src\hotspot\share\classfile\systemDictionary.cpp, line 256]
Event: 11.035 Thread 0x0000023d46c1f510 Exception <a 'java/lang/ClassNotFoundException'{0x00000000c395a820}: java/lang/ObjectCustomizer> (0x00000000c395a820) 
thrown [s\open\src\hotspot\share\classfile\systemDictionary.cpp, line 256]
Event: 11.036 Thread 0x0000023d46c1f510 Exception <a 'java/lang/ClassNotFoundException'{0x00000000c39670c8}: org/springframework/core/io/support/PropertiesLoaderSupportCustomizer> (0x00000000c39670c8) 
thrown [s\open\src\hotspot\share\classfile\systemDictionary.cpp, line 256]
Event: 11.039 Thread 0x0000023d46c1f510 Exception <a 'java/lang/ClassNotFoundException'{0x00000000c3979350}: org/springframework/beans/factory/config/PropertiesFactoryBeanCustomizer> (0x00000000c3979350) 
thrown [s\open\src\hotspot\share\classfile\systemDictionary.cpp, line 256]
Event: 11.045 Thread 0x0000023d46c1f510 Exception <a 'java/lang/ClassNotFoundException'{0x00000000c3992d88}: org/springframework/beans/factory/FactoryBeanCustomizer> (0x00000000c3992d88) 
thrown [s\open\src\hotspot\share\classfile\systemDictionary.cpp, line 256]
Event: 11.049 Thread 0x0000023d46c1f510 Exception <a 'java/lang/ClassNotFoundException'{0x00000000c399e858}: org/springframework/beans/factory/InitializingBeanCustomizer> (0x00000000c399e858) 
thrown [s\open\src\hotspot\share\classfile\systemDictionary.cpp, line 256]
Event: 11.488 Thread 0x0000023d46c1f510 Implicit null exception at 0x0000023d3a3bf7a7 to 0x0000023d3a3bf980

VM Operations (20 events):
Event: 8.899 Executing VM operation: ICBufferFull
Event: 8.899 Executing VM operation: ICBufferFull done
Event: 9.019 Executing VM operation: HandshakeAllThreads
Event: 9.019 Executing VM operation: HandshakeAllThreads done
Event: 9.232 Executing VM operation: HandshakeAllThreads
Event: 9.232 Executing VM operation: HandshakeAllThreads done
Event: 10.037 Executing VM operation: HandshakeAllThreads
Event: 10.037 Executing VM operation: HandshakeAllThreads done
Event: 10.037 Executing VM operation: Cleanup
Event: 10.037 Executing VM operation: Cleanup done
Event: 10.105 Executing VM operation: HandshakeAllThreads
Event: 10.105 Executing VM operation: HandshakeAllThreads done
Event: 10.218 Executing VM operation: G1CollectForAllocation
Event: 10.235 Executing VM operation: G1CollectForAllocation done
Event: 10.471 Executing VM operation: HandshakeAllThreads
Event: 10.471 Executing VM operation: HandshakeAllThreads done
Event: 11.073 Executing VM operation: ICBufferFull
Event: 11.073 Executing VM operation: ICBufferFull done
Event: 11.230 Executing VM operation: HandshakeAllThreads
Event: 11.230 Executing VM operation: HandshakeAllThreads done

Events (20 events):
Event: 11.065 loading class java/util/InvalidPropertiesFormatException done
Event: 11.065 loading class java/io/StreamCorruptedException
Event: 11.065 loading class java/io/StreamCorruptedException done
Event: 11.073 loading class java/lang/SafeVarargs
Event: 11.073 loading class java/lang/SafeVarargs done
Event: 11.223 loading class java/util/concurrent/Executors
Event: 11.223 loading class java/util/concurrent/Executors done
Event: 11.223 loading class java/util/concurrent/Executors$FinalizableDelegatedExecutorService
Event: 11.228 loading class java/util/concurrent/Executors$DelegatedExecutorService
Event: 11.229 loading class java/util/concurrent/Executors$DelegatedExecutorService done
Event: 11.229 loading class java/util/concurrent/Executors$FinalizableDelegatedExecutorService done
Event: 11.230 loading class java/util/concurrent/ThreadPoolExecutor$Worker
Event: 11.230 loading class java/util/concurrent/ThreadPoolExecutor$Worker done
Event: 11.230 loading class java/lang/Thread$State
Event: 11.230 loading class java/lang/Thread$State done
Event: 11.231 Thread 0x0000023d4991a010 Thread added: 0x0000023d4991a010
Event: 11.396 loading class javax/naming/Referenceable
Event: 11.406 loading class javax/naming/Referenceable done
Event: 11.501 loading class java/lang/instrument/ClassFileTransformer
Event: 11.501 loading class java/lang/instrument/ClassFileTransformer done


Dynamic libraries:
0x00007ff732af0000 - 0x00007ff732b00000 	C:\Program Files\Java\jdk-17\bin\java.exe
0x00007ff855230000 - 0x00007ff855428000 	C:\Windows\SYSTEM32\ntdll.dll
0x00007ff854fd0000 - 0x00007ff85508f000 	C:\Windows\System32\KERNEL32.DLL
0x00007ff852ac0000 - 0x00007ff852db6000 	C:\Windows\System32\KERNELBASE.dll
0x00007ff8529c0000 - 0x00007ff852ac0000 	C:\Windows\System32\ucrtbase.dll
0x00007ff83f970000 - 0x00007ff83f98b000 	C:\Program Files\Java\jdk-17\bin\VCRUNTIME140.dll
0x00007ff83f9b0000 - 0x00007ff83f9c9000 	C:\Program Files\Java\jdk-17\bin\jli.dll
0x00007ff854cd0000 - 0x00007ff854d7f000 	C:\Windows\System32\ADVAPI32.dll
0x00007ff855090000 - 0x00007ff85512e000 	C:\Windows\System32\msvcrt.dll
0x00007ff854bc0000 - 0x00007ff854c5c000 	C:\Windows\System32\sechost.dll
0x00007ff8547d0000 - 0x00007ff8548f6000 	C:\Windows\System32\RPCRT4.dll
0x00007ff854430000 - 0x00007ff8545cd000 	C:\Windows\System32\USER32.dll
0x00007ff852910000 - 0x00007ff852932000 	C:\Windows\System32\win32u.dll
0x00007ff855130000 - 0x00007ff85515c000 	C:\Windows\System32\GDI32.dll
0x00007ff853170000 - 0x00007ff853285000 	C:\Windows\System32\gdi32full.dll
0x00007ff852fb0000 - 0x00007ff85304d000 	C:\Windows\System32\msvcp_win.dll
0x00007ff840ae0000 - 0x00007ff840d7a000 	C:\Windows\WinSxS\amd64_microsoft.windows.common-controls_6595b64144ccf1df_6.0.19041.1110_none_60b5254171f9507e\COMCTL32.dll
0x00007ff84be40000 - 0x00007ff84be4a000 	C:\Windows\SYSTEM32\VERSION.dll
0x00007ff8551c0000 - 0x00007ff8551f0000 	C:\Windows\System32\IMM32.DLL
0x00007ff83f960000 - 0x00007ff83f96c000 	C:\Program Files\Java\jdk-17\bin\vcruntime140_1.dll
0x00007ff83a6a0000 - 0x00007ff83a72e000 	C:\Program Files\Java\jdk-17\bin\msvcp140.dll
0x00007ff829350000 - 0x00007ff829f2d000 	C:\Program Files\Java\jdk-17\bin\server\jvm.dll
0x00007ff8549d0000 - 0x00007ff8549d8000 	C:\Windows\System32\PSAPI.DLL
0x00007ff844820000 - 0x00007ff844829000 	C:\Windows\SYSTEM32\WSOCK32.dll
0x00007ff84bae0000 - 0x00007ff84bb07000 	C:\Windows\SYSTEM32\WINMM.dll
0x00007ff854c60000 - 0x00007ff854ccb000 	C:\Windows\System32\WS2_32.dll
0x00007ff8507f0000 - 0x00007ff850802000 	C:\Windows\SYSTEM32\kernel.appcore.dll
0x00007ff83f8c0000 - 0x00007ff83f8ca000 	C:\Program Files\Java\jdk-17\bin\jimage.dll
0x00007ff83f2a0000 - 0x00007ff83f484000 	C:\Windows\SYSTEM32\DBGHELP.DLL
0x00007ff83f230000 - 0x00007ff83f264000 	C:\Windows\SYSTEM32\dbgcore.DLL
0x00007ff852dc0000 - 0x00007ff852e42000 	C:\Windows\System32\bcryptPrimitives.dll
0x00007ff83f8d0000 - 0x00007ff83f8f5000 	C:\Program Files\Java\jdk-17\bin\java.dll
0x00007ff83f7e0000 - 0x00007ff83f8b7000 	C:\Program Files\Java\jdk-17\bin\jsvml.dll
0x00007ff8537f0000 - 0x00007ff853f34000 	C:\Windows\System32\SHELL32.dll
0x00007ff8509f0000 - 0x00007ff851183000 	C:\Windows\SYSTEM32\windows.storage.dll
0x00007ff8533b0000 - 0x00007ff853704000 	C:\Windows\System32\combase.dll
0x00007ff852300000 - 0x00007ff85232e000 	C:\Windows\SYSTEM32\Wldp.dll
0x00007ff8549e0000 - 0x00007ff854a8d000 	C:\Windows\System32\SHCORE.dll
0x00007ff8545e0000 - 0x00007ff854635000 	C:\Windows\System32\shlwapi.dll
0x00007ff852850000 - 0x00007ff85286f000 	C:\Windows\SYSTEM32\profapi.dll
0x00007ff83f7c0000 - 0x00007ff83f7d9000 	C:\Program Files\Java\jdk-17\bin\net.dll
0x00007ff84b540000 - 0x00007ff84b64a000 	C:\Windows\SYSTEM32\WINHTTP.dll
0x00007ff852050000 - 0x00007ff8520ba000 	C:\Windows\system32\mswsock.dll
0x00007ff83f7a0000 - 0x00007ff83f7b6000 	C:\Program Files\Java\jdk-17\bin\nio.dll
0x00007ff83f780000 - 0x00007ff83f798000 	C:\Program Files\Java\jdk-17\bin\zip.dll
0x00007ff83f770000 - 0x00007ff83f780000 	C:\Program Files\Java\jdk-17\bin\verify.dll
0x00007ff83f020000 - 0x00007ff83f02a000 	C:\Program Files\Java\jdk-17\bin\management.dll
0x00007ff83e820000 - 0x00007ff83e82b000 	C:\Program Files\Java\jdk-17\bin\management_ext.dll
0x00007ff83d810000 - 0x00007ff83d827000 	C:\Windows\system32\napinsp.dll
0x00007ff83d7f0000 - 0x00007ff83d80b000 	C:\Windows\system32\pnrpnsp.dll
0x00007ff83d7d0000 - 0x00007ff83d7e5000 	C:\Windows\system32\wshbth.dll
0x00007ff84e2b0000 - 0x00007ff84e2cd000 	C:\Windows\system32\NLAapi.dll
0x00007ff851ce0000 - 0x00007ff851d1c000 	C:\Windows\SYSTEM32\IPHLPAPI.DLL
0x00007ff851d30000 - 0x00007ff851dfb000 	C:\Windows\SYSTEM32\DNSAPI.dll
0x00007ff8545d0000 - 0x00007ff8545d8000 	C:\Windows\System32\NSI.dll
0x00007ff83d7b0000 - 0x00007ff83d7c2000 	C:\Windows\System32\winrnr.dll
0x000000006ac20000 - 0x000000006ac46000 	C:\Program Files\Bonjour\mdnsNSP.dll
0x00007ff84ab30000 - 0x00007ff84ab3a000 	C:\Windows\System32\rasadhlp.dll
0x00007ff849660000 - 0x00007ff8496e2000 	C:\Windows\System32\fwpuclnt.dll
0x00007ff852940000 - 0x00007ff852967000 	C:\Windows\System32\bcrypt.dll
0x00007ff852250000 - 0x00007ff852268000 	C:\Windows\SYSTEM32\CRYPTSP.dll
0x00007ff851910000 - 0x00007ff851944000 	C:\Windows\system32\rsaenh.dll
0x00007ff852810000 - 0x00007ff85283e000 	C:\Windows\SYSTEM32\USERENV.dll
0x00007ff852270000 - 0x00007ff85227c000 	C:\Windows\SYSTEM32\CRYPTBASE.dll
0x00007ff84bac0000 - 0x00007ff84bad7000 	C:\Windows\SYSTEM32\dhcpcsvc6.DLL
0x00007ff84baa0000 - 0x00007ff84babd000 	C:\Windows\SYSTEM32\dhcpcsvc.DLL
0x00007ff83f290000 - 0x00007ff83f29d000 	C:\Program Files\Java\jdk-17\bin\sunmscapi.dll
0x00007ff852e50000 - 0x00007ff852fae000 	C:\Windows\System32\CRYPT32.dll
0x00007ff852370000 - 0x00007ff852398000 	C:\Windows\SYSTEM32\ncrypt.dll
0x00007ff852330000 - 0x00007ff85236b000 	C:\Windows\SYSTEM32\NTASN1.dll

dbghelp: loaded successfully - version: 4.0.5 - missing functions: none
symbol engine: initialized successfully - sym options: 0x614 - pdb path: .;C:\Program Files\Java\jdk-17\bin;C:\Windows\SYSTEM32;C:\Windows\WinSxS\amd64_microsoft.windows.common-controls_6595b64144ccf1df_6.0.19041.1110_none_60b5254171f9507e;C:\Program Files\Java\jdk-17\bin\server;C:\Program Files\Bonjour

VM Arguments:
java_command: com.portfolio.fml.FmlApplication
java_class_path (initial): E:\Proyecto_Final\Proyecto_Final_FilomenoLautaro\Proyecto_FilomenoLautaro\Backend\target\classes;C:\Users\Lucario\.m2\repository\org\springframework\boot\spring-boot-starter-data-jpa\2.7.11\spring-boot-starter-data-jpa-2.7.11.jar;C:\Users\Lucario\.m2\repository\org\springframework\boot\spring-boot-starter-aop\2.7.11\spring-boot-starter-aop-2.7.11.jar;C:\Users\Lucario\.m2\repository\org\aspectj\aspectjweaver\1.9.7\aspectjweaver-1.9.7.jar;C:\Users\Lucario\.m2\repository\org\springframework\boot\spring-boot-starter-jdbc\2.7.11\spring-boot-starter-jdbc-2.7.11.jar;C:\Users\Lucario\.m2\repository\com\zaxxer\HikariCP\4.0.3\HikariCP-4.0.3.jar;C:\Users\Lucario\.m2\repository\org\springframework\spring-jdbc\5.3.27\spring-jdbc-5.3.27.jar;C:\Users\Lucario\.m2\repository\jakarta\transaction\jakarta.transaction-api\1.3.3\jakarta.transaction-api-1.3.3.jar;C:\Users\Lucario\.m2\repository\jakarta\persistence\jakarta.persistence-api\2.2.3\jakarta.persistence-api-2.2.3.jar;C:\Users\Lucario\.m2\repository\org\hibernate\hibernate-core\5.6.15.Final\hibernate-core-5.6.15.Final.jar;C:\Users\Lucario\.m2\repository\org\jboss\logging\jboss-logging\3.4.3.Final\jboss-logging-3.4.3.Final.jar;C:\Users\Lucario\.m2\repository\net\bytebuddy\byte-buddy\1.12.23\byte-buddy-1.12.23.jar;C:\Users\Lucario\.m2\repository\antlr\antlr\2.7.7\antlr-2.7.7.jar;C:\Users\Lucario\.m2\repository\org\jboss\jandex\2.4.2.Final\jandex-2.4.2.Final.jar;C:\Users\Lucario\.m2\repository\com\fasterxml\classmate\1.5.1\classmate-1.5.1.jar;C:\Users\Lucario\.m2\repository\org\hibernate\common\hibernate-commons-annotations\5.1.2.Final\hibernate-commons-annotations-5.1.2.Final.jar;C:\Users\Lucario\.m2\repository\org\glassfish\jaxb\jaxb-runtime\2.3.8\jaxb-runtime-2.3.8.jar;C:\Users\Lucario\.m2\repository\org\glassfish\jaxb\txw2\2.3.8\txw2-2.3.8.jar;C:\Users\Lucario\.m2\repository\com\sun\istack\istack-commons-runtime\3.0.12\istack-commons-runtime-3.0.12.jar;C:\Users\Lucario\.m2\repository\com\sun\activati
Launcher Type: SUN_STANDARD

[Global flags]
     intx CICompilerCount                          = 2                                         {product} {ergonomic}
     uint ConcGCThreads                            = 1                                         {product} {ergonomic}
     uint G1ConcRefinementThreads                  = 2                                         {product} {ergonomic}
   size_t G1HeapRegionSize                         = 1048576                                   {product} {ergonomic}
    uintx GCDrainStackTargetSize                   = 64                                        {product} {ergonomic}
   size_t InitialHeapSize                          = 67108864                                  {product} {ergonomic}
   size_t MarkStackSize                            = 4194304                                   {product} {ergonomic}
   size_t MaxHeapSize                              = 1073741824                                {product} {ergonomic}
   size_t MaxNewSize                               = 643825664                                 {product} {ergonomic}
   size_t MinHeapDeltaBytes                        = 1048576                                   {product} {ergonomic}
   size_t MinHeapSize                              = 8388608                                   {product} {ergonomic}
    uintx NonNMethodCodeHeapSize                   = 5826188                                {pd product} {ergonomic}
    uintx NonProfiledCodeHeapSize                  = 122916026                              {pd product} {ergonomic}
    uintx ProfiledCodeHeapSize                     = 122916026                              {pd product} {ergonomic}
    uintx ReservedCodeCacheSize                    = 251658240                              {pd product} {ergonomic}
     bool SegmentedCodeCache                       = true                                      {product} {ergonomic}
   size_t SoftMaxHeapSize                          = 1073741824                             {manageable} {ergonomic}
     bool UseCompressedClassPointers               = true                           {product lp64_product} {ergonomic}
     bool UseCompressedOops                        = true                           {product lp64_product} {ergonomic}
     bool UseG1GC                                  = true                                      {product} {ergonomic}
     bool UseLargePagesIndividualAllocation        = false                                  {pd product} {ergonomic}

Logging:
Log output configuration:
 #0: stdout all=warning uptime,level,tags
 #1: stderr all=off uptime,level,tags

Environment Variables:
JAVA_HOME=C:\Program Files\Java\jdk-17
PATH=C:\Program Files\Common Files\Oracle\Java\javapath;C:\Program Files (x86)\Common Files\Oracle\Java\javapath;C:\Program Files\Eclipse Adoptium\jdk-8.0.372.7-hotspot\bin;C:\Windows\system32;C:\Windows;C:\Windows\System32\Wbem;C:\Windows\System32\WindowsPowerShell\v1.0\;C:\Windows\System32\OpenSSH\;E:\Programacion\Git\cmd;C:\ProgramData\chocolatey\bin;E:\Programacion\;C:\Program Files\MySQL\MySQL Shell 8.0\bin\;C:\Users\Lucario\AppData\Local\Microsoft\WindowsApps;E:\Programacion\Microsoft VS Code\bin;E:\Cosas-Programas\apache-maven-3.9.1\bin;C:\Program Files\MySQL\MySQL Server 8.0\bin;C:\Users\Lucario\AppData\Local\GitHubDesktop\bin;E:\platform-tools;C:\Users\Lucario\AppData\Roaming\npm
USERNAME=Lucario
OS=Windows_NT
PROCESSOR_IDENTIFIER=AMD64 Family 16 Model 6 Stepping 3, AuthenticAMD



---------------  S Y S T E M  ---------------

OS:
 Windows 10 , 64 bit Build 19041 (10.0.19041.2913)
OS uptime: 0 days 2:11 hours

CPU: total 2 (initial active 2) (2 cores per cpu, 1 threads per core) family 16 model 6 stepping 3 microcode 0x0, cx8, cmov, fxsr, mmx, 3dnowpref, sse, sse2, sse3, sse4a, popcnt, lzcnt, tsc, tscinvbit, clflush

Memory: 4k page, system-wide physical 4095M (380M free)
TotalPageFile size 6143M (AvailPageFile size 4M)
current process WorkingSet (physical memory assigned to process): 184M, peak: 184M
current process commit charge ("private bytes"): 219M, peak: 220M

vm_info: Java HotSpot(TM) 64-Bit Server VM (17.0.7+8-LTS-224) for windows-amd64 JRE (17.0.7+8-LTS-224), built on Feb 28 2023 23:03:02 by "mach5one" with MS VC++ 17.1 (VS2022)

END.
