#
# There is insufficient memory for the Java Runtime Environment to continue.
# Native memory allocation (mmap) failed to map 65536 bytes for Failed to commit metaspace.
# Possible reasons:
#   The system is out of physical RAM or swap space
#   The process is running with CompressedOops enabled, and the Java Heap may be blocking the growth of the native heap
# Possible solutions:
#   Reduce memory load on the system
#   Increase physical memory or swap space
#   Check if swap backing store is full
#   Decrease Java heap size (-Xmx/-Xms)
#   Decrease number of Java threads
#   Decrease Java thread stack sizes (-Xss)
#   Set larger code cache with -XX:ReservedCodeCacheSize=
#   JVM is running with Unscaled Compressed Oops mode in which the Java heap is
#     placed in the first 4GB address space. The Java Heap base address is the
#     maximum limit for the native heap growth. Please use -XX:HeapBaseMinAddress
#     to set the Java Heap base and to place the Java Heap above 4GB virtual address.
# This output file may be truncated or incomplete.
#
#  Out of Memory Error (virtualSpaceNode.cpp:110), pid=8128, tid=10144
#
# JRE version: Java(TM) SE Runtime Environment (17.0.7+8) (build 17.0.7+8-LTS-224)
# Java VM: Java HotSpot(TM) 64-Bit Server VM (17.0.7+8-LTS-224, mixed mode, sharing, tiered, compressed oops, compressed class ptrs, g1 gc, windows-amd64)
# No core dump will be written. Minidumps are not enabled by default on client versions of Windows
#

---------------  S U M M A R Y ------------

Command Line: -Dmaven.multiModuleProjectDirectory=E:\Proyecto_Final\Backend org.apache.maven.wrapper.MavenWrapperMain -Dmaven.ext.class.path=C:\Program Files\NetBeans-14\netbeans\java\maven-nblib\netbeans-eventspy.jar -Dfile.encoding=UTF-8 clean install

Host: AMD Athlon(tm) II X2 260 Processor, 2 cores, 3G,  Windows 10 , 64 bit Build 19041 (10.0.19041.2913)
Time: Mon May 15 16:13:21 2023 Hora estándar de Argentina elapsed time: 1.272597 seconds (0d 0h 0m 1s)

---------------  T H R E A D  ---------------

Current thread (0x0000019f5313ee20):  JavaThread "main" [_thread_in_vm, id=10144, stack(0x0000001571b00000,0x0000001571c00000)]

Stack: [0x0000001571b00000,0x0000001571c00000]
Native frames: (J=compiled Java code, j=interpreted, Vv=VM code, C=native code)
V  [jvm.dll+0x676a4a]
V  [jvm.dll+0x7d74f4]
V  [jvm.dll+0x7d8c9e]
V  [jvm.dll+0x7d9303]
V  [jvm.dll+0x2452c5]
V  [jvm.dll+0x7d35fb]
V  [jvm.dll+0x61ca36]
V  [jvm.dll+0x61ca9a]
V  [jvm.dll+0x61f2bd]
V  [jvm.dll+0x61d3f6]
V  [jvm.dll+0x242d9c]
V  [jvm.dll+0x6cd2bd]
V  [jvm.dll+0x6cdcbf]
V  [jvm.dll+0x36df95]
V  [jvm.dll+0x36d044]
V  [jvm.dll+0x36cfe8]
V  [jvm.dll+0x55efd5]
V  [jvm.dll+0x55def4]
V  [jvm.dll+0x380e01]
V  [jvm.dll+0x38045f]
C  0x0000019f61f19fff

Java frames: (J=compiled Java code, j=interpreted, Vv=VM code)
j  java.io.InputStreamReader.<init>(Ljava/io/InputStream;Ljava/lang/String;)V+23 java.base@17.0.7
j  org.codehaus.plexus.classworlds.launcher.ConfigurationParser.parse(Ljava/io/InputStream;)V+11
j  org.codehaus.plexus.classworlds.launcher.Configurator.configure(Ljava/io/InputStream;)V+60
j  org.codehaus.plexus.classworlds.launcher.Launcher.configure(Ljava/io/InputStream;)V+11
j  org.codehaus.plexus.classworlds.launcher.Launcher.mainWithExitCode([Ljava/lang/String;)I+92
j  org.codehaus.plexus.classworlds.launcher.Launcher.main([Ljava/lang/String;)V+1
v  ~StubRoutines::call_stub
j  jdk.internal.reflect.NativeMethodAccessorImpl.invoke0(Ljava/lang/reflect/Method;Ljava/lang/Object;[Ljava/lang/Object;)Ljava/lang/Object;+0 java.base@17.0.7
j  jdk.internal.reflect.NativeMethodAccessorImpl.invoke(Ljava/lang/Object;[Ljava/lang/Object;)Ljava/lang/Object;+133 java.base@17.0.7
j  jdk.internal.reflect.DelegatingMethodAccessorImpl.invoke(Ljava/lang/Object;[Ljava/lang/Object;)Ljava/lang/Object;+6 java.base@17.0.7
j  java.lang.reflect.Method.invoke(Ljava/lang/Object;[Ljava/lang/Object;)Ljava/lang/Object;+59 java.base@17.0.7
j  org.apache.maven.wrapper.BootstrapMainStarter.start([Ljava/lang/String;Ljava/nio/file/Path;)V+124
j  org.apache.maven.wrapper.WrapperExecutor.execute([Ljava/lang/String;Lorg/apache/maven/wrapper/Installer;Lorg/apache/maven/wrapper/BootstrapMainStarter;)V+14
j  org.apache.maven.wrapper.MavenWrapperMain.main([Ljava/lang/String;)V+104
v  ~StubRoutines::call_stub

---------------  P R O C E S S  ---------------

Threads class SMR info:
_java_thread_list=0x0000019f6ec0f490, length=12, elements={
0x0000019f5313ee20, 0x0000019f6df0e6c0, 0x0000019f6df0f530, 0x0000019f6df26df0,
0x0000019f6df289b0, 0x0000019f6df2b370, 0x0000019f6df2bd20, 0x0000019f6df2cab0,
0x0000019f6df2d550, 0x0000019f6dfab110, 0x0000019f6ec38040, 0x0000019f6ec40be0
}

Java Threads: ( => current thread )
=>0x0000019f5313ee20 JavaThread "main" [_thread_in_vm, id=10144, stack(0x0000001571b00000,0x0000001571c00000)]
  0x0000019f6df0e6c0 JavaThread "Reference Handler" daemon [_thread_blocked, id=8712, stack(0x0000001572200000,0x0000001572300000)]
  0x0000019f6df0f530 JavaThread "Finalizer" daemon [_thread_blocked, id=6892, stack(0x0000001572300000,0x0000001572400000)]
  0x0000019f6df26df0 JavaThread "Signal Dispatcher" daemon [_thread_blocked, id=9360, stack(0x0000001572400000,0x0000001572500000)]
  0x0000019f6df289b0 JavaThread "Attach Listener" daemon [_thread_blocked, id=9856, stack(0x0000001572500000,0x0000001572600000)]
  0x0000019f6df2b370 JavaThread "Service Thread" daemon [_thread_blocked, id=8080, stack(0x0000001572600000,0x0000001572700000)]
  0x0000019f6df2bd20 JavaThread "Monitor Deflation Thread" daemon [_thread_blocked, id=2092, stack(0x0000001572700000,0x0000001572800000)]
  0x0000019f6df2cab0 JavaThread "C2 CompilerThread0" daemon [_thread_blocked, id=8032, stack(0x0000001572800000,0x0000001572900000)]
  0x0000019f6df2d550 JavaThread "C1 CompilerThread0" daemon [_thread_blocked, id=452, stack(0x0000001572900000,0x0000001572a00000)]
  0x0000019f6dfab110 JavaThread "Sweeper thread" daemon [_thread_blocked, id=9848, stack(0x0000001572a00000,0x0000001572b00000)]
  0x0000019f6ec38040 JavaThread "Notification Thread" daemon [_thread_blocked, id=3152, stack(0x0000001572b00000,0x0000001572c00000)]
  0x0000019f6ec40be0 JavaThread "Common-Cleaner" daemon [_thread_blocked, id=7728, stack(0x0000001572d00000,0x0000001572e00000)]

Other Threads:
  0x0000019f6df08a60 VMThread "VM Thread" [stack: 0x0000001572100000,0x0000001572200000] [id=10036]
  0x0000019f6ec3e530 WatcherThread [stack: 0x0000001572c00000,0x0000001572d00000] [id=8936]
  0x0000019f5317adb0 GCTaskThread "GC Thread#0" [stack: 0x0000001571c00000,0x0000001571d00000] [id=10012]
  0x0000019f53183cf0 ConcurrentGCThread "G1 Main Marker" [stack: 0x0000001571d00000,0x0000001571e00000] [id=8940]
  0x0000019f53184710 ConcurrentGCThread "G1 Conc#0" [stack: 0x0000001571e00000,0x0000001571f00000] [id=5672]
  0x0000019f531c7af0 ConcurrentGCThread "G1 Refine#0" [stack: 0x0000001571f00000,0x0000001572000000] [id=6884]
  0x0000019f531c8510 ConcurrentGCThread "G1 Service" [stack: 0x0000001572000000,0x0000001572100000] [id=4364]

Threads with active compile tasks:

VM state: not at safepoint (normal execution)

VM Mutex/Monitor currently owned by a thread:  ([mutex/lock_event])
[0x0000019f53136de0] Metaspace_lock - owner thread: 0x0000019f5313ee20

Heap address: 0x00000000c0000000, size: 1024 MB, Compressed Oops mode: 32-bit

CDS archive(s) mapped at: [0x0000000800000000-0x0000000800bd0000-0x0000000800bd0000), size 12386304, SharedBaseAddress: 0x0000000800000000, ArchiveRelocationMode: 0.
Compressed class space mapped at: 0x0000000800c00000-0x0000000840c00000, reserved size: 1073741824
Narrow klass base: 0x0000000800000000, Narrow klass shift: 0, Narrow klass range: 0x100000000

GC Precious Log:
 CPUs: 2 total, 2 available
 Memory: 4095M
 Large Page Support: Disabled
 NUMA Support: Disabled
 Compressed Oops: Enabled (32-bit)
 Heap Region Size: 1M
 Heap Min Capacity: 8M
 Heap Initial Capacity: 64M
 Heap Max Capacity: 1G
 Pre-touch: Disabled
 Parallel Workers: 2
 Concurrent Workers: 1
 Concurrent Refinement Workers: 2
 Periodic GC: Disabled

Heap:
 garbage-first heap   total 65536K, used 1024K [0x00000000c0000000, 0x0000000100000000)
  region size 1024K, 2 young (2048K), 0 survivors (0K)
 Metaspace       used 960K, committed 1088K, reserved 1056768K
  class space    used 94K, committed 192K, reserved 1048576K

Heap Regions: E=young(eden), S=young(survivor), O=old, HS=humongous(starts), HC=humongous(continues), CS=collection set, F=free, OA=open archive, CA=closed archive, TAMS=top-at-mark-start (previous, next)
|   0|0x00000000c0000000, 0x00000000c0000000, 0x00000000c0100000|  0%| F|  |TAMS 0x00000000c0000000, 0x00000000c0000000| Untracked 
|   1|0x00000000c0100000, 0x00000000c0100000, 0x00000000c0200000|  0%| F|  |TAMS 0x00000000c0100000, 0x00000000c0100000| Untracked 
|   2|0x00000000c0200000, 0x00000000c0200000, 0x00000000c0300000|  0%| F|  |TAMS 0x00000000c0200000, 0x00000000c0200000| Untracked 
|   3|0x00000000c0300000, 0x00000000c0300000, 0x00000000c0400000|  0%| F|  |TAMS 0x00000000c0300000, 0x00000000c0300000| Untracked 
|   4|0x00000000c0400000, 0x00000000c0400000, 0x00000000c0500000|  0%| F|  |TAMS 0x00000000c0400000, 0x00000000c0400000| Untracked 
|   5|0x00000000c0500000, 0x00000000c0500000, 0x00000000c0600000|  0%| F|  |TAMS 0x00000000c0500000, 0x00000000c0500000| Untracked 
|   6|0x00000000c0600000, 0x00000000c0600000, 0x00000000c0700000|  0%| F|  |TAMS 0x00000000c0600000, 0x00000000c0600000| Untracked 
|   7|0x00000000c0700000, 0x00000000c0700000, 0x00000000c0800000|  0%| F|  |TAMS 0x00000000c0700000, 0x00000000c0700000| Untracked 
|   8|0x00000000c0800000, 0x00000000c0800000, 0x00000000c0900000|  0%| F|  |TAMS 0x00000000c0800000, 0x00000000c0800000| Untracked 
|   9|0x00000000c0900000, 0x00000000c0900000, 0x00000000c0a00000|  0%| F|  |TAMS 0x00000000c0900000, 0x00000000c0900000| Untracked 
|  10|0x00000000c0a00000, 0x00000000c0a00000, 0x00000000c0b00000|  0%| F|  |TAMS 0x00000000c0a00000, 0x00000000c0a00000| Untracked 
|  11|0x00000000c0b00000, 0x00000000c0b00000, 0x00000000c0c00000|  0%| F|  |TAMS 0x00000000c0b00000, 0x00000000c0b00000| Untracked 
|  12|0x00000000c0c00000, 0x00000000c0c00000, 0x00000000c0d00000|  0%| F|  |TAMS 0x00000000c0c00000, 0x00000000c0c00000| Untracked 
|  13|0x00000000c0d00000, 0x00000000c0d00000, 0x00000000c0e00000|  0%| F|  |TAMS 0x00000000c0d00000, 0x00000000c0d00000| Untracked 
|  14|0x00000000c0e00000, 0x00000000c0e00000, 0x00000000c0f00000|  0%| F|  |TAMS 0x00000000c0e00000, 0x00000000c0e00000| Untracked 
|  15|0x00000000c0f00000, 0x00000000c0f00000, 0x00000000c1000000|  0%| F|  |TAMS 0x00000000c0f00000, 0x00000000c0f00000| Untracked 
|  16|0x00000000c1000000, 0x00000000c1000000, 0x00000000c1100000|  0%| F|  |TAMS 0x00000000c1000000, 0x00000000c1000000| Untracked 
|  17|0x00000000c1100000, 0x00000000c1100000, 0x00000000c1200000|  0%| F|  |TAMS 0x00000000c1100000, 0x00000000c1100000| Untracked 
|  18|0x00000000c1200000, 0x00000000c1200000, 0x00000000c1300000|  0%| F|  |TAMS 0x00000000c1200000, 0x00000000c1200000| Untracked 
|  19|0x00000000c1300000, 0x00000000c1300000, 0x00000000c1400000|  0%| F|  |TAMS 0x00000000c1300000, 0x00000000c1300000| Untracked 
|  20|0x00000000c1400000, 0x00000000c1400000, 0x00000000c1500000|  0%| F|  |TAMS 0x00000000c1400000, 0x00000000c1400000| Untracked 
|  21|0x00000000c1500000, 0x00000000c1500000, 0x00000000c1600000|  0%| F|  |TAMS 0x00000000c1500000, 0x00000000c1500000| Untracked 
|  22|0x00000000c1600000, 0x00000000c1600000, 0x00000000c1700000|  0%| F|  |TAMS 0x00000000c1600000, 0x00000000c1600000| Untracked 
|  23|0x00000000c1700000, 0x00000000c1700000, 0x00000000c1800000|  0%| F|  |TAMS 0x00000000c1700000, 0x00000000c1700000| Untracked 
|  24|0x00000000c1800000, 0x00000000c1800000, 0x00000000c1900000|  0%| F|  |TAMS 0x00000000c1800000, 0x00000000c1800000| Untracked 
|  25|0x00000000c1900000, 0x00000000c1900000, 0x00000000c1a00000|  0%| F|  |TAMS 0x00000000c1900000, 0x00000000c1900000| Untracked 
|  26|0x00000000c1a00000, 0x00000000c1a00000, 0x00000000c1b00000|  0%| F|  |TAMS 0x00000000c1a00000, 0x00000000c1a00000| Untracked 
|  27|0x00000000c1b00000, 0x00000000c1b00000, 0x00000000c1c00000|  0%| F|  |TAMS 0x00000000c1b00000, 0x00000000c1b00000| Untracked 
|  28|0x00000000c1c00000, 0x00000000c1c00000, 0x00000000c1d00000|  0%| F|  |TAMS 0x00000000c1c00000, 0x00000000c1c00000| Untracked 
|  29|0x00000000c1d00000, 0x00000000c1d00000, 0x00000000c1e00000|  0%| F|  |TAMS 0x00000000c1d00000, 0x00000000c1d00000| Untracked 
|  30|0x00000000c1e00000, 0x00000000c1e00000, 0x00000000c1f00000|  0%| F|  |TAMS 0x00000000c1e00000, 0x00000000c1e00000| Untracked 
|  31|0x00000000c1f00000, 0x00000000c1f00000, 0x00000000c2000000|  0%| F|  |TAMS 0x00000000c1f00000, 0x00000000c1f00000| Untracked 
|  32|0x00000000c2000000, 0x00000000c2000000, 0x00000000c2100000|  0%| F|  |TAMS 0x00000000c2000000, 0x00000000c2000000| Untracked 
|  33|0x00000000c2100000, 0x00000000c2100000, 0x00000000c2200000|  0%| F|  |TAMS 0x00000000c2100000, 0x00000000c2100000| Untracked 
|  34|0x00000000c2200000, 0x00000000c2200000, 0x00000000c2300000|  0%| F|  |TAMS 0x00000000c2200000, 0x00000000c2200000| Untracked 
|  35|0x00000000c2300000, 0x00000000c2300000, 0x00000000c2400000|  0%| F|  |TAMS 0x00000000c2300000, 0x00000000c2300000| Untracked 
|  36|0x00000000c2400000, 0x00000000c2400000, 0x00000000c2500000|  0%| F|  |TAMS 0x00000000c2400000, 0x00000000c2400000| Untracked 
|  37|0x00000000c2500000, 0x00000000c2500000, 0x00000000c2600000|  0%| F|  |TAMS 0x00000000c2500000, 0x00000000c2500000| Untracked 
|  38|0x00000000c2600000, 0x00000000c2600000, 0x00000000c2700000|  0%| F|  |TAMS 0x00000000c2600000, 0x00000000c2600000| Untracked 
|  39|0x00000000c2700000, 0x00000000c2700000, 0x00000000c2800000|  0%| F|  |TAMS 0x00000000c2700000, 0x00000000c2700000| Untracked 
|  40|0x00000000c2800000, 0x00000000c2800000, 0x00000000c2900000|  0%| F|  |TAMS 0x00000000c2800000, 0x00000000c2800000| Untracked 
|  41|0x00000000c2900000, 0x00000000c2900000, 0x00000000c2a00000|  0%| F|  |TAMS 0x00000000c2900000, 0x00000000c2900000| Untracked 
|  42|0x00000000c2a00000, 0x00000000c2a00000, 0x00000000c2b00000|  0%| F|  |TAMS 0x00000000c2a00000, 0x00000000c2a00000| Untracked 
|  43|0x00000000c2b00000, 0x00000000c2b00000, 0x00000000c2c00000|  0%| F|  |TAMS 0x00000000c2b00000, 0x00000000c2b00000| Untracked 
|  44|0x00000000c2c00000, 0x00000000c2c00000, 0x00000000c2d00000|  0%| F|  |TAMS 0x00000000c2c00000, 0x00000000c2c00000| Untracked 
|  45|0x00000000c2d00000, 0x00000000c2d00000, 0x00000000c2e00000|  0%| F|  |TAMS 0x00000000c2d00000, 0x00000000c2d00000| Untracked 
|  46|0x00000000c2e00000, 0x00000000c2e00000, 0x00000000c2f00000|  0%| F|  |TAMS 0x00000000c2e00000, 0x00000000c2e00000| Untracked 
|  47|0x00000000c2f00000, 0x00000000c2f00000, 0x00000000c3000000|  0%| F|  |TAMS 0x00000000c2f00000, 0x00000000c2f00000| Untracked 
|  48|0x00000000c3000000, 0x00000000c3000000, 0x00000000c3100000|  0%| F|  |TAMS 0x00000000c3000000, 0x00000000c3000000| Untracked 
|  49|0x00000000c3100000, 0x00000000c3100000, 0x00000000c3200000|  0%| F|  |TAMS 0x00000000c3100000, 0x00000000c3100000| Untracked 
|  50|0x00000000c3200000, 0x00000000c3200000, 0x00000000c3300000|  0%| F|  |TAMS 0x00000000c3200000, 0x00000000c3200000| Untracked 
|  51|0x00000000c3300000, 0x00000000c3300000, 0x00000000c3400000|  0%| F|  |TAMS 0x00000000c3300000, 0x00000000c3300000| Untracked 
|  52|0x00000000c3400000, 0x00000000c3400000, 0x00000000c3500000|  0%| F|  |TAMS 0x00000000c3400000, 0x00000000c3400000| Untracked 
|  53|0x00000000c3500000, 0x00000000c3500000, 0x00000000c3600000|  0%| F|  |TAMS 0x00000000c3500000, 0x00000000c3500000| Untracked 
|  54|0x00000000c3600000, 0x00000000c3600000, 0x00000000c3700000|  0%| F|  |TAMS 0x00000000c3600000, 0x00000000c3600000| Untracked 
|  55|0x00000000c3700000, 0x00000000c3700000, 0x00000000c3800000|  0%| F|  |TAMS 0x00000000c3700000, 0x00000000c3700000| Untracked 
|  56|0x00000000c3800000, 0x00000000c3800000, 0x00000000c3900000|  0%| F|  |TAMS 0x00000000c3800000, 0x00000000c3800000| Untracked 
|  57|0x00000000c3900000, 0x00000000c3900000, 0x00000000c3a00000|  0%| F|  |TAMS 0x00000000c3900000, 0x00000000c3900000| Untracked 
|  58|0x00000000c3a00000, 0x00000000c3a00000, 0x00000000c3b00000|  0%| F|  |TAMS 0x00000000c3a00000, 0x00000000c3a00000| Untracked 
|  59|0x00000000c3b00000, 0x00000000c3b00000, 0x00000000c3c00000|  0%| F|  |TAMS 0x00000000c3b00000, 0x00000000c3b00000| Untracked 
|  60|0x00000000c3c00000, 0x00000000c3c00000, 0x00000000c3d00000|  0%| F|  |TAMS 0x00000000c3c00000, 0x00000000c3c00000| Untracked 
|  61|0x00000000c3d00000, 0x00000000c3d00000, 0x00000000c3e00000|  0%| F|  |TAMS 0x00000000c3d00000, 0x00000000c3d00000| Untracked 
|  62|0x00000000c3e00000, 0x00000000c3ec3f08, 0x00000000c3f00000| 76%| E|  |TAMS 0x00000000c3e00000, 0x00000000c3e00000| Complete 
|  63|0x00000000c3f00000, 0x00000000c4000000, 0x00000000c4000000|100%| E|CS|TAMS 0x00000000c3f00000, 0x00000000c3f00000| Complete 

Card table byte_map: [0x0000019f52f20000,0x0000019f53120000] _byte_map_base: 0x0000019f52920000

Marking Bits (Prev, Next): (CMBitMap*) 0x0000019f5317b3c0, (CMBitMap*) 0x0000019f5317b400
 Prev Bits: [0x0000019f69bd0000, 0x0000019f6abd0000)
 Next Bits: [0x0000019f6abd0000, 0x0000019f6bbd0000)

Polling page: 0x0000019f51120000

Metaspace:

Usage:
  Non-class:    865.92 KB used.
      Class:     94.37 KB used.
       Both:    960.29 KB used.

Virtual space:
  Non-class space:        8.00 MB reserved,     896.00 KB ( 11%) committed,  1 nodes.
      Class space:        1.00 GB reserved,     192.00 KB ( <1%) committed,  1 nodes.
             Both:        1.01 GB reserved,       1.06 MB ( <1%) committed. 

Chunk freelists:
   Non-Class:  3.83 MB
       Class:  3.71 MB
        Both:  7.54 MB

MaxMetaspaceSize: unlimited
CompressedClassSpaceSize: 1.00 GB
Initial GC threshold: 21.00 MB
Current GC threshold: 21.00 MB
CDS: on
MetaspaceReclaimPolicy: balanced
 - commit_granule_bytes: 65536.
 - commit_granule_words: 8192.
 - virtual_space_node_default_size: 1048576.
 - enlarge_chunks_in_place: 1.
 - new_chunks_are_fully_committed: 0.
 - uncommit_free_chunks: 1.
 - use_allocation_guard: 0.
 - handle_deallocations: 1.


Internal statistics:

num_allocs_failed_limit: 0.
num_arena_births: 8.
num_arena_deaths: 0.
num_vsnodes_births: 2.
num_vsnodes_deaths: 0.
num_space_committed: 17.
num_space_uncommitted: 0.
num_chunks_returned_to_freelist: 0.
num_chunks_taken_from_freelist: 27.
num_chunk_merges: 0.
num_chunk_splits: 13.
num_chunks_enlarged: 11.
num_purges: 0.
num_inconsistent_stats: 0.

CodeHeap 'non-profiled nmethods': size=120064Kb used=42Kb max_used=42Kb free=120021Kb
 bounds [0x0000019f62490000, 0x0000019f62700000, 0x0000019f699d0000]
CodeHeap 'profiled nmethods': size=120000Kb used=219Kb max_used=219Kb free=119781Kb
 bounds [0x0000019f5a9d0000, 0x0000019f5ac40000, 0x0000019f61f00000]
CodeHeap 'non-nmethods': size=5696Kb used=1103Kb max_used=1117Kb free=4592Kb
 bounds [0x0000019f61f00000, 0x0000019f62170000, 0x0000019f62490000]
 total_blobs=564 nmethods=182 adapters=296
 compilation: enabled
              stopped_count=0, restarted_count=0
 full_count=0

Compilation events (20 events):
Event: 1.098 Thread 0x0000019f6df2d550  173       3       java.util.zip.ZipCoder$UTF8ZipCoder::checkedHash (91 bytes)
Event: 1.098 Thread 0x0000019f6df2d550 nmethod 173 0x0000019f5aa01e90 code [0x0000019f5aa02080, 0x0000019f5aa02498]
Event: 1.131 Thread 0x0000019f6df2d550  174       3       java.lang.StringUTF16::compress (50 bytes)
Event: 1.131 Thread 0x0000019f6df2d550 nmethod 174 0x0000019f5aa02690 code [0x0000019f5aa02840, 0x0000019f5aa02a98]
Event: 1.132 Thread 0x0000019f6df2cab0  175       4       java.util.concurrent.ConcurrentHashMap::casTabAt (21 bytes)
Event: 1.134 Thread 0x0000019f6df2cab0 nmethod 175 0x0000019f6249a510 code [0x0000019f6249a680, 0x0000019f6249a7b8]
Event: 1.140 Thread 0x0000019f6df2d550  176       3       java.lang.ClassLoader::checkName (37 bytes)
Event: 1.141 Thread 0x0000019f6df2d550 nmethod 176 0x0000019f5aa02c10 code [0x0000019f5aa02e60, 0x0000019f5aa03838]
Event: 1.155 Thread 0x0000019f6df2d550  177       3       java.lang.Character::toLowerCase (9 bytes)
Event: 1.155 Thread 0x0000019f6df2d550 nmethod 177 0x0000019f5aa03b90 code [0x0000019f5aa03d40, 0x0000019f5aa03f38]
Event: 1.156 Thread 0x0000019f6df2d550  178       1       java.net.URL::getProtocol (5 bytes)
Event: 1.156 Thread 0x0000019f6df2d550 nmethod 178 0x0000019f6249a810 code [0x0000019f6249a9a0, 0x0000019f6249aa78]
Event: 1.157 Thread 0x0000019f6df2d550  179       3       java.lang.StringLatin1::replace (198 bytes)
Event: 1.158 Thread 0x0000019f6df2d550 nmethod 179 0x0000019f5aa04010 code [0x0000019f5aa042a0, 0x0000019f5aa05028]
Event: 1.172 Thread 0x0000019f6df2d550  180       3       java.lang.ref.Reference::<init> (25 bytes)
Event: 1.172 Thread 0x0000019f6df2d550 nmethod 180 0x0000019f5aa05510 code [0x0000019f5aa056c0, 0x0000019f5aa05938]
Event: 1.172 Thread 0x0000019f6df2d550  181       3       java.lang.StringCoding::hasNegatives (25 bytes)
Event: 1.173 Thread 0x0000019f6df2d550 nmethod 181 0x0000019f5aa05a10 code [0x0000019f5aa05bc0, 0x0000019f5aa05df8]
Event: 1.173 Thread 0x0000019f6df2d550  182       3       jdk.internal.misc.Unsafe::allocateUninitializedArray0 (90 bytes)
Event: 1.173 Thread 0x0000019f6df2d550 nmethod 182 0x0000019f5aa05f10 code [0x0000019f5aa06120, 0x0000019f5aa06a98]

GC Heap History (0 events):
No events

Deoptimization events (0 events):
No events

Classes unloaded (0 events):
No events

Classes redefined (0 events):
No events

Internal exceptions (3 events):
Event: 0.828 Thread 0x0000019f5313ee20 Exception <a 'sun/nio/fs/WindowsException'{0x00000000c3e563a0}> (0x00000000c3e563a0) 
thrown [s\open\src\hotspot\share\prims\jni.cpp, line 516]
Event: 0.829 Thread 0x0000019f5313ee20 Exception <a 'sun/nio/fs/WindowsException'{0x00000000c3e56ad0}> (0x00000000c3e56ad0) 
thrown [s\open\src\hotspot\share\prims\jni.cpp, line 516]
Event: 1.019 Thread 0x0000019f5313ee20 Exception <a 'sun/nio/fs/WindowsException'{0x00000000c3e7e148}> (0x00000000c3e7e148) 
thrown [s\open\src\hotspot\share\prims\jni.cpp, line 516]

VM Operations (2 events):
Event: 0.632 Executing VM operation: HandshakeAllThreads
Event: 0.632 Executing VM operation: HandshakeAllThreads done

Events (20 events):
Event: 1.133 loading class java/util/Vector
Event: 1.139 loading class java/util/Vector done
Event: 1.139 loading class java/io/FilePermissionCollection$1
Event: 1.140 loading class java/io/FilePermissionCollection$1 done
Event: 1.142 loading class java/lang/reflect/InvocationTargetException
Event: 1.154 loading class java/lang/reflect/InvocationTargetException done
Event: 1.157 loading class java/lang/IllegalAccessException
Event: 1.157 loading class java/lang/IllegalAccessException done
Event: 1.173 loading class java/net/MalformedURLException
Event: 1.173 loading class java/net/MalformedURLException done
Event: 1.174 loading class java/io/Reader
Event: 1.181 loading class java/io/Reader done
Event: 1.181 loading class java/io/InputStreamReader
Event: 1.181 loading class java/io/InputStreamReader done
Event: 1.181 loading class java/io/FilenameFilter
Event: 1.181 loading class java/io/FilenameFilter done
Event: 1.181 loading class java/io/BufferedReader
Event: 1.190 loading class java/io/BufferedReader done
Event: 1.190 loading class sun/nio/cs/StreamDecoder
Event: 1.190 loading class sun/nio/cs/StreamDecoder done


Dynamic libraries:
0x00007ff78f730000 - 0x00007ff78f740000 	C:\Program Files\Java\jdk-17\bin\java.exe
0x00007ff915490000 - 0x00007ff915688000 	C:\Windows\SYSTEM32\ntdll.dll
0x00007ff9143c0000 - 0x00007ff91447f000 	C:\Windows\System32\KERNEL32.DLL
0x00007ff912c80000 - 0x00007ff912f76000 	C:\Windows\System32\KERNELBASE.dll
0x00007ff9133f0000 - 0x00007ff9134f0000 	C:\Windows\System32\ucrtbase.dll
0x00007ff901050000 - 0x00007ff90106b000 	C:\Program Files\Java\jdk-17\bin\VCRUNTIME140.dll
0x00007ff900e40000 - 0x00007ff900e59000 	C:\Program Files\Java\jdk-17\bin\jli.dll
0x00007ff913bf0000 - 0x00007ff913c9f000 	C:\Windows\System32\ADVAPI32.dll
0x00007ff9139c0000 - 0x00007ff913a5e000 	C:\Windows\System32\msvcrt.dll
0x00007ff913b50000 - 0x00007ff913bec000 	C:\Windows\System32\sechost.dll
0x00007ff9152f0000 - 0x00007ff915416000 	C:\Windows\System32\RPCRT4.dll
0x00007ff914fc0000 - 0x00007ff91515d000 	C:\Windows\System32\USER32.dll
0x00007ff913180000 - 0x00007ff9131a2000 	C:\Windows\System32\win32u.dll
0x00007ff915420000 - 0x00007ff91544c000 	C:\Windows\System32\GDI32.dll
0x00007ff913060000 - 0x00007ff913175000 	C:\Windows\System32\gdi32full.dll
0x00007ff912be0000 - 0x00007ff912c7d000 	C:\Windows\System32\msvcp_win.dll
0x00007ff8fef60000 - 0x00007ff8ff1fa000 	C:\Windows\WinSxS\amd64_microsoft.windows.common-controls_6595b64144ccf1df_6.0.19041.1110_none_60b5254171f9507e\COMCTL32.dll
0x00007ff90df00000 - 0x00007ff90df0a000 	C:\Windows\SYSTEM32\VERSION.dll
0x00007ff913cc0000 - 0x00007ff913cf0000 	C:\Windows\System32\IMM32.DLL
0x00007ff901020000 - 0x00007ff90102c000 	C:\Program Files\Java\jdk-17\bin\vcruntime140_1.dll
0x00007ff8f4c20000 - 0x00007ff8f4cae000 	C:\Program Files\Java\jdk-17\bin\msvcp140.dll
0x00007ff8e0000000 - 0x00007ff8e0bdd000 	C:\Program Files\Java\jdk-17\bin\server\jvm.dll
0x00007ff913cb0000 - 0x00007ff913cb8000 	C:\Windows\System32\PSAPI.DLL
0x00007ff9059f0000 - 0x00007ff905a17000 	C:\Windows\SYSTEM32\WINMM.dll
0x00007ff902bf0000 - 0x00007ff902bf9000 	C:\Windows\SYSTEM32\WSOCK32.dll
0x00007ff913cf0000 - 0x00007ff913d5b000 	C:\Windows\System32\WS2_32.dll
0x00007ff910a50000 - 0x00007ff910a62000 	C:\Windows\SYSTEM32\kernel.appcore.dll
0x00007ff900e10000 - 0x00007ff900e1a000 	C:\Program Files\Java\jdk-17\bin\jimage.dll
0x00007ff9005c0000 - 0x00007ff9007a4000 	C:\Windows\SYSTEM32\DBGHELP.DLL
0x00007ff900580000 - 0x00007ff9005b4000 	C:\Windows\SYSTEM32\dbgcore.DLL
0x00007ff912fd0000 - 0x00007ff913052000 	C:\Windows\System32\bcryptPrimitives.dll
0x00007ff900d80000 - 0x00007ff900da5000 	C:\Program Files\Java\jdk-17\bin\java.dll
0x00007ff8f4930000 - 0x00007ff8f4a07000 	C:\Program Files\Java\jdk-17\bin\jsvml.dll
0x00007ff914480000 - 0x00007ff914bc4000 	C:\Windows\System32\SHELL32.dll
0x00007ff910c50000 - 0x00007ff9113e3000 	C:\Windows\SYSTEM32\windows.storage.dll
0x00007ff914bd0000 - 0x00007ff914f24000 	C:\Windows\System32\combase.dll
0x00007ff912560000 - 0x00007ff91258e000 	C:\Windows\SYSTEM32\Wldp.dll
0x00007ff9134f0000 - 0x00007ff91359d000 	C:\Windows\System32\SHCORE.dll
0x00007ff913d60000 - 0x00007ff913db5000 	C:\Windows\System32\shlwapi.dll
0x00007ff912ab0000 - 0x00007ff912acf000 	C:\Windows\SYSTEM32\profapi.dll
0x00007ff8fe350000 - 0x00007ff8fe369000 	C:\Program Files\Java\jdk-17\bin\net.dll
0x00007ff90aaf0000 - 0x00007ff90abfa000 	C:\Windows\SYSTEM32\WINHTTP.dll
0x00007ff9122c0000 - 0x00007ff91232a000 	C:\Windows\system32\mswsock.dll
0x00007ff8fcee0000 - 0x00007ff8fcef6000 	C:\Program Files\Java\jdk-17\bin\nio.dll
0x00007ff8fcbf0000 - 0x00007ff8fcc08000 	C:\Program Files\Java\jdk-17\bin\zip.dll

dbghelp: loaded successfully - version: 4.0.5 - missing functions: none
symbol engine: initialized successfully - sym options: 0x614 - pdb path: .;C:\Program Files\Java\jdk-17\bin;C:\Windows\SYSTEM32;C:\Windows\WinSxS\amd64_microsoft.windows.common-controls_6595b64144ccf1df_6.0.19041.1110_none_60b5254171f9507e;C:\Program Files\Java\jdk-17\bin\server

VM Arguments:
jvm_args: -Dmaven.multiModuleProjectDirectory=E:\Proyecto_Final\Backend 
java_command: org.apache.maven.wrapper.MavenWrapperMain -Dmaven.ext.class.path=C:\Program Files\NetBeans-14\netbeans\java\maven-nblib\netbeans-eventspy.jar -Dfile.encoding=UTF-8 clean install
java_class_path (initial): E:\Proyecto_Final\Backend\.mvn\wrapper\maven-wrapper.jar
Launcher Type: SUN_STANDARD

[Global flags]
     intx CICompilerCount                          = 2                                         {product} {ergonomic}
     uint ConcGCThreads                            = 1                                         {product} {ergonomic}
     uint G1ConcRefinementThreads                  = 2                                         {product} {ergonomic}
   size_t G1HeapRegionSize                         = 1048576                                   {product} {ergonomic}
    uintx GCDrainStackTargetSize                   = 64                                        {product} {ergonomic}
   size_t InitialHeapSize                          = 67108864                                  {product} {ergonomic}
   size_t MarkStackSize                            = 4194304                                   {product} {ergonomic}
   size_t MaxHeapSize                              = 1073741824                                {product} {ergonomic}
   size_t MaxNewSize                               = 643825664                                 {product} {ergonomic}
   size_t MinHeapDeltaBytes                        = 1048576                                   {product} {ergonomic}
   size_t MinHeapSize                              = 8388608                                   {product} {ergonomic}
    uintx NonNMethodCodeHeapSize                   = 5826188                                {pd product} {ergonomic}
    uintx NonProfiledCodeHeapSize                  = 122916026                              {pd product} {ergonomic}
    uintx ProfiledCodeHeapSize                     = 122916026                              {pd product} {ergonomic}
    uintx ReservedCodeCacheSize                    = 251658240                              {pd product} {ergonomic}
     bool SegmentedCodeCache                       = true                                      {product} {ergonomic}
   size_t SoftMaxHeapSize                          = 1073741824                             {manageable} {ergonomic}
     bool UseCompressedClassPointers               = true                           {product lp64_product} {ergonomic}
     bool UseCompressedOops                        = true                           {product lp64_product} {ergonomic}
     bool UseG1GC                                  = true                                      {product} {ergonomic}
     bool UseLargePagesIndividualAllocation        = false                                  {pd product} {ergonomic}

Logging:
Log output configuration:
 #0: stdout all=warning uptime,level,tags
 #1: stderr all=off uptime,level,tags

Environment Variables:
JAVA_HOME=C:\Program Files\Java\jdk-17
PATH=C:\Program Files\Common Files\Oracle\Java\javapath;C:\Program Files (x86)\Common Files\Oracle\Java\javapath;C:\Program Files\Eclipse Adoptium\jdk-8.0.372.7-hotspot\bin;C:\Windows\system32;C:\Windows;C:\Windows\System32\Wbem;C:\Windows\System32\WindowsPowerShell\v1.0\;C:\Windows\System32\OpenSSH\;E:\Programacion\Git\cmd;C:\ProgramData\chocolatey\bin;E:\Programacion\;C:\Program Files\MySQL\MySQL Shell 8.0\bin\;C:\Users\Lucario\AppData\Local\Microsoft\WindowsApps;E:\Programacion\Microsoft VS Code\bin;E:\Cosas-Programas\apache-maven-3.9.1\bin;C:\Program Files\MySQL\MySQL Server 8.0\bin;C:\Users\Lucario\AppData\Local\GitHubDesktop\bin;E:\platform-tools;C:\Users\Lucario\AppData\Roaming\npm
USERNAME=Lucario
OS=Windows_NT
PROCESSOR_IDENTIFIER=AMD64 Family 16 Model 6 Stepping 3, AuthenticAMD



---------------  S Y S T E M  ---------------

OS:
 Windows 10 , 64 bit Build 19041 (10.0.19041.2913)
OS uptime: 0 days 6:33 hours

CPU: total 2 (initial active 2) (2 cores per cpu, 1 threads per core) family 16 model 6 stepping 3 microcode 0x0, cx8, cmov, fxsr, mmx, 3dnowpref, sse, sse2, sse3, sse4a, popcnt, lzcnt, tsc, tscinvbit, clflush

Memory: 4k page, system-wide physical 4095M (483M free)
TotalPageFile size 6143M (AvailPageFile size 3M)
current process WorkingSet (physical memory assigned to process): 31M, peak: 31M
current process commit charge ("private bytes"): 131M, peak: 131M

vm_info: Java HotSpot(TM) 64-Bit Server VM (17.0.7+8-LTS-224) for windows-amd64 JRE (17.0.7+8-LTS-224), built on Feb 28 2023 23:03:02 by "mach5one" with MS VC++ 17.1 (VS2022)

END.
