#
# There is insufficient memory for the Java Runtime Environment to continue.
# Native memory allocation (malloc) failed to allocate 523264 bytes for Chunk::new
# Possible reasons:
#   The system is out of physical RAM or swap space
#   The process is running with CompressedOops enabled, and the Java Heap may be blocking the growth of the native heap
# Possible solutions:
#   Reduce memory load on the system
#   Increase physical memory or swap space
#   Check if swap backing store is full
#   Decrease Java heap size (-Xmx/-Xms)
#   Decrease number of Java threads
#   Decrease Java thread stack sizes (-Xss)
#   Set larger code cache with -XX:ReservedCodeCacheSize=
#   JVM is running with Unscaled Compressed Oops mode in which the Java heap is
#     placed in the first 4GB address space. The Java Heap base address is the
#     maximum limit for the native heap growth. Please use -XX:HeapBaseMinAddress
#     to set the Java Heap base and to place the Java Heap above 4GB virtual address.
# This output file may be truncated or incomplete.
#
#  Out of Memory Error (arena.cpp:189), pid=6600, tid=2508
#
# JRE version: Java(TM) SE Runtime Environment (17.0.7+8) (build 17.0.7+8-LTS-224)
# Java VM: Java HotSpot(TM) 64-Bit Server VM (17.0.7+8-LTS-224, mixed mode, sharing, tiered, compressed oops, compressed class ptrs, g1 gc, windows-amd64)
# No core dump will be written. Minidumps are not enabled by default on client versions of Windows
#

---------------  S U M M A R Y ------------

Command Line: com.portfolio.fml.FmlApplication

Host: AMD Athlon(tm) II X2 260 Processor, 2 cores, 3G,  Windows 10 , 64 bit Build 19041 (10.0.19041.2913)
Time: Sun May 14 04:48:41 2023 Hora estándar de Argentina elapsed time: 1707.352873 seconds (0d 0h 28m 27s)

---------------  T H R E A D  ---------------

Current thread (0x00000235227e89c0):  JavaThread "C2 CompilerThread0" daemon [_thread_in_native, id=2508, stack(0x000000b3ebc00000,0x000000b3ebd00000)]


Current CompileTask:
C2:1707352 6272       4       sun.util.locale.BaseLocale::getInstance (149 bytes)

Stack: [0x000000b3ebc00000,0x000000b3ebd00000]
Native frames: (J=compiled Java code, j=interpreted, Vv=VM code, C=native code)
V  [jvm.dll+0x676a4a]
V  [jvm.dll+0x7d74f4]
V  [jvm.dll+0x7d8c9e]
V  [jvm.dll+0x7d9303]
V  [jvm.dll+0x2452c5]
V  [jvm.dll+0xaaa2b]
V  [jvm.dll+0xaafcc]
V  [jvm.dll+0x36141e]
V  [jvm.dll+0x1bb55a]
V  [jvm.dll+0x217c27]
V  [jvm.dll+0x216f01]
V  [jvm.dll+0x1a35e0]
V  [jvm.dll+0x226a6e]
V  [jvm.dll+0x224e15]
V  [jvm.dll+0x78d05c]
V  [jvm.dll+0x78759a]
V  [jvm.dll+0x675875]
C  [ucrtbase.dll+0x21bb2]
C  [KERNEL32.DLL+0x17614]
C  [ntdll.dll+0x526a1]


---------------  P R O C E S S  ---------------

Threads class SMR info:
_java_thread_list=0x00000235436d1b80, length=31, elements={
0x00000235227cd5d0, 0x00000235227ce440, 0x00000235227e2d00, 0x00000235227e48c0,
0x00000235227e7280, 0x00000235227e7c30, 0x00000235227e89c0, 0x00000235227eb480,
0x00000235227ee620, 0x0000023540053380, 0x0000023540063ab0, 0x0000023543473eb0,
0x000002354329a230, 0x0000023540242630, 0x0000023543061250, 0x00000235406059d0,
0x0000023543b8c090, 0x0000023543b8ad50, 0x0000023543b8b6f0, 0x0000023543b8c560,
0x0000023543b8ca30, 0x0000023543b89a10, 0x0000023543b89070, 0x0000023543b8bbc0,
0x0000023543b89ee0, 0x0000023543b8a3b0, 0x0000023543b89540, 0x0000023543b8a880,
0x0000023543b8b220, 0x0000023543342d60, 0x0000023543343bd0
}

Java Threads: ( => current thread )
  0x00000235227cd5d0 JavaThread "Reference Handler" daemon [_thread_blocked, id=6696, stack(0x000000b3eb600000,0x000000b3eb700000)]
  0x00000235227ce440 JavaThread "Finalizer" daemon [_thread_blocked, id=6728, stack(0x000000b3eb700000,0x000000b3eb800000)]
  0x00000235227e2d00 JavaThread "Signal Dispatcher" daemon [_thread_blocked, id=6468, stack(0x000000b3eb800000,0x000000b3eb900000)]
  0x00000235227e48c0 JavaThread "Attach Listener" daemon [_thread_blocked, id=2256, stack(0x000000b3eb900000,0x000000b3eba00000)]
  0x00000235227e7280 JavaThread "Service Thread" daemon [_thread_blocked, id=7884, stack(0x000000b3eba00000,0x000000b3ebb00000)]
  0x00000235227e7c30 JavaThread "Monitor Deflation Thread" daemon [_thread_blocked, id=860, stack(0x000000b3ebb00000,0x000000b3ebc00000)]
=>0x00000235227e89c0 JavaThread "C2 CompilerThread0" daemon [_thread_in_native, id=2508, stack(0x000000b3ebc00000,0x000000b3ebd00000)]
  0x00000235227eb480 JavaThread "C1 CompilerThread0" daemon [_thread_blocked, id=6612, stack(0x000000b3ebd00000,0x000000b3ebe00000)]
  0x00000235227ee620 JavaThread "Sweeper thread" daemon [_thread_blocked, id=2328, stack(0x000000b3ebe00000,0x000000b3ebf00000)]
  0x0000023540053380 JavaThread "Notification Thread" daemon [_thread_blocked, id=2344, stack(0x000000b3ebf00000,0x000000b3ec000000)]
  0x0000023540063ab0 JavaThread "Common-Cleaner" daemon [_thread_blocked, id=184, stack(0x000000b3ec100000,0x000000b3ec200000)]
  0x0000023543473eb0 JavaThread "mysql-cj-abandoned-connection-cleanup" daemon [_thread_blocked, id=1980, stack(0x000000b3ec500000,0x000000b3ec600000)]
  0x000002354329a230 JavaThread "HikariPool-1 housekeeper" daemon [_thread_blocked, id=2712, stack(0x000000b3ec700000,0x000000b3ec800000)]
  0x0000023540242630 JavaThread "Catalina-utility-1" [_thread_blocked, id=1384, stack(0x000000b3ec900000,0x000000b3eca00000)]
  0x0000023543061250 JavaThread "Catalina-utility-2" [_thread_blocked, id=7776, stack(0x000000b3eca00000,0x000000b3ecb00000)]
  0x00000235406059d0 JavaThread "container-0" [_thread_blocked, id=6756, stack(0x000000b3ecb00000,0x000000b3ecc00000)]
  0x0000023543b8c090 JavaThread "File Watcher" daemon [_thread_blocked, id=1212, stack(0x000000b3ec800000,0x000000b3ec900000)]
  0x0000023543b8ad50 JavaThread "Live Reload Server" daemon [_thread_in_native, id=500, stack(0x000000b3ecc00000,0x000000b3ecd00000)]
  0x0000023543b8b6f0 JavaThread "http-nio-8080-exec-1" daemon [_thread_blocked, id=1848, stack(0x000000b3ecd00000,0x000000b3ece00000)]
  0x0000023543b8c560 JavaThread "http-nio-8080-exec-2" daemon [_thread_blocked, id=6292, stack(0x000000b3ece00000,0x000000b3ecf00000)]
  0x0000023543b8ca30 JavaThread "http-nio-8080-exec-3" daemon [_thread_blocked, id=2836, stack(0x000000b3ecf00000,0x000000b3ed000000)]
  0x0000023543b89a10 JavaThread "http-nio-8080-exec-4" daemon [_thread_blocked, id=7092, stack(0x000000b3ed000000,0x000000b3ed100000)]
  0x0000023543b89070 JavaThread "http-nio-8080-exec-5" daemon [_thread_blocked, id=6108, stack(0x000000b3ed100000,0x000000b3ed200000)]
  0x0000023543b8bbc0 JavaThread "http-nio-8080-exec-6" daemon [_thread_blocked, id=1680, stack(0x000000b3ed200000,0x000000b3ed300000)]
  0x0000023543b89ee0 JavaThread "http-nio-8080-exec-7" daemon [_thread_blocked, id=2676, stack(0x000000b3ed300000,0x000000b3ed400000)]
  0x0000023543b8a3b0 JavaThread "http-nio-8080-exec-8" daemon [_thread_blocked, id=4536, stack(0x000000b3ed400000,0x000000b3ed500000)]
  0x0000023543b89540 JavaThread "http-nio-8080-exec-9" daemon [_thread_blocked, id=6648, stack(0x000000b3ed500000,0x000000b3ed600000)]
  0x0000023543b8a880 JavaThread "http-nio-8080-exec-10" daemon [_thread_blocked, id=2360, stack(0x000000b3ed600000,0x000000b3ed700000)]
  0x0000023543b8b220 JavaThread "http-nio-8080-Poller" daemon [_thread_in_native, id=2384, stack(0x000000b3ed700000,0x000000b3ed800000)]
  0x0000023543342d60 JavaThread "http-nio-8080-Acceptor" daemon [_thread_in_native, id=6396, stack(0x000000b3ed800000,0x000000b3ed900000)]
  0x0000023543343bd0 JavaThread "DestroyJavaVM" [_thread_blocked, id=3876, stack(0x000000b3eaf00000,0x000000b3eb000000)]

Other Threads:
  0x00000235227c4a20 VMThread "VM Thread" [stack: 0x000000b3eb500000,0x000000b3eb600000] [id=3608]
  0x0000023540059870 WatcherThread [stack: 0x000000b3ec000000,0x000000b3ec100000] [id=6380]
  0x0000023522757060 GCTaskThread "GC Thread#0" [stack: 0x000000b3eb000000,0x000000b3eb100000] [id=6448]
  0x00000235403804b0 GCTaskThread "GC Thread#1" [stack: 0x000000b3ec200000,0x000000b3ec300000] [id=6816]
  0x000002352275ffa0 ConcurrentGCThread "G1 Main Marker" [stack: 0x000000b3eb100000,0x000000b3eb200000] [id=5032]
  0x00000235227609b0 ConcurrentGCThread "G1 Conc#0" [stack: 0x000000b3eb200000,0x000000b3eb300000] [id=5724]
  0x00000235227a54b0 ConcurrentGCThread "G1 Refine#0" [stack: 0x000000b3eb300000,0x000000b3eb400000] [id=8132]
  0x00000235227a5ed0 ConcurrentGCThread "G1 Service" [stack: 0x000000b3eb400000,0x000000b3eb500000] [id=3412]

Threads with active compile tasks:
C2 CompilerThread0  1708766 6272       4       sun.util.locale.BaseLocale::getInstance (149 bytes)

VM state: not at safepoint (normal execution)

VM Mutex/Monitor currently owned by a thread: None

Heap address: 0x00000000c0000000, size: 1024 MB, Compressed Oops mode: 32-bit

CDS archive(s) mapped at: [0x0000000800000000-0x0000000800bd0000-0x0000000800bd0000), size 12386304, SharedBaseAddress: 0x0000000800000000, ArchiveRelocationMode: 0.
Compressed class space mapped at: 0x0000000800c00000-0x0000000840c00000, reserved size: 1073741824
Narrow klass base: 0x0000000800000000, Narrow klass shift: 0, Narrow klass range: 0x100000000

GC Precious Log:
 CPUs: 2 total, 2 available
 Memory: 4095M
 Large Page Support: Disabled
 NUMA Support: Disabled
 Compressed Oops: Enabled (32-bit)
 Heap Region Size: 1M
 Heap Min Capacity: 8M
 Heap Initial Capacity: 64M
 Heap Max Capacity: 1G
 Pre-touch: Disabled
 Parallel Workers: 2
 Concurrent Workers: 1
 Concurrent Refinement Workers: 2
 Periodic GC: Disabled

Heap:
 garbage-first heap   total 54272K, used 34779K [0x00000000c0000000, 0x0000000100000000)
  region size 1024K, 8 young (8192K), 1 survivors (1024K)
 Metaspace       used 64000K, committed 64384K, reserved 1105920K
  class space    used 8611K, committed 8768K, reserved 1048576K

Heap Regions: E=young(eden), S=young(survivor), O=old, HS=humongous(starts), HC=humongous(continues), CS=collection set, F=free, OA=open archive, CA=closed archive, TAMS=top-at-mark-start (previous, next)
|   0|0x00000000c0000000, 0x00000000c0100000, 0x00000000c0100000|100%|HS|  |TAMS 0x00000000c0100000, 0x00000000c0000000| Complete 
|   1|0x00000000c0100000, 0x00000000c0200000, 0x00000000c0200000|100%| O|  |TAMS 0x00000000c0200000, 0x00000000c0100000| Untracked 
|   2|0x00000000c0200000, 0x00000000c0300000, 0x00000000c0300000|100%| O|  |TAMS 0x00000000c0300000, 0x00000000c0200000| Untracked 
|   3|0x00000000c0300000, 0x00000000c0400000, 0x00000000c0400000|100%| O|  |TAMS 0x00000000c0400000, 0x00000000c0300000| Untracked 
|   4|0x00000000c0400000, 0x00000000c0500000, 0x00000000c0500000|100%| O|  |TAMS 0x00000000c0500000, 0x00000000c0400000| Untracked 
|   5|0x00000000c0500000, 0x00000000c0600000, 0x00000000c0600000|100%| O|  |TAMS 0x00000000c0600000, 0x00000000c0500000| Untracked 
|   6|0x00000000c0600000, 0x00000000c0700000, 0x00000000c0700000|100%| O|  |TAMS 0x00000000c0700000, 0x00000000c0600000| Untracked 
|   7|0x00000000c0700000, 0x00000000c0800000, 0x00000000c0800000|100%| O|  |TAMS 0x00000000c0800000, 0x00000000c0700000| Untracked 
|   8|0x00000000c0800000, 0x00000000c0900000, 0x00000000c0900000|100%| O|  |TAMS 0x00000000c0900000, 0x00000000c0800000| Untracked 
|   9|0x00000000c0900000, 0x00000000c0a00000, 0x00000000c0a00000|100%| O|  |TAMS 0x00000000c0a00000, 0x00000000c0900000| Untracked 
|  10|0x00000000c0a00000, 0x00000000c0b00000, 0x00000000c0b00000|100%| O|  |TAMS 0x00000000c0b00000, 0x00000000c0a00000| Untracked 
|  11|0x00000000c0b00000, 0x00000000c0c00000, 0x00000000c0c00000|100%| O|  |TAMS 0x00000000c0c00000, 0x00000000c0b00000| Untracked 
|  12|0x00000000c0c00000, 0x00000000c0d00000, 0x00000000c0d00000|100%| O|  |TAMS 0x00000000c0d00000, 0x00000000c0c00000| Untracked 
|  13|0x00000000c0d00000, 0x00000000c0d00000, 0x00000000c0e00000|  0%| F|  |TAMS 0x00000000c0d00000, 0x00000000c0d00000| Untracked 
|  14|0x00000000c0e00000, 0x00000000c0e00000, 0x00000000c0f00000|  0%| F|  |TAMS 0x00000000c0e00000, 0x00000000c0e00000| Untracked 
|  15|0x00000000c0f00000, 0x00000000c1000000, 0x00000000c1000000|100%| O|  |TAMS 0x00000000c1000000, 0x00000000c0f00000| Untracked 
|  16|0x00000000c1000000, 0x00000000c1100000, 0x00000000c1100000|100%| O|  |TAMS 0x00000000c1100000, 0x00000000c1000000| Untracked 
|  17|0x00000000c1100000, 0x00000000c1200000, 0x00000000c1200000|100%| O|  |TAMS 0x00000000c1200000, 0x00000000c1100000| Untracked 
|  18|0x00000000c1200000, 0x00000000c1300000, 0x00000000c1300000|100%| O|  |TAMS 0x00000000c1300000, 0x00000000c1200000| Untracked 
|  19|0x00000000c1300000, 0x00000000c1400000, 0x00000000c1400000|100%| O|  |TAMS 0x00000000c1400000, 0x00000000c1300000| Untracked 
|  20|0x00000000c1400000, 0x00000000c1500000, 0x00000000c1500000|100%| O|  |TAMS 0x00000000c1500000, 0x00000000c1400000| Untracked 
|  21|0x00000000c1500000, 0x00000000c1600000, 0x00000000c1600000|100%| O|  |TAMS 0x00000000c1600000, 0x00000000c1500000| Untracked 
|  22|0x00000000c1600000, 0x00000000c1700000, 0x00000000c1700000|100%| O|  |TAMS 0x00000000c1700000, 0x00000000c1600000| Untracked 
|  23|0x00000000c1700000, 0x00000000c1800000, 0x00000000c1800000|100%| O|  |TAMS 0x00000000c1800000, 0x00000000c1700000| Untracked 
|  24|0x00000000c1800000, 0x00000000c1900000, 0x00000000c1900000|100%| O|  |TAMS 0x00000000c1900000, 0x00000000c1800000| Untracked 
|  25|0x00000000c1900000, 0x00000000c1a00000, 0x00000000c1a00000|100%| O|  |TAMS 0x00000000c1a00000, 0x00000000c1900000| Untracked 
|  26|0x00000000c1a00000, 0x00000000c1b00000, 0x00000000c1b00000|100%| O|  |TAMS 0x00000000c1b00000, 0x00000000c1a00000| Complete 
|  27|0x00000000c1b00000, 0x00000000c1c00000, 0x00000000c1c00000|100%| O|  |TAMS 0x00000000c1c00000, 0x00000000c1b00000| Untracked 
|  28|0x00000000c1c00000, 0x00000000c1d00000, 0x00000000c1d00000|100%| O|  |TAMS 0x00000000c1d00000, 0x00000000c1c00000| Untracked 
|  29|0x00000000c1d00000, 0x00000000c1de2c00, 0x00000000c1e00000| 88%| O|  |TAMS 0x00000000c1de2c00, 0x00000000c1d00000| Untracked 
|  30|0x00000000c1e00000, 0x00000000c1e00000, 0x00000000c1f00000|  0%| F|  |TAMS 0x00000000c1e00000, 0x00000000c1e00000| Untracked 
|  31|0x00000000c1f00000, 0x00000000c1f00000, 0x00000000c2000000|  0%| F|  |TAMS 0x00000000c1f00000, 0x00000000c1f00000| Untracked 
|  32|0x00000000c2000000, 0x00000000c2000000, 0x00000000c2100000|  0%| F|  |TAMS 0x00000000c2000000, 0x00000000c2000000| Untracked 
|  33|0x00000000c2100000, 0x00000000c2100000, 0x00000000c2200000|  0%| F|  |TAMS 0x00000000c2100000, 0x00000000c2100000| Untracked 
|  34|0x00000000c2200000, 0x00000000c2200000, 0x00000000c2300000|  0%| F|  |TAMS 0x00000000c2200000, 0x00000000c2200000| Untracked 
|  35|0x00000000c2300000, 0x00000000c2300000, 0x00000000c2400000|  0%| F|  |TAMS 0x00000000c2300000, 0x00000000c2300000| Untracked 
|  36|0x00000000c2400000, 0x00000000c24143f0, 0x00000000c2500000|  7%| S|CS|TAMS 0x00000000c2400000, 0x00000000c2400000| Complete 
|  37|0x00000000c2500000, 0x00000000c2500000, 0x00000000c2600000|  0%| F|  |TAMS 0x00000000c2500000, 0x00000000c2500000| Untracked 
|  38|0x00000000c2600000, 0x00000000c2600000, 0x00000000c2700000|  0%| F|  |TAMS 0x00000000c2600000, 0x00000000c2600000| Untracked 
|  39|0x00000000c2700000, 0x00000000c2700000, 0x00000000c2800000|  0%| F|  |TAMS 0x00000000c2700000, 0x00000000c2700000| Untracked 
|  40|0x00000000c2800000, 0x00000000c2800000, 0x00000000c2900000|  0%| F|  |TAMS 0x00000000c2800000, 0x00000000c2800000| Untracked 
|  41|0x00000000c2900000, 0x00000000c2900000, 0x00000000c2a00000|  0%| F|  |TAMS 0x00000000c2900000, 0x00000000c2900000| Untracked 
|  42|0x00000000c2a00000, 0x00000000c2a00000, 0x00000000c2b00000|  0%| F|  |TAMS 0x00000000c2a00000, 0x00000000c2a00000| Untracked 
|  43|0x00000000c2b00000, 0x00000000c2b00000, 0x00000000c2c00000|  0%| F|  |TAMS 0x00000000c2b00000, 0x00000000c2b00000| Untracked 
|  44|0x00000000c2c00000, 0x00000000c2c00000, 0x00000000c2d00000|  0%| F|  |TAMS 0x00000000c2c00000, 0x00000000c2c00000| Untracked 
|  45|0x00000000c2d00000, 0x00000000c2d00000, 0x00000000c2e00000|  0%| F|  |TAMS 0x00000000c2d00000, 0x00000000c2d00000| Untracked 
|  46|0x00000000c2e00000, 0x00000000c2ef7e48, 0x00000000c2f00000| 96%| E|  |TAMS 0x00000000c2e00000, 0x00000000c2e00000| Complete 
|  47|0x00000000c2f00000, 0x00000000c3000000, 0x00000000c3000000|100%| E|CS|TAMS 0x00000000c2f00000, 0x00000000c2f00000| Complete 
|  48|0x00000000c3000000, 0x00000000c3100000, 0x00000000c3100000|100%| E|CS|TAMS 0x00000000c3000000, 0x00000000c3000000| Complete 
|  49|0x00000000c3100000, 0x00000000c3200000, 0x00000000c3200000|100%| E|CS|TAMS 0x00000000c3100000, 0x00000000c3100000| Complete 
|  50|0x00000000c3200000, 0x00000000c3300000, 0x00000000c3300000|100%| E|CS|TAMS 0x00000000c3200000, 0x00000000c3200000| Complete 
|  51|0x00000000c3300000, 0x00000000c3400000, 0x00000000c3400000|100%| E|CS|TAMS 0x00000000c3300000, 0x00000000c3300000| Complete 
|  52|0x00000000c3400000, 0x00000000c3500000, 0x00000000c3500000|100%| E|CS|TAMS 0x00000000c3400000, 0x00000000c3400000| Complete 

Card table byte_map: [0x000002353ad80000,0x000002353af80000] _byte_map_base: 0x000002353a780000

Marking Bits (Prev, Next): (CMBitMap*) 0x00000235227576b0, (CMBitMap*) 0x0000023522757670
 Prev Bits: [0x000002353c180000, 0x000002353d180000)
 Next Bits: [0x000002353b180000, 0x000002353c180000)

Polling page: 0x00000235225e0000

Metaspace:

Usage:
  Non-class:     54.09 MB used.
      Class:      8.41 MB used.
       Both:     62.50 MB used.

Virtual space:
  Non-class space:       56.00 MB reserved,      54.31 MB ( 97%) committed,  7 nodes.
      Class space:        1.00 GB reserved,       8.56 MB ( <1%) committed,  1 nodes.
             Both:        1.05 GB reserved,      62.88 MB (  6%) committed. 

Chunk freelists:
   Non-Class:  1.61 MB
       Class:  3.47 MB
        Both:  5.08 MB

MaxMetaspaceSize: unlimited
CompressedClassSpaceSize: 1.00 GB
Initial GC threshold: 21.00 MB
Current GC threshold: 104.81 MB
CDS: on
MetaspaceReclaimPolicy: balanced
 - commit_granule_bytes: 65536.
 - commit_granule_words: 8192.
 - virtual_space_node_default_size: 1048576.
 - enlarge_chunks_in_place: 1.
 - new_chunks_are_fully_committed: 0.
 - uncommit_free_chunks: 1.
 - use_allocation_guard: 0.
 - handle_deallocations: 1.


Internal statistics:

num_allocs_failed_limit: 6.
num_arena_births: 418.
num_arena_deaths: 58.
num_vsnodes_births: 8.
num_vsnodes_deaths: 0.
num_space_committed: 1006.
num_space_uncommitted: 0.
num_chunks_returned_to_freelist: 75.
num_chunks_taken_from_freelist: 2770.
num_chunk_merges: 17.
num_chunk_splits: 2007.
num_chunks_enlarged: 1642.
num_purges: 4.
num_inconsistent_stats: 0.

CodeHeap 'non-profiled nmethods': size=120064Kb used=3764Kb max_used=3764Kb free=116299Kb
 bounds [0x0000023533240000, 0x00000235335f0000, 0x000002353a780000]
CodeHeap 'profiled nmethods': size=120000Kb used=10891Kb max_used=10891Kb free=109108Kb
 bounds [0x000002352b780000, 0x000002352c230000, 0x0000023532cb0000]
CodeHeap 'non-nmethods': size=5696Kb used=1313Kb max_used=1359Kb free=4382Kb
 bounds [0x0000023532cb0000, 0x0000023532f20000, 0x0000023533240000]
 total_blobs=6237 nmethods=5594 adapters=556
 compilation: enabled
              stopped_count=0, restarted_count=0
 full_count=0

Compilation events (20 events):
Event: 1706.901 Thread 0x00000235227eb480 6285       3       com.mysql.cj.result.AbstractDateTimeValueFactory::<init> (6 bytes)
Event: 1706.901 Thread 0x00000235227eb480 nmethod 6285 0x000002352c21fa10 code [0x000002352c21fba0, 0x000002352c21fce8]
Event: 1706.901 Thread 0x00000235227eb480 6286       3       sun.nio.ch.Util$BufferCache::offerFirst (73 bytes)
Event: 1706.901 Thread 0x00000235227eb480 nmethod 6286 0x000002352c21fd90 code [0x000002352c21ff40, 0x000002352c2202b8]
Event: 1706.902 Thread 0x00000235227eb480 6287       1       com.mysql.cj.protocol.Resultset$Type::getIntValue (5 bytes)
Event: 1706.902 Thread 0x00000235227eb480 nmethod 6287 0x00000235335eca10 code [0x00000235335ecba0, 0x00000235335ecc78]
Event: 1706.904 Thread 0x00000235227eb480 6288       3       org.springframework.util.MultiValueMapAdapter::<init> (16 bytes)
Event: 1706.904 Thread 0x00000235227eb480 nmethod 6288 0x000002352c220410 code [0x000002352c2205c0, 0x000002352c220908]
Event: 1706.905 Thread 0x00000235227eb480 6289       3       org.springframework.security.web.firewall.FirewalledResponse::hasCrlf (30 bytes)
Event: 1706.906 Thread 0x00000235227eb480 nmethod 6289 0x000002352c220a90 code [0x000002352c220ca0, 0x000002352c221358]
Event: 1706.906 Thread 0x00000235227eb480 6290       1       org.apache.coyote.Response::getWriteListener (5 bytes)
Event: 1706.907 Thread 0x00000235227eb480 nmethod 6290 0x00000235335ecd10 code [0x00000235335ecea0, 0x00000235335ecf78]
Event: 1706.910 Thread 0x00000235227eb480 6291       1       java.nio.charset.Charset::name (5 bytes)
Event: 1706.910 Thread 0x00000235227eb480 nmethod 6291 0x00000235335ed010 code [0x00000235335ed1a0, 0x00000235335ed278]
Event: 1706.911 Thread 0x00000235227eb480 6292       3       org.apache.tomcat.util.http.MimeHeaders::getHeader (19 bytes)
Event: 1706.911 Thread 0x00000235227eb480 nmethod 6292 0x000002352c221590 code [0x000002352c221740, 0x000002352c221938]
Event: 1706.913 Thread 0x00000235227eb480 6293       3       java.nio.HeapByteBuffer::put (64 bytes)
Event: 1706.914 Thread 0x00000235227eb480 nmethod 6293 0x000002352c221a10 code [0x000002352c221c40, 0x000002352c222518]
Event: 1706.914 Thread 0x00000235227eb480 6294       3       org.apache.coyote.http11.Http11OutputBuffer::checkLengthBeforeWrite (38 bytes)
Event: 1706.915 Thread 0x00000235227eb480 nmethod 6294 0x000002352c222890 code [0x000002352c222a60, 0x000002352c222d18]

GC Heap History (20 events):
Event: 23.165 GC heap before
{Heap before GC invocations=25 (full 0):
 garbage-first heap   total 54272K, used 43136K [0x00000000c0000000, 0x0000000100000000)
  region size 1024K, 21 young (21504K), 3 survivors (3072K)
 Metaspace       used 55383K, committed 55744K, reserved 1097728K
  class space    used 7560K, committed 7744K, reserved 1048576K
}
Event: 23.174 GC heap after
{Heap after GC invocations=26 (full 0):
 garbage-first heap   total 54272K, used 26136K [0x00000000c0000000, 0x0000000100000000)
  region size 1024K, 3 young (3072K), 3 survivors (3072K)
 Metaspace       used 55383K, committed 55744K, reserved 1097728K
  class space    used 7560K, committed 7744K, reserved 1048576K
}
Event: 23.976 GC heap before
{Heap before GC invocations=26 (full 0):
 garbage-first heap   total 54272K, used 43544K [0x00000000c0000000, 0x0000000100000000)
  region size 1024K, 20 young (20480K), 3 survivors (3072K)
 Metaspace       used 56947K, committed 57280K, reserved 1105920K
  class space    used 7781K, committed 7936K, reserved 1048576K
}
Event: 23.990 GC heap after
{Heap after GC invocations=27 (full 0):
 garbage-first heap   total 54272K, used 27626K [0x00000000c0000000, 0x0000000100000000)
  region size 1024K, 3 young (3072K), 3 survivors (3072K)
 Metaspace       used 56947K, committed 57280K, reserved 1105920K
  class space    used 7781K, committed 7936K, reserved 1048576K
}
Event: 274.787 GC heap before
{Heap before GC invocations=27 (full 0):
 garbage-first heap   total 54272K, used 44010K [0x00000000c0000000, 0x0000000100000000)
  region size 1024K, 19 young (19456K), 3 survivors (3072K)
 Metaspace       used 57487K, committed 57856K, reserved 1105920K
  class space    used 7835K, committed 8064K, reserved 1048576K
}
Event: 274.815 GC heap after
{Heap after GC invocations=28 (full 0):
 garbage-first heap   total 54272K, used 28112K [0x00000000c0000000, 0x0000000100000000)
  region size 1024K, 1 young (1024K), 1 survivors (1024K)
 Metaspace       used 57487K, committed 57856K, reserved 1105920K
  class space    used 7835K, committed 8064K, reserved 1048576K
}
Event: 587.937 GC heap before
{Heap before GC invocations=29 (full 0):
 garbage-first heap   total 54272K, used 44496K [0x00000000c0000000, 0x0000000100000000)
  region size 1024K, 17 young (17408K), 1 survivors (1024K)
 Metaspace       used 57500K, committed 57856K, reserved 1105920K
  class space    used 7833K, committed 8064K, reserved 1048576K
}
Event: 587.947 GC heap after
{Heap after GC invocations=30 (full 0):
 garbage-first heap   total 54272K, used 27705K [0x00000000c0000000, 0x0000000100000000)
  region size 1024K, 1 young (1024K), 1 survivors (1024K)
 Metaspace       used 57500K, committed 57856K, reserved 1105920K
  class space    used 7833K, committed 8064K, reserved 1048576K
}
Event: 901.336 GC heap before
{Heap before GC invocations=30 (full 0):
 garbage-first heap   total 54272K, used 44089K [0x00000000c0000000, 0x0000000100000000)
  region size 1024K, 17 young (17408K), 1 survivors (1024K)
 Metaspace       used 57522K, committed 57920K, reserved 1105920K
  class space    used 7833K, committed 8064K, reserved 1048576K
}
Event: 901.345 GC heap after
{Heap after GC invocations=31 (full 0):
 garbage-first heap   total 54272K, used 27698K [0x00000000c0000000, 0x0000000100000000)
  region size 1024K, 1 young (1024K), 1 survivors (1024K)
 Metaspace       used 57522K, committed 57920K, reserved 1105920K
  class space    used 7833K, committed 8064K, reserved 1048576K
}
Event: 1080.746 GC heap before
{Heap before GC invocations=32 (full 0):
 garbage-first heap   total 54272K, used 44082K [0x00000000c0000000, 0x0000000100000000)
  region size 1024K, 18 young (18432K), 1 survivors (1024K)
 Metaspace       used 59351K, committed 59712K, reserved 1105920K
  class space    used 8063K, committed 8256K, reserved 1048576K
}
Event: 1080.870 GC heap after
{Heap after GC invocations=33 (full 0):
 garbage-first heap   total 54272K, used 28374K [0x00000000c0000000, 0x0000000100000000)
  region size 1024K, 1 young (1024K), 1 survivors (1024K)
 Metaspace       used 59351K, committed 59712K, reserved 1105920K
  class space    used 8063K, committed 8256K, reserved 1048576K
}
Event: 1130.721 GC heap before
{Heap before GC invocations=33 (full 0):
 garbage-first heap   total 54272K, used 43734K [0x00000000c0000000, 0x0000000100000000)
  region size 1024K, 17 young (17408K), 1 survivors (1024K)
 Metaspace       used 62456K, committed 62848K, reserved 1105920K
  class space    used 8434K, committed 8640K, reserved 1048576K
}
Event: 1130.753 GC heap after
{Heap after GC invocations=34 (full 0):
 garbage-first heap   total 54272K, used 29090K [0x00000000c0000000, 0x0000000100000000)
  region size 1024K, 2 young (2048K), 2 survivors (2048K)
 Metaspace       used 62456K, committed 62848K, reserved 1105920K
  class space    used 8434K, committed 8640K, reserved 1048576K
}
Event: 1265.529 GC heap before
{Heap before GC invocations=35 (full 0):
 garbage-first heap   total 54272K, used 43426K [0x00000000c0000000, 0x0000000100000000)
  region size 1024K, 17 young (17408K), 2 survivors (2048K)
 Metaspace       used 63991K, committed 64384K, reserved 1105920K
  class space    used 8611K, committed 8768K, reserved 1048576K
}
Event: 1265.560 GC heap after
{Heap after GC invocations=36 (full 0):
 garbage-first heap   total 54272K, used 29415K [0x00000000c0000000, 0x0000000100000000)
  region size 1024K, 2 young (2048K), 2 survivors (2048K)
 Metaspace       used 63991K, committed 64384K, reserved 1105920K
  class space    used 8611K, committed 8768K, reserved 1048576K
}
Event: 1284.119 GC heap before
{Heap before GC invocations=36 (full 0):
 garbage-first heap   total 54272K, used 30439K [0x00000000c0000000, 0x0000000100000000)
  region size 1024K, 3 young (3072K), 2 survivors (2048K)
 Metaspace       used 63991K, committed 64384K, reserved 1105920K
  class space    used 8611K, committed 8768K, reserved 1048576K
}
Event: 1284.223 GC heap after
{Heap after GC invocations=37 (full 0):
 garbage-first heap   total 54272K, used 28874K [0x00000000c0000000, 0x0000000100000000)
  region size 1024K, 1 young (1024K), 1 survivors (1024K)
 Metaspace       used 63991K, committed 64384K, reserved 1105920K
  class space    used 8611K, committed 8768K, reserved 1048576K
}
Event: 1576.843 GC heap before
{Heap before GC invocations=37 (full 0):
 garbage-first heap   total 54272K, used 44234K [0x00000000c0000000, 0x0000000100000000)
  region size 1024K, 16 young (16384K), 1 survivors (1024K)
 Metaspace       used 63993K, committed 64384K, reserved 1105920K
  class space    used 8611K, committed 8768K, reserved 1048576K
}
Event: 1576.845 GC heap after
{Heap after GC invocations=38 (full 0):
 garbage-first heap   total 54272K, used 28635K [0x00000000c0000000, 0x0000000100000000)
  region size 1024K, 1 young (1024K), 1 survivors (1024K)
 Metaspace       used 63993K, committed 64384K, reserved 1105920K
  class space    used 8611K, committed 8768K, reserved 1048576K
}

Deoptimization events (20 events):
Event: 1141.488 Thread 0x0000023543b8b6f0 DEOPT PACKING pc=0x000002353335dc8c sp=0x000000b3ecdf9220
Event: 1141.488 Thread 0x0000023543b8b6f0 DEOPT UNPACKING pc=0x0000023532d0239d sp=0x000000b3ecdf91d0 mode 2
Event: 1141.490 Thread 0x0000023543b8b6f0 Uncommon trap: trap_request=0xffffffd6 fr.pc=0x000002353335dc8c relative=0x000000000000034c
Event: 1141.490 Thread 0x0000023543b8b6f0 Uncommon trap: reason=array_check action=maybe_recompile pc=0x000002353335dc8c method=java.util.AbstractCollection.toArray([Ljava/lang/Object;)[Ljava/lang/Object; @ 116 c2
Event: 1141.490 Thread 0x0000023543b8b6f0 DEOPT PACKING pc=0x000002353335dc8c sp=0x000000b3ecdf9330
Event: 1141.490 Thread 0x0000023543b8b6f0 DEOPT UNPACKING pc=0x0000023532d0239d sp=0x000000b3ecdf92e0 mode 2
Event: 1141.842 Thread 0x0000023543b8b6f0 DEOPT PACKING pc=0x000002352bfd711f sp=0x000000b3ecdf3ce0
Event: 1141.842 Thread 0x0000023543b8b6f0 DEOPT UNPACKING pc=0x0000023532d02b24 sp=0x000000b3ecdf3270 mode 0
Event: 1141.970 Thread 0x0000023543b8b6f0 Uncommon trap: trap_request=0xfffffff4 fr.pc=0x00000235333a1b14 relative=0x00000000000035b4
Event: 1141.970 Thread 0x0000023543b8b6f0 Uncommon trap: reason=null_check action=make_not_entrant pc=0x00000235333a1b14 method=java.lang.Class.reflectionData()Ljava/lang/Class$ReflectionData; @ 18 c2
Event: 1141.970 Thread 0x0000023543b8b6f0 DEOPT PACKING pc=0x00000235333a1b14 sp=0x000000b3ecdfdcf0
Event: 1141.970 Thread 0x0000023543b8b6f0 DEOPT UNPACKING pc=0x0000023532d0239d sp=0x000000b3ecdfdbe8 mode 2
Event: 1142.271 Thread 0x0000023543b8b6f0 Uncommon trap: trap_request=0xffffffc6 fr.pc=0x00000235333b346c relative=0x00000000000002ac
Event: 1142.271 Thread 0x0000023543b8b6f0 Uncommon trap: reason=bimorphic_or_optimized_type_check action=maybe_recompile pc=0x00000235333b346c method=java.util.Collections$SetFromMap.contains(Ljava/lang/Object;)Z @ 5 c2
Event: 1142.271 Thread 0x0000023543b8b6f0 DEOPT PACKING pc=0x00000235333b346c sp=0x000000b3ecdfb590
Event: 1142.271 Thread 0x0000023543b8b6f0 DEOPT UNPACKING pc=0x0000023532d0239d sp=0x000000b3ecdfb538 mode 2
Event: 1142.272 Thread 0x0000023543b8b6f0 Uncommon trap: trap_request=0xffffffc6 fr.pc=0x00000235333b346c relative=0x00000000000002ac
Event: 1142.272 Thread 0x0000023543b8b6f0 Uncommon trap: reason=bimorphic_or_optimized_type_check action=maybe_recompile pc=0x00000235333b346c method=java.util.Collections$SetFromMap.contains(Ljava/lang/Object;)Z @ 5 c2
Event: 1142.272 Thread 0x0000023543b8b6f0 DEOPT PACKING pc=0x00000235333b346c sp=0x000000b3ecdfb4c0
Event: 1142.272 Thread 0x0000023543b8b6f0 DEOPT UNPACKING pc=0x0000023532d0239d sp=0x000000b3ecdfb468 mode 2

Classes unloaded (20 events):
Event: 1130.818 Thread 0x00000235227c4a20 Unloading class 0x0000000800ea0400 'jdk/internal/reflect/GeneratedConstructorAccessor13'
Event: 1130.818 Thread 0x00000235227c4a20 Unloading class 0x0000000800e88800 'jdk/internal/reflect/GeneratedConstructorAccessor11'
Event: 1130.818 Thread 0x00000235227c4a20 Unloading class 0x0000000800e88400 'jdk/internal/reflect/GeneratedConstructorAccessor10'
Event: 1130.818 Thread 0x00000235227c4a20 Unloading class 0x0000000800e88000 'jdk/internal/reflect/GeneratedConstructorAccessor9'
Event: 1130.818 Thread 0x00000235227c4a20 Unloading class 0x0000000800e7d400 'jdk/internal/reflect/GeneratedConstructorAccessor8'
Event: 1130.818 Thread 0x00000235227c4a20 Unloading class 0x0000000800e74400 'java/lang/invoke/LambdaForm$DMH+0x0000000800e74400'
Event: 1130.818 Thread 0x00000235227c4a20 Unloading class 0x0000000800df6000 'java/lang/invoke/LambdaForm$MH+0x0000000800df6000'
Event: 1130.818 Thread 0x00000235227c4a20 Unloading class 0x0000000800df5c00 'java/lang/invoke/LambdaForm$MH+0x0000000800df5c00'
Event: 1130.818 Thread 0x00000235227c4a20 Unloading class 0x0000000800df5800 'java/lang/invoke/LambdaForm$MH+0x0000000800df5800'
Event: 1130.818 Thread 0x00000235227c4a20 Unloading class 0x0000000800df5400 'java/lang/invoke/LambdaForm$MH+0x0000000800df5400'
Event: 1130.818 Thread 0x00000235227c4a20 Unloading class 0x0000000800df4c00 'java/lang/invoke/LambdaForm$MH+0x0000000800df4c00'
Event: 1130.818 Thread 0x00000235227c4a20 Unloading class 0x0000000800df4800 'java/lang/invoke/LambdaForm$MH+0x0000000800df4800'
Event: 1130.818 Thread 0x00000235227c4a20 Unloading class 0x0000000800df4400 'java/lang/invoke/LambdaForm$MH+0x0000000800df4400'
Event: 1130.818 Thread 0x00000235227c4a20 Unloading class 0x0000000800df4000 'java/lang/invoke/LambdaForm$MH+0x0000000800df4000'
Event: 1130.818 Thread 0x00000235227c4a20 Unloading class 0x0000000800d17400 'java/lang/invoke/LambdaForm$MH+0x0000000800d17400'
Event: 1130.818 Thread 0x00000235227c4a20 Unloading class 0x0000000800d16c00 'java/lang/invoke/LambdaForm$MH+0x0000000800d16c00'
Event: 1130.818 Thread 0x00000235227c4a20 Unloading class 0x0000000800d16800 'java/lang/invoke/LambdaForm$MH+0x0000000800d16800'
Event: 1130.818 Thread 0x00000235227c4a20 Unloading class 0x0000000800d16400 'java/lang/invoke/LambdaForm$MH+0x0000000800d16400'
Event: 1130.818 Thread 0x00000235227c4a20 Unloading class 0x0000000800d15c00 'java/lang/invoke/LambdaForm$MH+0x0000000800d15c00'
Event: 1130.818 Thread 0x00000235227c4a20 Unloading class 0x0000000800d15400 'java/lang/invoke/LambdaForm$MH+0x0000000800d15400'

Classes redefined (0 events):
No events

Internal exceptions (20 events):
Event: 23.951 Thread 0x00000235409a6820 Exception <a 'java/lang/NoSuchMethodError'{0x00000000c24b6328}: 'void java.lang.invoke.DirectMethodHandle$Holder.invokeVirtual(java.lang.Object, java.lang.Object)'> (0x00000000c24b6328) 
thrown [s\open\src\hotspot\share\interpreter\linkResolver.cpp, line 759]
Event: 1081.296 Thread 0x0000023543b8c560 Exception <a 'java/lang/NoSuchMethodError'{0x00000000c3393a28}: 'java.lang.Object java.lang.invoke.DirectMethodHandle$Holder.invokeStaticInit(java.lang.Object, java.lang.Object, java.lang.Object, java.lang.Object, java.lang.Object, java.lang.Object)'> (0x00000000c3393a28) 
thrown [s\open\src\hotspot\share\interpreter\linkResolver.cpp, line 759]
Event: 1130.290 Thread 0x0000023543b8bbc0 Exception <a 'java/lang/NoSuchMethodError'{0x00000000c28e20b8}: 'java.lang.Object java.lang.invoke.DirectMethodHandle$Holder.newInvokeSpecial(java.lang.Object, java.lang.Object, java.lang.Object, java.lang.Object, java.lang.Object, java.lang.Object, java.lang.Object)'> (0x00000000c28e20b8) 
thrown [s\open\src\hotspot\share\interpreter\linkResolver.cpp, line 759]
Event: 1130.304 Thread 0x0000023543b8bbc0 Exception <a 'java/lang/NoSuchMethodError'{0x00000000c28e71c0}: 'java.lang.Object java.lang.invoke.Invokers$Holder.linkToTargetMethod(java.lang.Object, java.lang.Object, java.lang.Object, java.lang.Object, java.lang.Object, java.lang.Object, java.lang.Object)'> (0x00000000c28e71c0) 
thrown [s\open\src\hotspot\share\interpreter\linkResolver.cpp, line 759]
Event: 1130.892 Thread 0x0000023543b8bbc0 Implicit null exception at 0x00000235333b7a36 to 0x00000235333b8394
Event: 1130.894 Thread 0x0000023543b8bbc0 Implicit null exception at 0x0000023533309b97 to 0x000002353330ba9c
Event: 1130.894 Thread 0x0000023543b8bbc0 Implicit null exception at 0x0000023533347cd9 to 0x0000023533347d5c
Event: 1130.927 Thread 0x0000023543b8bbc0 Implicit null exception at 0x00000235333bbc6f to 0x00000235333bbfd4
Event: 1131.323 Thread 0x0000023543b8bbc0 Implicit null exception at 0x00000235334687a4 to 0x000002353346b02c
Event: 1131.566 Thread 0x0000023543b8bbc0 Implicit null exception at 0x00000235334c59b9 to 0x00000235334c6024
Event: 1131.640 Thread 0x0000023543b8bbc0 Exception <a 'sun/nio/fs/WindowsException'{0x00000000c3193770}> (0x00000000c3193770) 
thrown [s\open\src\hotspot\share\prims\jni.cpp, line 516]
Event: 1131.811 Thread 0x0000023543b89ee0 Implicit null exception at 0x000002353346d424 to 0x000002353346fcb0
Event: 1141.471 Thread 0x0000023543b8b6f0 Exception <a 'java/lang/ClassNotFoundException'{0x00000000c2f744b8}: java/lang/ObjectCustomizer> (0x00000000c2f744b8) 
thrown [s\open\src\hotspot\share\classfile\systemDictionary.cpp, line 256]
Event: 1141.490 Thread 0x0000023543b8b6f0 Exception <a 'java/lang/ClassNotFoundException'{0x00000000c2f83f70}: com/portfolio/fml/Entity/ExperienciaCustomizer> (0x00000000c2f83f70) 
thrown [s\open\src\hotspot\share\classfile\systemDictionary.cpp, line 256]
Event: 1141.907 Thread 0x0000023543b8b6f0 Exception <a 'java/lang/reflect/InvocationTargetException'{0x00000000c2e887a8}> (0x00000000c2e887a8) 
thrown [s\open\src\hotspot\share\runtime\reflection.cpp, line 1121]
Event: 1141.907 Thread 0x0000023543b8b6f0 Exception <a 'java/lang/reflect/InvocationTargetException'{0x00000000c2e89518}> (0x00000000c2e89518) 
thrown [s\open\src\hotspot\share\runtime\reflection.cpp, line 1121]
Event: 1141.907 Thread 0x0000023543b8b6f0 Exception <a 'java/lang/reflect/InvocationTargetException'{0x00000000c2e8a288}> (0x00000000c2e8a288) 
thrown [s\open\src\hotspot\share\runtime\reflection.cpp, line 1121]
Event: 1141.931 Thread 0x0000023543b8b6f0 Exception <a 'java/lang/reflect/InvocationTargetException'{0x00000000c2ea5a60}> (0x00000000c2ea5a60) 
thrown [s\open\src\hotspot\share\runtime\reflection.cpp, line 1121]
Event: 1141.970 Thread 0x0000023543b8b6f0 Implicit null exception at 0x000002353339e5c2 to 0x00000235333a1ae8
Event: 1141.987 Thread 0x0000023543b8b6f0 Exception <a 'java/lang/NoClassDefFoundError'{0x00000000c2ee7ac0}: sun/reflect/Reflection> (0x00000000c2ee7ac0) 
thrown [s\open\src\hotspot\share\classfile\systemDictionary.cpp, line 245]

VM Operations (20 events):
Event: 1147.877 Executing VM operation: Cleanup
Event: 1147.877 Executing VM operation: Cleanup done
Event: 1217.606 Executing VM operation: Cleanup
Event: 1217.606 Executing VM operation: Cleanup done
Event: 1265.529 Executing VM operation: G1CollectForAllocation
Event: 1265.560 Executing VM operation: G1CollectForAllocation done
Event: 1284.119 Executing VM operation: G1CollectForAllocation
Event: 1284.223 Executing VM operation: G1CollectForAllocation done
Event: 1417.179 Executing VM operation: Cleanup
Event: 1417.179 Executing VM operation: Cleanup done
Event: 1550.228 Executing VM operation: Cleanup
Event: 1550.228 Executing VM operation: Cleanup done
Event: 1558.272 Executing VM operation: Cleanup
Event: 1558.272 Executing VM operation: Cleanup done
Event: 1576.843 Executing VM operation: G1CollectForAllocation
Event: 1576.845 Executing VM operation: G1CollectForAllocation done
Event: 1576.917 Executing VM operation: G1Concurrent
Event: 1576.924 Executing VM operation: G1Concurrent done
Event: 1576.962 Executing VM operation: G1Concurrent
Event: 1576.962 Executing VM operation: G1Concurrent done

Events (20 events):
Event: 1131.733 loading class sun/security/provider/SHA5$SHA512
Event: 1131.733 loading class sun/security/provider/SHA5
Event: 1131.733 loading class sun/security/provider/SHA5 done
Event: 1131.733 loading class sun/security/provider/SHA5$SHA512 done
Event: 1141.470 loading class java/lang/ObjectCustomizer
Event: 1141.470 loading class java/lang/ObjectCustomizer done
Event: 1141.471 loading class java/lang/ObjectCustomizer
Event: 1141.471 loading class java/lang/ObjectCustomizer done
Event: 1141.793 loading class java/util/concurrent/atomic/AtomicReferenceFieldUpdater
Event: 1141.813 loading class java/util/concurrent/atomic/AtomicReferenceFieldUpdater done
Event: 1141.818 loading class java/util/concurrent/atomic/AtomicReferenceFieldUpdater$AtomicReferenceFieldUpdaterImpl
Event: 1141.819 loading class java/util/concurrent/atomic/AtomicReferenceFieldUpdater$AtomicReferenceFieldUpdaterImpl done
Event: 1141.819 loading class java/util/concurrent/atomic/AtomicReferenceFieldUpdater$AtomicReferenceFieldUpdaterImpl$1
Event: 1141.819 loading class java/util/concurrent/atomic/AtomicReferenceFieldUpdater$AtomicReferenceFieldUpdaterImpl$1 done
Event: 1141.986 loading class sun/reflect/Reflection
Event: 1141.986 loading class sun/reflect/Reflection done
Event: 1142.257 loading class java/lang/Throwable$WrappedPrintWriter
Event: 1142.270 loading class java/lang/Throwable$PrintStreamOrWriter
Event: 1142.270 loading class java/lang/Throwable$PrintStreamOrWriter done
Event: 1142.270 loading class java/lang/Throwable$WrappedPrintWriter done


Dynamic libraries:
0x00007ff696640000 - 0x00007ff696650000 	C:\Program Files\Java\jdk-17\bin\java.exe
0x00007ff813310000 - 0x00007ff813508000 	C:\Windows\SYSTEM32\ntdll.dll
0x00007ff812cc0000 - 0x00007ff812d7f000 	C:\Windows\System32\KERNEL32.DLL
0x00007ff810fc0000 - 0x00007ff8112b6000 	C:\Windows\System32\KERNELBASE.dll
0x00007ff8109f0000 - 0x00007ff810af0000 	C:\Windows\System32\ucrtbase.dll
0x00007fffccdf0000 - 0x00007fffcce09000 	C:\Program Files\Java\jdk-17\bin\jli.dll
0x00007ff811ce0000 - 0x00007ff811d8f000 	C:\Windows\System32\ADVAPI32.dll
0x00007ff8114c0000 - 0x00007ff81155e000 	C:\Windows\System32\msvcrt.dll
0x00007ff812120000 - 0x00007ff8121bc000 	C:\Windows\System32\sechost.dll
0x00007ff812f00000 - 0x00007ff813026000 	C:\Windows\System32\RPCRT4.dll
0x00007ff811e50000 - 0x00007ff811fed000 	C:\Windows\System32\USER32.dll
0x00007ff810f90000 - 0x00007ff810fb2000 	C:\Windows\System32\win32u.dll
0x00007ff8123b0000 - 0x00007ff8123dc000 	C:\Windows\System32\GDI32.dll
0x00007ff810c40000 - 0x00007ff810d55000 	C:\Windows\System32\gdi32full.dll
0x00007ff810ec0000 - 0x00007ff810f5d000 	C:\Windows\System32\msvcp_win.dll
0x00007fffe8db0000 - 0x00007fffe8dcb000 	C:\Program Files\Java\jdk-17\bin\VCRUNTIME140.dll
0x00007ffffe820000 - 0x00007ffffeaba000 	C:\Windows\WinSxS\amd64_microsoft.windows.common-controls_6595b64144ccf1df_6.0.19041.1110_none_60b5254171f9507e\COMCTL32.dll
0x00007ff809e70000 - 0x00007ff809e7a000 	C:\Windows\SYSTEM32\VERSION.dll
0x00007ff811370000 - 0x00007ff8113a0000 	C:\Windows\System32\IMM32.DLL
0x00007fffea810000 - 0x00007fffea81c000 	C:\Program Files\Java\jdk-17\bin\vcruntime140_1.dll
0x00007fffd2590000 - 0x00007fffd261e000 	C:\Program Files\Java\jdk-17\bin\msvcp140.dll
0x00007fffd28a0000 - 0x00007fffd347d000 	C:\Program Files\Java\jdk-17\bin\server\jvm.dll
0x00007ff8132c0000 - 0x00007ff8132c8000 	C:\Windows\System32\PSAPI.DLL
0x00007fffea820000 - 0x00007fffea829000 	C:\Windows\SYSTEM32\WSOCK32.dll
0x00007ff813240000 - 0x00007ff8132ab000 	C:\Windows\System32\WS2_32.dll
0x00007ff806f80000 - 0x00007ff806fa7000 	C:\Windows\SYSTEM32\WINMM.dll
0x00007ff80e8d0000 - 0x00007ff80e8e2000 	C:\Windows\SYSTEM32\kernel.appcore.dll
0x00007fffe9480000 - 0x00007fffe948a000 	C:\Program Files\Java\jdk-17\bin\jimage.dll
0x00007ffffd870000 - 0x00007ffffda54000 	C:\Windows\SYSTEM32\DBGHELP.DLL
0x00007ffffd800000 - 0x00007ffffd834000 	C:\Windows\SYSTEM32\dbgcore.DLL
0x00007ff810b60000 - 0x00007ff810be2000 	C:\Windows\System32\bcryptPrimitives.dll
0x00007fffe8680000 - 0x00007fffe86a5000 	C:\Program Files\Java\jdk-17\bin\java.dll
0x00007fffd27c0000 - 0x00007fffd2897000 	C:\Program Files\Java\jdk-17\bin\jsvml.dll
0x00007ff811580000 - 0x00007ff811cc4000 	C:\Windows\System32\SHELL32.dll
0x00007ff80ead0000 - 0x00007ff80f263000 	C:\Windows\SYSTEM32\windows.storage.dll
0x00007ff8123e0000 - 0x00007ff812734000 	C:\Windows\System32\combase.dll
0x00007ff810400000 - 0x00007ff81042e000 	C:\Windows\SYSTEM32\Wldp.dll
0x00007ff8121c0000 - 0x00007ff81226d000 	C:\Windows\System32\SHCORE.dll
0x00007ff811df0000 - 0x00007ff811e45000 	C:\Windows\System32\shlwapi.dll
0x00007ff810930000 - 0x00007ff81094f000 	C:\Windows\SYSTEM32\profapi.dll
0x00007fffde220000 - 0x00007fffde239000 	C:\Program Files\Java\jdk-17\bin\net.dll
0x00007ff805e10000 - 0x00007ff805f1a000 	C:\Windows\SYSTEM32\WINHTTP.dll
0x00007ff810140000 - 0x00007ff8101aa000 	C:\Windows\system32\mswsock.dll
0x00007fffd6230000 - 0x00007fffd6246000 	C:\Program Files\Java\jdk-17\bin\nio.dll
0x00007fffd6210000 - 0x00007fffd6228000 	C:\Program Files\Java\jdk-17\bin\zip.dll
0x00007fffd6200000 - 0x00007fffd6210000 	C:\Program Files\Java\jdk-17\bin\verify.dll
0x00007fffd5ab0000 - 0x00007fffd5aba000 	C:\Program Files\Java\jdk-17\bin\management.dll
0x00007fffd22f0000 - 0x00007fffd22fb000 	C:\Program Files\Java\jdk-17\bin\management_ext.dll
0x00007fffff040000 - 0x00007fffff057000 	C:\Windows\system32\napinsp.dll
0x00007ffffdef0000 - 0x00007ffffdf0b000 	C:\Windows\system32\pnrpnsp.dll
0x00007ffffbb50000 - 0x00007ffffbb65000 	C:\Windows\system32\wshbth.dll
0x00007ff80c3c0000 - 0x00007ff80c3dd000 	C:\Windows\system32\NLAapi.dll
0x00007ff80fe30000 - 0x00007ff80fe6c000 	C:\Windows\SYSTEM32\IPHLPAPI.DLL
0x00007ff80fe70000 - 0x00007ff80ff3b000 	C:\Windows\SYSTEM32\DNSAPI.dll
0x00007ff8132b0000 - 0x00007ff8132b8000 	C:\Windows\System32\NSI.dll
0x00007ffffded0000 - 0x00007ffffdee2000 	C:\Windows\System32\winrnr.dll
0x000000005b790000 - 0x000000005b7b6000 	C:\Program Files\Bonjour\mdnsNSP.dll
0x00007ff806fd0000 - 0x00007ff806fda000 	C:\Windows\System32\rasadhlp.dll
0x00007ff803630000 - 0x00007ff8036b2000 	C:\Windows\System32\fwpuclnt.dll
0x00007ff810f60000 - 0x00007ff810f87000 	C:\Windows\System32\bcrypt.dll
0x00007ff810340000 - 0x00007ff810358000 	C:\Windows\SYSTEM32\CRYPTSP.dll
0x00007ff80f9f0000 - 0x00007ff80fa24000 	C:\Windows\system32\rsaenh.dll
0x00007ff8108b0000 - 0x00007ff8108de000 	C:\Windows\SYSTEM32\USERENV.dll
0x00007ff810330000 - 0x00007ff81033c000 	C:\Windows\SYSTEM32\CRYPTBASE.dll
0x00007ff806ea0000 - 0x00007ff806eb7000 	C:\Windows\SYSTEM32\dhcpcsvc6.DLL
0x00007ff806e80000 - 0x00007ff806e9d000 	C:\Windows\SYSTEM32\dhcpcsvc.DLL
0x00007ffffdd30000 - 0x00007ffffdd3d000 	C:\Program Files\Java\jdk-17\bin\sunmscapi.dll
0x00007ff810d60000 - 0x00007ff810ebe000 	C:\Windows\System32\CRYPT32.dll
0x00007ff8104b0000 - 0x00007ff8104d8000 	C:\Windows\SYSTEM32\ncrypt.dll
0x00007ff810470000 - 0x00007ff8104ab000 	C:\Windows\SYSTEM32\NTASN1.dll
0x00007fffd87e0000 - 0x00007fffd87e7000 	C:\Windows\system32\wshunix.dll

dbghelp: loaded successfully - version: 4.0.5 - missing functions: none
symbol engine: initialized successfully - sym options: 0x614 - pdb path: .;C:\Program Files\Java\jdk-17\bin;C:\Windows\SYSTEM32;C:\Windows\WinSxS\amd64_microsoft.windows.common-controls_6595b64144ccf1df_6.0.19041.1110_none_60b5254171f9507e;C:\Program Files\Java\jdk-17\bin\server;C:\Program Files\Bonjour

VM Arguments:
java_command: com.portfolio.fml.FmlApplication
java_class_path (initial): E:\Proyecto_Final\Proyecto_Final_FilomenoLautaro\Proyecto_FilomenoLautaro\Backend\target\classes;C:\Users\Lucario\.m2\repository\org\springframework\boot\spring-boot-starter-data-jpa\2.7.11\spring-boot-starter-data-jpa-2.7.11.jar;C:\Users\Lucario\.m2\repository\org\springframework\boot\spring-boot-starter-aop\2.7.11\spring-boot-starter-aop-2.7.11.jar;C:\Users\Lucario\.m2\repository\org\aspectj\aspectjweaver\1.9.7\aspectjweaver-1.9.7.jar;C:\Users\Lucario\.m2\repository\org\springframework\boot\spring-boot-starter-jdbc\2.7.11\spring-boot-starter-jdbc-2.7.11.jar;C:\Users\Lucario\.m2\repository\com\zaxxer\HikariCP\4.0.3\HikariCP-4.0.3.jar;C:\Users\Lucario\.m2\repository\org\springframework\spring-jdbc\5.3.27\spring-jdbc-5.3.27.jar;C:\Users\Lucario\.m2\repository\jakarta\transaction\jakarta.transaction-api\1.3.3\jakarta.transaction-api-1.3.3.jar;C:\Users\Lucario\.m2\repository\jakarta\persistence\jakarta.persistence-api\2.2.3\jakarta.persistence-api-2.2.3.jar;C:\Users\Lucario\.m2\repository\org\hibernate\hibernate-core\5.6.15.Final\hibernate-core-5.6.15.Final.jar;C:\Users\Lucario\.m2\repository\org\jboss\logging\jboss-logging\3.4.3.Final\jboss-logging-3.4.3.Final.jar;C:\Users\Lucario\.m2\repository\net\bytebuddy\byte-buddy\1.12.23\byte-buddy-1.12.23.jar;C:\Users\Lucario\.m2\repository\antlr\antlr\2.7.7\antlr-2.7.7.jar;C:\Users\Lucario\.m2\repository\org\jboss\jandex\2.4.2.Final\jandex-2.4.2.Final.jar;C:\Users\Lucario\.m2\repository\com\fasterxml\classmate\1.5.1\classmate-1.5.1.jar;C:\Users\Lucario\.m2\repository\org\hibernate\common\hibernate-commons-annotations\5.1.2.Final\hibernate-commons-annotations-5.1.2.Final.jar;C:\Users\Lucario\.m2\repository\org\glassfish\jaxb\jaxb-runtime\2.3.8\jaxb-runtime-2.3.8.jar;C:\Users\Lucario\.m2\repository\org\glassfish\jaxb\txw2\2.3.8\txw2-2.3.8.jar;C:\Users\Lucario\.m2\repository\com\sun\istack\istack-commons-runtime\3.0.12\istack-commons-runtime-3.0.12.jar;C:\Users\Lucario\.m2\repository\com\sun\activati
Launcher Type: SUN_STANDARD

[Global flags]
     intx CICompilerCount                          = 2                                         {product} {ergonomic}
     uint ConcGCThreads                            = 1                                         {product} {ergonomic}
     uint G1ConcRefinementThreads                  = 2                                         {product} {ergonomic}
   size_t G1HeapRegionSize                         = 1048576                                   {product} {ergonomic}
    uintx GCDrainStackTargetSize                   = 64                                        {product} {ergonomic}
   size_t InitialHeapSize                          = 67108864                                  {product} {ergonomic}
   size_t MarkStackSize                            = 4194304                                   {product} {ergonomic}
   size_t MaxHeapSize                              = 1073741824                                {product} {ergonomic}
   size_t MaxNewSize                               = 643825664                                 {product} {ergonomic}
   size_t MinHeapDeltaBytes                        = 1048576                                   {product} {ergonomic}
   size_t MinHeapSize                              = 8388608                                   {product} {ergonomic}
    uintx NonNMethodCodeHeapSize                   = 5826188                                {pd product} {ergonomic}
    uintx NonProfiledCodeHeapSize                  = 122916026                              {pd product} {ergonomic}
    uintx ProfiledCodeHeapSize                     = 122916026                              {pd product} {ergonomic}
    uintx ReservedCodeCacheSize                    = 251658240                              {pd product} {ergonomic}
     bool SegmentedCodeCache                       = true                                      {product} {ergonomic}
   size_t SoftMaxHeapSize                          = 1073741824                             {manageable} {ergonomic}
     bool UseCompressedClassPointers               = true                           {product lp64_product} {ergonomic}
     bool UseCompressedOops                        = true                           {product lp64_product} {ergonomic}
     bool UseG1GC                                  = true                                      {product} {ergonomic}
     bool UseLargePagesIndividualAllocation        = false                                  {pd product} {ergonomic}

Logging:
Log output configuration:
 #0: stdout all=warning uptime,level,tags
 #1: stderr all=off uptime,level,tags

Environment Variables:
JAVA_HOME=C:\Program Files\Java\jdk-17
PATH=C:\Program Files\Common Files\Oracle\Java\javapath;C:\Program Files (x86)\Common Files\Oracle\Java\javapath;C:\Program Files\Eclipse Adoptium\jdk-8.0.372.7-hotspot\bin;C:\Windows\system32;C:\Windows;C:\Windows\System32\Wbem;C:\Windows\System32\WindowsPowerShell\v1.0\;C:\Windows\System32\OpenSSH\;E:\Programacion\Git\cmd;C:\ProgramData\chocolatey\bin;E:\Programacion\;C:\Program Files\MySQL\MySQL Shell 8.0\bin\;C:\Users\Lucario\AppData\Local\Microsoft\WindowsApps;E:\Programacion\Microsoft VS Code\bin;E:\Cosas-Programas\apache-maven-3.9.1\bin;C:\Program Files\MySQL\MySQL Server 8.0\bin;C:\Users\Lucario\AppData\Local\GitHubDesktop\bin;E:\platform-tools;C:\Users\Lucario\AppData\Roaming\npm
USERNAME=Lucario
OS=Windows_NT
PROCESSOR_IDENTIFIER=AMD64 Family 16 Model 6 Stepping 3, AuthenticAMD



---------------  S Y S T E M  ---------------

OS:
 Windows 10 , 64 bit Build 19041 (10.0.19041.2913)
OS uptime: 0 days 0:35 hours

CPU: total 2 (initial active 2) (2 cores per cpu, 1 threads per core) family 16 model 6 stepping 3 microcode 0x0, cx8, cmov, fxsr, mmx, 3dnowpref, sse, sse2, sse3, sse4a, popcnt, lzcnt, tsc, tscinvbit, clflush

Memory: 4k page, system-wide physical 4095M (372M free)
TotalPageFile size 6143M (AvailPageFile size 9M)
current process WorkingSet (physical memory assigned to process): 184M, peak: 219M
current process commit charge ("private bytes"): 238M, peak: 250M

vm_info: Java HotSpot(TM) 64-Bit Server VM (17.0.7+8-LTS-224) for windows-amd64 JRE (17.0.7+8-LTS-224), built on Feb 28 2023 23:03:02 by "mach5one" with MS VC++ 17.1 (VS2022)

END.
