#
# There is insufficient memory for the Java Runtime Environment to continue.
# Native memory allocation (malloc) failed to allocate 940256 bytes for Chunk::new
# Possible reasons:
#   The system is out of physical RAM or swap space
#   The process is running with CompressedOops enabled, and the Java Heap may be blocking the growth of the native heap
# Possible solutions:
#   Reduce memory load on the system
#   Increase physical memory or swap space
#   Check if swap backing store is full
#   Decrease Java heap size (-Xmx/-Xms)
#   Decrease number of Java threads
#   Decrease Java thread stack sizes (-Xss)
#   Set larger code cache with -XX:ReservedCodeCacheSize=
#   JVM is running with Unscaled Compressed Oops mode in which the Java heap is
#     placed in the first 4GB address space. The Java Heap base address is the
#     maximum limit for the native heap growth. Please use -XX:HeapBaseMinAddress
#     to set the Java Heap base and to place the Java Heap above 4GB virtual address.
# This output file may be truncated or incomplete.
#
#  Out of Memory Error (arena.cpp:189), pid=1020, tid=8948
#
# JRE version: Java(TM) SE Runtime Environment (17.0.7+8) (build 17.0.7+8-LTS-224)
# Java VM: Java HotSpot(TM) 64-Bit Server VM (17.0.7+8-LTS-224, mixed mode, sharing, tiered, compressed oops, compressed class ptrs, g1 gc, windows-amd64)
# No core dump will be written. Minidumps are not enabled by default on client versions of Windows
#

---------------  S U M M A R Y ------------

Command Line: com.portfolio.fml.FmlApplication

Host: AMD Athlon(tm) II X2 260 Processor, 2 cores, 3G,  Windows 10 , 64 bit Build 19041 (10.0.19041.2913)
Time: Sat May 13 07:46:34 2023 Hora estándar de Argentina elapsed time: 12.323625 seconds (0d 0h 0m 12s)

---------------  T H R E A D  ---------------

Current thread (0x000001e94c9d8510):  JavaThread "C2 CompilerThread0" daemon [_thread_in_native, id=8948, stack(0x0000009c77600000,0x0000009c77700000)]


Current CompileTask:
C2:  12323 2178   !   4       jdk.internal.loader.BuiltinClassLoader::loadClassOrNull (143 bytes)

Stack: [0x0000009c77600000,0x0000009c77700000]
Native frames: (J=compiled Java code, j=interpreted, Vv=VM code, C=native code)
V  [jvm.dll+0x676a4a]
V  [jvm.dll+0x7d74f4]
V  [jvm.dll+0x7d8c9e]
V  [jvm.dll+0x7d9303]
V  [jvm.dll+0x2452c5]
V  [jvm.dll+0xaaa2b]
V  [jvm.dll+0xaafcc]
V  [jvm.dll+0x2aac2f]
V  [jvm.dll+0x57f375]
V  [jvm.dll+0x2205f2]
V  [jvm.dll+0x2209cf]
V  [jvm.dll+0x219926]
V  [jvm.dll+0x216df9]
V  [jvm.dll+0x1a35e0]
V  [jvm.dll+0x226a6e]
V  [jvm.dll+0x224e15]
V  [jvm.dll+0x78d05c]
V  [jvm.dll+0x78759a]
V  [jvm.dll+0x675875]
C  [ucrtbase.dll+0x21bb2]
C  [KERNEL32.DLL+0x17614]
C  [ntdll.dll+0x526a1]


---------------  P R O C E S S  ---------------

Threads class SMR info:
_java_thread_list=0x000001e968fe4570, length=15, elements={
0x000001e94c90ab60, 0x000001e94c9bd180, 0x000001e94c9bdff0, 0x000001e94c9d2950,
0x000001e94c9d6420, 0x000001e94c9d6dd0, 0x000001e94c9d7780, 0x000001e94c9d8510,
0x000001e967733d70, 0x000001e967738b30, 0x000001e9681664a0, 0x000001e968176a20,
0x000001e968ae46d0, 0x000001e968ae4ba0, 0x000001e9691673e0
}

Java Threads: ( => current thread )
  0x000001e94c90ab60 JavaThread "main" [_thread_blocked, id=7400, stack(0x0000009c76900000,0x0000009c76a00000)]
  0x000001e94c9bd180 JavaThread "Reference Handler" daemon [_thread_blocked, id=2368, stack(0x0000009c77000000,0x0000009c77100000)]
  0x000001e94c9bdff0 JavaThread "Finalizer" daemon [_thread_blocked, id=1628, stack(0x0000009c77100000,0x0000009c77200000)]
  0x000001e94c9d2950 JavaThread "Signal Dispatcher" daemon [_thread_blocked, id=4392, stack(0x0000009c77200000,0x0000009c77300000)]
  0x000001e94c9d6420 JavaThread "Attach Listener" daemon [_thread_blocked, id=6800, stack(0x0000009c77300000,0x0000009c77400000)]
  0x000001e94c9d6dd0 JavaThread "Service Thread" daemon [_thread_blocked, id=8200, stack(0x0000009c77400000,0x0000009c77500000)]
  0x000001e94c9d7780 JavaThread "Monitor Deflation Thread" daemon [_thread_blocked, id=9128, stack(0x0000009c77500000,0x0000009c77600000)]
=>0x000001e94c9d8510 JavaThread "C2 CompilerThread0" daemon [_thread_in_native, id=8948, stack(0x0000009c77600000,0x0000009c77700000)]
  0x000001e967733d70 JavaThread "C1 CompilerThread0" daemon [_thread_blocked, id=5868, stack(0x0000009c77700000,0x0000009c77800000)]
  0x000001e967738b30 JavaThread "Sweeper thread" daemon [_thread_blocked, id=9040, stack(0x0000009c77800000,0x0000009c77900000)]
  0x000001e9681664a0 JavaThread "Notification Thread" daemon [_thread_blocked, id=9032, stack(0x0000009c77900000,0x0000009c77a00000)]
  0x000001e968176a20 JavaThread "Common-Cleaner" daemon [_thread_blocked, id=1756, stack(0x0000009c77b00000,0x0000009c77c00000)]
  0x000001e968ae46d0 JavaThread "Thread-0" [_thread_blocked, id=4112, stack(0x0000009c77d00000,0x0000009c77e00000)]
  0x000001e968ae4ba0 JavaThread "restartedMain" [_thread_in_native, id=8596, stack(0x0000009c77e00000,0x0000009c77f00000)]
  0x000001e9691673e0 JavaThread "background-preinit" [_thread_blocked, id=6204, stack(0x0000009c77f00000,0x0000009c78000000)]

Other Threads:
  0x000001e94c9b65e0 VMThread "VM Thread" [stack: 0x0000009c76f00000,0x0000009c77000000] [id=8936]
  0x000001e968168980 WatcherThread [stack: 0x0000009c77a00000,0x0000009c77b00000] [id=7164]
  0x000001e94c946de0 GCTaskThread "GC Thread#0" [stack: 0x0000009c76a00000,0x0000009c76b00000] [id=5412]
  0x000001e968503ad0 GCTaskThread "GC Thread#1" [stack: 0x0000009c77c00000,0x0000009c77d00000] [id=7392]
  0x000001e94c94fd20 ConcurrentGCThread "G1 Main Marker" [stack: 0x0000009c76b00000,0x0000009c76c00000] [id=232]
  0x000001e94c950730 ConcurrentGCThread "G1 Conc#0" [stack: 0x0000009c76c00000,0x0000009c76d00000] [id=5284]
  0x000001e94c995070 ConcurrentGCThread "G1 Refine#0" [stack: 0x0000009c76d00000,0x0000009c76e00000] [id=7004]
  0x000001e94c995a90 ConcurrentGCThread "G1 Service" [stack: 0x0000009c76e00000,0x0000009c76f00000] [id=8956]

Threads with active compile tasks:
C2 CompilerThread0    12475 2178   !   4       jdk.internal.loader.BuiltinClassLoader::loadClassOrNull (143 bytes)

VM state: not at safepoint (normal execution)

VM Mutex/Monitor currently owned by a thread: None

Heap address: 0x00000000c0000000, size: 1024 MB, Compressed Oops mode: 32-bit

CDS archive(s) mapped at: [0x0000000800000000-0x0000000800bd0000-0x0000000800bd0000), size 12386304, SharedBaseAddress: 0x0000000800000000, ArchiveRelocationMode: 0.
Compressed class space mapped at: 0x0000000800c00000-0x0000000840c00000, reserved size: 1073741824
Narrow klass base: 0x0000000800000000, Narrow klass shift: 0, Narrow klass range: 0x100000000

GC Precious Log:
 CPUs: 2 total, 2 available
 Memory: 4095M
 Large Page Support: Disabled
 NUMA Support: Disabled
 Compressed Oops: Enabled (32-bit)
 Heap Region Size: 1M
 Heap Min Capacity: 8M
 Heap Initial Capacity: 64M
 Heap Max Capacity: 1G
 Pre-touch: Disabled
 Parallel Workers: 2
 Concurrent Workers: 1
 Concurrent Refinement Workers: 2
 Periodic GC: Disabled

Heap:
 garbage-first heap   total 65536K, used 30513K [0x00000000c0000000, 0x0000000100000000)
  region size 1024K, 26 young (26624K), 3 survivors (3072K)
 Metaspace       used 17103K, committed 17344K, reserved 1064960K
  class space    used 2142K, committed 2240K, reserved 1048576K

Heap Regions: E=young(eden), S=young(survivor), O=old, HS=humongous(starts), HC=humongous(continues), CS=collection set, F=free, OA=open archive, CA=closed archive, TAMS=top-at-mark-start (previous, next)
|   0|0x00000000c0000000, 0x00000000c0100000, 0x00000000c0100000|100%|HS|  |TAMS 0x00000000c0000000, 0x00000000c0000000| Complete 
|   1|0x00000000c0100000, 0x00000000c0200000, 0x00000000c0200000|100%| O|  |TAMS 0x00000000c0100000, 0x00000000c0100000| Untracked 
|   2|0x00000000c0200000, 0x00000000c0300000, 0x00000000c0300000|100%| O|  |TAMS 0x00000000c0200000, 0x00000000c0200000| Untracked 
|   3|0x00000000c0300000, 0x00000000c0400000, 0x00000000c0400000|100%| O|  |TAMS 0x00000000c0300000, 0x00000000c0300000| Untracked 
|   4|0x00000000c0400000, 0x00000000c0500000, 0x00000000c0500000|100%| O|  |TAMS 0x00000000c0400000, 0x00000000c0400000| Untracked 
|   5|0x00000000c0500000, 0x00000000c0600000, 0x00000000c0600000|100%| O|  |TAMS 0x00000000c0500000, 0x00000000c0500000| Untracked 
|   6|0x00000000c0600000, 0x00000000c0600000, 0x00000000c0700000|  0%| F|  |TAMS 0x00000000c0600000, 0x00000000c0600000| Untracked 
|   7|0x00000000c0700000, 0x00000000c0700000, 0x00000000c0800000|  0%| F|  |TAMS 0x00000000c0700000, 0x00000000c0700000| Untracked 
|   8|0x00000000c0800000, 0x00000000c0800000, 0x00000000c0900000|  0%| F|  |TAMS 0x00000000c0800000, 0x00000000c0800000| Untracked 
|   9|0x00000000c0900000, 0x00000000c0900000, 0x00000000c0a00000|  0%| F|  |TAMS 0x00000000c0900000, 0x00000000c0900000| Untracked 
|  10|0x00000000c0a00000, 0x00000000c0a00000, 0x00000000c0b00000|  0%| F|  |TAMS 0x00000000c0a00000, 0x00000000c0a00000| Untracked 
|  11|0x00000000c0b00000, 0x00000000c0b00000, 0x00000000c0c00000|  0%| F|  |TAMS 0x00000000c0b00000, 0x00000000c0b00000| Untracked 
|  12|0x00000000c0c00000, 0x00000000c0c00000, 0x00000000c0d00000|  0%| F|  |TAMS 0x00000000c0c00000, 0x00000000c0c00000| Untracked 
|  13|0x00000000c0d00000, 0x00000000c0d00000, 0x00000000c0e00000|  0%| F|  |TAMS 0x00000000c0d00000, 0x00000000c0d00000| Untracked 
|  14|0x00000000c0e00000, 0x00000000c0e00000, 0x00000000c0f00000|  0%| F|  |TAMS 0x00000000c0e00000, 0x00000000c0e00000| Untracked 
|  15|0x00000000c0f00000, 0x00000000c0f00000, 0x00000000c1000000|  0%| F|  |TAMS 0x00000000c0f00000, 0x00000000c0f00000| Untracked 
|  16|0x00000000c1000000, 0x00000000c1000000, 0x00000000c1100000|  0%| F|  |TAMS 0x00000000c1000000, 0x00000000c1000000| Untracked 
|  17|0x00000000c1100000, 0x00000000c1100000, 0x00000000c1200000|  0%| F|  |TAMS 0x00000000c1100000, 0x00000000c1100000| Untracked 
|  18|0x00000000c1200000, 0x00000000c1200000, 0x00000000c1300000|  0%| F|  |TAMS 0x00000000c1200000, 0x00000000c1200000| Untracked 
|  19|0x00000000c1300000, 0x00000000c1300000, 0x00000000c1400000|  0%| F|  |TAMS 0x00000000c1300000, 0x00000000c1300000| Untracked 
|  20|0x00000000c1400000, 0x00000000c1400000, 0x00000000c1500000|  0%| F|  |TAMS 0x00000000c1400000, 0x00000000c1400000| Untracked 
|  21|0x00000000c1500000, 0x00000000c1500000, 0x00000000c1600000|  0%| F|  |TAMS 0x00000000c1500000, 0x00000000c1500000| Untracked 
|  22|0x00000000c1600000, 0x00000000c1600000, 0x00000000c1700000|  0%| F|  |TAMS 0x00000000c1600000, 0x00000000c1600000| Untracked 
|  23|0x00000000c1700000, 0x00000000c1700000, 0x00000000c1800000|  0%| F|  |TAMS 0x00000000c1700000, 0x00000000c1700000| Untracked 
|  24|0x00000000c1800000, 0x00000000c1800000, 0x00000000c1900000|  0%| F|  |TAMS 0x00000000c1800000, 0x00000000c1800000| Untracked 
|  25|0x00000000c1900000, 0x00000000c1900000, 0x00000000c1a00000|  0%| F|  |TAMS 0x00000000c1900000, 0x00000000c1900000| Untracked 
|  26|0x00000000c1a00000, 0x00000000c1a00000, 0x00000000c1b00000|  0%| F|  |TAMS 0x00000000c1a00000, 0x00000000c1a00000| Untracked 
|  27|0x00000000c1b00000, 0x00000000c1bcc6c0, 0x00000000c1c00000| 79%| S|CS|TAMS 0x00000000c1b00000, 0x00000000c1b00000| Complete 
|  28|0x00000000c1c00000, 0x00000000c1d00000, 0x00000000c1d00000|100%| S|CS|TAMS 0x00000000c1c00000, 0x00000000c1c00000| Complete 
|  29|0x00000000c1d00000, 0x00000000c1e00000, 0x00000000c1e00000|100%| S|CS|TAMS 0x00000000c1d00000, 0x00000000c1d00000| Complete 
|  30|0x00000000c1e00000, 0x00000000c1e00000, 0x00000000c1f00000|  0%| F|  |TAMS 0x00000000c1e00000, 0x00000000c1e00000| Untracked 
|  31|0x00000000c1f00000, 0x00000000c1f00000, 0x00000000c2000000|  0%| F|  |TAMS 0x00000000c1f00000, 0x00000000c1f00000| Untracked 
|  32|0x00000000c2000000, 0x00000000c2000000, 0x00000000c2100000|  0%| F|  |TAMS 0x00000000c2000000, 0x00000000c2000000| Untracked 
|  33|0x00000000c2100000, 0x00000000c2100000, 0x00000000c2200000|  0%| F|  |TAMS 0x00000000c2100000, 0x00000000c2100000| Untracked 
|  34|0x00000000c2200000, 0x00000000c2200000, 0x00000000c2300000|  0%| F|  |TAMS 0x00000000c2200000, 0x00000000c2200000| Untracked 
|  35|0x00000000c2300000, 0x00000000c2300000, 0x00000000c2400000|  0%| F|  |TAMS 0x00000000c2300000, 0x00000000c2300000| Untracked 
|  36|0x00000000c2400000, 0x00000000c2400000, 0x00000000c2500000|  0%| F|  |TAMS 0x00000000c2400000, 0x00000000c2400000| Untracked 
|  37|0x00000000c2500000, 0x00000000c2500000, 0x00000000c2600000|  0%| F|  |TAMS 0x00000000c2500000, 0x00000000c2500000| Untracked 
|  38|0x00000000c2600000, 0x00000000c2600000, 0x00000000c2700000|  0%| F|  |TAMS 0x00000000c2600000, 0x00000000c2600000| Untracked 
|  39|0x00000000c2700000, 0x00000000c2700000, 0x00000000c2800000|  0%| F|  |TAMS 0x00000000c2700000, 0x00000000c2700000| Untracked 
|  40|0x00000000c2800000, 0x00000000c2800000, 0x00000000c2900000|  0%| F|  |TAMS 0x00000000c2800000, 0x00000000c2800000| Untracked 
|  41|0x00000000c2900000, 0x00000000c2a00000, 0x00000000c2a00000|100%| E|  |TAMS 0x00000000c2900000, 0x00000000c2900000| Complete 
|  42|0x00000000c2a00000, 0x00000000c2b00000, 0x00000000c2b00000|100%| E|CS|TAMS 0x00000000c2a00000, 0x00000000c2a00000| Complete 
|  43|0x00000000c2b00000, 0x00000000c2c00000, 0x00000000c2c00000|100%| E|  |TAMS 0x00000000c2b00000, 0x00000000c2b00000| Complete 
|  44|0x00000000c2c00000, 0x00000000c2d00000, 0x00000000c2d00000|100%| E|CS|TAMS 0x00000000c2c00000, 0x00000000c2c00000| Complete 
|  45|0x00000000c2d00000, 0x00000000c2e00000, 0x00000000c2e00000|100%| E|CS|TAMS 0x00000000c2d00000, 0x00000000c2d00000| Complete 
|  46|0x00000000c2e00000, 0x00000000c2f00000, 0x00000000c2f00000|100%| E|CS|TAMS 0x00000000c2e00000, 0x00000000c2e00000| Complete 
|  47|0x00000000c2f00000, 0x00000000c3000000, 0x00000000c3000000|100%| E|CS|TAMS 0x00000000c2f00000, 0x00000000c2f00000| Complete 
|  48|0x00000000c3000000, 0x00000000c3100000, 0x00000000c3100000|100%| E|CS|TAMS 0x00000000c3000000, 0x00000000c3000000| Complete 
|  49|0x00000000c3100000, 0x00000000c3200000, 0x00000000c3200000|100%| E|CS|TAMS 0x00000000c3100000, 0x00000000c3100000| Complete 
|  50|0x00000000c3200000, 0x00000000c3300000, 0x00000000c3300000|100%| E|CS|TAMS 0x00000000c3200000, 0x00000000c3200000| Complete 
|  51|0x00000000c3300000, 0x00000000c3400000, 0x00000000c3400000|100%| E|CS|TAMS 0x00000000c3300000, 0x00000000c3300000| Complete 
|  52|0x00000000c3400000, 0x00000000c3500000, 0x00000000c3500000|100%| E|CS|TAMS 0x00000000c3400000, 0x00000000c3400000| Complete 
|  53|0x00000000c3500000, 0x00000000c3600000, 0x00000000c3600000|100%| E|CS|TAMS 0x00000000c3500000, 0x00000000c3500000| Complete 
|  54|0x00000000c3600000, 0x00000000c3700000, 0x00000000c3700000|100%| E|CS|TAMS 0x00000000c3600000, 0x00000000c3600000| Complete 
|  55|0x00000000c3700000, 0x00000000c3800000, 0x00000000c3800000|100%| E|CS|TAMS 0x00000000c3700000, 0x00000000c3700000| Complete 
|  56|0x00000000c3800000, 0x00000000c3900000, 0x00000000c3900000|100%| E|CS|TAMS 0x00000000c3800000, 0x00000000c3800000| Complete 
|  57|0x00000000c3900000, 0x00000000c3a00000, 0x00000000c3a00000|100%| E|CS|TAMS 0x00000000c3900000, 0x00000000c3900000| Complete 
|  58|0x00000000c3a00000, 0x00000000c3b00000, 0x00000000c3b00000|100%| E|CS|TAMS 0x00000000c3a00000, 0x00000000c3a00000| Complete 
|  59|0x00000000c3b00000, 0x00000000c3c00000, 0x00000000c3c00000|100%| E|CS|TAMS 0x00000000c3b00000, 0x00000000c3b00000| Complete 
|  60|0x00000000c3c00000, 0x00000000c3d00000, 0x00000000c3d00000|100%| E|CS|TAMS 0x00000000c3c00000, 0x00000000c3c00000| Complete 
|  61|0x00000000c3d00000, 0x00000000c3e00000, 0x00000000c3e00000|100%| E|CS|TAMS 0x00000000c3d00000, 0x00000000c3d00000| Complete 
|  62|0x00000000c3e00000, 0x00000000c3f00000, 0x00000000c3f00000|100%| E|CS|TAMS 0x00000000c3e00000, 0x00000000c3e00000| Complete 
|  63|0x00000000c3f00000, 0x00000000c4000000, 0x00000000c4000000|100%| E|CS|TAMS 0x00000000c3f00000, 0x00000000c3f00000| Complete 

Card table byte_map: [0x000001e94c6e0000,0x000001e94c8e0000] _byte_map_base: 0x000001e94c0e0000

Marking Bits (Prev, Next): (CMBitMap*) 0x000001e94c9473f0, (CMBitMap*) 0x000001e94c947430
 Prev Bits: [0x000001e963390000, 0x000001e964390000)
 Next Bits: [0x000001e964390000, 0x000001e965390000)

Polling page: 0x000001e94a6f0000

Metaspace:

Usage:
  Non-class:     14.61 MB used.
      Class:      2.09 MB used.
       Both:     16.70 MB used.

Virtual space:
  Non-class space:       16.00 MB reserved,      14.75 MB ( 92%) committed,  2 nodes.
      Class space:        1.00 GB reserved,       2.19 MB ( <1%) committed,  1 nodes.
             Both:        1.02 GB reserved,      16.94 MB (  2%) committed. 

Chunk freelists:
   Non-Class:  496.00 KB
       Class:  1.80 MB
        Both:  2.28 MB

MaxMetaspaceSize: unlimited
CompressedClassSpaceSize: 1.00 GB
Initial GC threshold: 21.00 MB
Current GC threshold: 21.00 MB
CDS: on
MetaspaceReclaimPolicy: balanced
 - commit_granule_bytes: 65536.
 - commit_granule_words: 8192.
 - virtual_space_node_default_size: 1048576.
 - enlarge_chunks_in_place: 1.
 - new_chunks_are_fully_committed: 0.
 - uncommit_free_chunks: 1.
 - use_allocation_guard: 0.
 - handle_deallocations: 1.


Internal statistics:

num_allocs_failed_limit: 0.
num_arena_births: 158.
num_arena_deaths: 0.
num_vsnodes_births: 3.
num_vsnodes_deaths: 0.
num_space_committed: 271.
num_space_uncommitted: 0.
num_chunks_returned_to_freelist: 0.
num_chunks_taken_from_freelist: 685.
num_chunk_merges: 0.
num_chunk_splits: 495.
num_chunks_enlarged: 409.
num_purges: 0.
num_inconsistent_stats: 0.

CodeHeap 'non-profiled nmethods': size=120064Kb used=889Kb max_used=889Kb free=119174Kb
 bounds [0x000001e95bc50000, 0x000001e95bec0000, 0x000001e963190000]
CodeHeap 'profiled nmethods': size=120000Kb used=4185Kb max_used=4185Kb free=115814Kb
 bounds [0x000001e954190000, 0x000001e9545b0000, 0x000001e95b6c0000]
CodeHeap 'non-nmethods': size=5696Kb used=1174Kb max_used=1202Kb free=4521Kb
 bounds [0x000001e95b6c0000, 0x000001e95b930000, 0x000001e95bc50000]
 total_blobs=2647 nmethods=2180 adapters=380
 compilation: enabled
              stopped_count=0, restarted_count=0
 full_count=0

Compilation events (20 events):
Event: 11.891 Thread 0x000001e94c9d8510 nmethod 2172 0x000001e95bd2cd10 code [0x000001e95bd2cea0, 0x000001e95bd2cfc8]
Event: 11.930 Thread 0x000001e94c9d8510 2173       4       java.lang.StringConcatHelper::newString (67 bytes)
Event: 11.931 Thread 0x000001e94c9d8510 nmethod 2173 0x000001e95bd2d110 code [0x000001e95bd2d2a0, 0x000001e95bd2d398]
Event: 11.931 Thread 0x000001e967733d70 2174       3       java.util.Arrays$ArrayList::iterator (12 bytes)
Event: 11.932 Thread 0x000001e967733d70 nmethod 2174 0x000001e95459fb90 code [0x000001e95459fd40, 0x000001e95459ffd8]
Event: 11.959 Thread 0x000001e94c9d8510 2175       4       java.lang.String::concat (15 bytes)
Event: 11.966 Thread 0x000001e94c9d8510 nmethod 2175 0x000001e95bd2d490 code [0x000001e95bd2d640, 0x000001e95bd2dbb8]
Event: 11.966 Thread 0x000001e94c9d8510 2176       4       java.util.jar.Manifest$FastInputStream::peek (38 bytes)
Event: 11.967 Thread 0x000001e94c9d8510 nmethod 2176 0x000001e95bd2e110 code [0x000001e95bd2e2a0, 0x000001e95bd2e388]
Event: 12.077 Thread 0x000001e967733d70 2177       3       java.lang.Package$VersionInfo::<init> (44 bytes)
Event: 12.078 Thread 0x000001e967733d70 nmethod 2177 0x000001e9545a0110 code [0x000001e9545a02c0, 0x000001e9545a06b8]
Event: 12.093 Thread 0x000001e94c9d8510 2178   !   4       jdk.internal.loader.BuiltinClassLoader::loadClassOrNull (143 bytes)
Event: 12.103 Thread 0x000001e967733d70 2180       3       java.lang.ClassLoader::getParent (32 bytes)
Event: 12.103 Thread 0x000001e967733d70 nmethod 2180 0x000001e9545a0790 code [0x000001e9545a09c0, 0x000001e9545a1358]
Event: 12.152 Thread 0x000001e967733d70 2181   !   3       org.springframework.boot.devtools.restart.classloader.RestartClassLoader::loadClass (119 bytes)
Event: 12.154 Thread 0x000001e967733d70 nmethod 2181 0x000001e9545a1610 code [0x000001e9545a1aa0, 0x000001e9545a3cc8]
Event: 12.155 Thread 0x000001e967733d70 2182   !   3       java.net.URLClassLoader::findClass (47 bytes)
Event: 12.155 Thread 0x000001e967733d70 nmethod 2182 0x000001e9545a4a90 code [0x000001e9545a4c80, 0x000001e9545a5368]
Event: 12.155 Thread 0x000001e967733d70 2183       3       java.net.URLClassLoader$1::run (5 bytes)
Event: 12.155 Thread 0x000001e967733d70 nmethod 2183 0x000001e9545a5590 code [0x000001e9545a5740, 0x000001e9545a5888]

GC Heap History (8 events):
Event: 4.188 GC heap before
{Heap before GC invocations=0 (full 0):
 garbage-first heap   total 65536K, used 7168K [0x00000000c0000000, 0x0000000100000000)
  region size 1024K, 6 young (6144K), 0 survivors (0K)
 Metaspace       used 771K, committed 896K, reserved 1056768K
  class space    used 46K, committed 128K, reserved 1048576K
}
Event: 4.202 GC heap after
{Heap after GC invocations=1 (full 0):
 garbage-first heap   total 65536K, used 4916K [0x00000000c0000000, 0x0000000100000000)
  region size 1024K, 1 young (1024K), 1 survivors (1024K)
 Metaspace       used 771K, committed 896K, reserved 1056768K
  class space    used 46K, committed 128K, reserved 1048576K
}
Event: 5.702 GC heap before
{Heap before GC invocations=1 (full 0):
 garbage-first heap   total 65536K, used 7988K [0x00000000c0000000, 0x0000000100000000)
  region size 1024K, 4 young (4096K), 1 survivors (1024K)
 Metaspace       used 1947K, committed 2112K, reserved 1056768K
  class space    used 171K, committed 256K, reserved 1048576K
}
Event: 5.707 GC heap after
{Heap after GC invocations=2 (full 0):
 garbage-first heap   total 65536K, used 6076K [0x00000000c0000000, 0x0000000100000000)
  region size 1024K, 1 young (1024K), 1 survivors (1024K)
 Metaspace       used 1947K, committed 2112K, reserved 1056768K
  class space    used 171K, committed 256K, reserved 1048576K
}
Event: 6.867 GC heap before
{Heap before GC invocations=2 (full 0):
 garbage-first heap   total 65536K, used 13244K [0x00000000c0000000, 0x0000000100000000)
  region size 1024K, 8 young (8192K), 1 survivors (1024K)
 Metaspace       used 4188K, committed 4352K, reserved 1056768K
  class space    used 446K, committed 576K, reserved 1048576K
}
Event: 6.872 GC heap after
{Heap after GC invocations=3 (full 0):
 garbage-first heap   total 65536K, used 6726K [0x00000000c0000000, 0x0000000100000000)
  region size 1024K, 1 young (1024K), 1 survivors (1024K)
 Metaspace       used 4188K, committed 4352K, reserved 1056768K
  class space    used 446K, committed 576K, reserved 1048576K
}
Event: 9.719 GC heap before
{Heap before GC invocations=3 (full 0):
 garbage-first heap   total 65536K, used 39494K [0x00000000c0000000, 0x0000000100000000)
  region size 1024K, 34 young (34816K), 1 survivors (1024K)
 Metaspace       used 12188K, committed 12416K, reserved 1064960K
  class space    used 1618K, committed 1728K, reserved 1048576K
}
Event: 9.728 GC heap after
{Heap after GC invocations=4 (full 0):
 garbage-first heap   total 65536K, used 9009K [0x00000000c0000000, 0x0000000100000000)
  region size 1024K, 3 young (3072K), 3 survivors (3072K)
 Metaspace       used 12188K, committed 12416K, reserved 1064960K
  class space    used 1618K, committed 1728K, reserved 1048576K
}

Deoptimization events (20 events):
Event: 9.827 Thread 0x000001e968ae4ba0 Uncommon trap: trap_request=0xffffff45 fr.pc=0x000001e95bc73158 relative=0x00000000000001b8
Event: 9.827 Thread 0x000001e968ae4ba0 Uncommon trap: reason=unstable_if action=reinterpret pc=0x000001e95bc73158 method=java.util.StringTokenizer.scanToken(I)I @ 42 c2
Event: 9.827 Thread 0x000001e968ae4ba0 DEOPT PACKING pc=0x000001e95bc73158 sp=0x0000009c77efd7b0
Event: 9.827 Thread 0x000001e968ae4ba0 DEOPT UNPACKING pc=0x000001e95b71239d sp=0x0000009c77efd740 mode 2
Event: 10.222 Thread 0x000001e968ae4ba0 Uncommon trap: trap_request=0xffffff45 fr.pc=0x000001e95bcdfd8c relative=0x0000000000000d2c
Event: 10.222 Thread 0x000001e968ae4ba0 Uncommon trap: reason=unstable_if action=reinterpret pc=0x000001e95bcdfd8c method=jdk.internal.org.objectweb.asm.SymbolTable.put(Ljdk/internal/org/objectweb/asm/SymbolTable$Entry;)Ljdk/internal/org/objectweb/asm/SymbolTable$Entry; @ 13 c2
Event: 10.222 Thread 0x000001e968ae4ba0 DEOPT PACKING pc=0x000001e95bcdfd8c sp=0x0000009c77efc510
Event: 10.222 Thread 0x000001e968ae4ba0 DEOPT UNPACKING pc=0x000001e95b71239d sp=0x0000009c77efc468 mode 2
Event: 10.405 Thread 0x000001e9691673e0 Uncommon trap: trap_request=0xffffffc6 fr.pc=0x000001e95bce9800 relative=0x0000000000000780
Event: 10.405 Thread 0x000001e9691673e0 Uncommon trap: reason=bimorphic_or_optimized_type_check action=maybe_recompile pc=0x000001e95bce9800 method=java.util.HashMap.putVal(ILjava/lang/Object;Ljava/lang/Object;ZZ)Ljava/lang/Object; @ 91 c2
Event: 10.405 Thread 0x000001e9691673e0 DEOPT PACKING pc=0x000001e95bce9800 sp=0x0000009c77ffea50
Event: 10.405 Thread 0x000001e9691673e0 DEOPT UNPACKING pc=0x000001e95b71239d sp=0x0000009c77ffe9e0 mode 2
Event: 10.406 Thread 0x000001e9691673e0 Uncommon trap: trap_request=0xffffffc6 fr.pc=0x000001e95bce9800 relative=0x0000000000000780
Event: 10.406 Thread 0x000001e9691673e0 Uncommon trap: reason=bimorphic_or_optimized_type_check action=maybe_recompile pc=0x000001e95bce9800 method=java.util.HashMap.putVal(ILjava/lang/Object;Ljava/lang/Object;ZZ)Ljava/lang/Object; @ 91 c2
Event: 10.406 Thread 0x000001e9691673e0 DEOPT PACKING pc=0x000001e95bce9800 sp=0x0000009c77ffea50
Event: 10.406 Thread 0x000001e9691673e0 DEOPT UNPACKING pc=0x000001e95b71239d sp=0x0000009c77ffe9e0 mode 2
Event: 11.187 Thread 0x000001e968ae4ba0 Uncommon trap: trap_request=0xffffffde fr.pc=0x000001e95bd14b7c relative=0x0000000000000e7c
Event: 11.187 Thread 0x000001e968ae4ba0 Uncommon trap: reason=class_check action=maybe_recompile pc=0x000001e95bd14b7c method=java.util.HashMap.putVal(ILjava/lang/Object;Ljava/lang/Object;ZZ)Ljava/lang/Object; @ 203 c2
Event: 11.187 Thread 0x000001e968ae4ba0 DEOPT PACKING pc=0x000001e95bd14b7c sp=0x0000009c77efdec0
Event: 11.187 Thread 0x000001e968ae4ba0 DEOPT UNPACKING pc=0x000001e95b71239d sp=0x0000009c77efddd0 mode 2

Classes unloaded (0 events):
No events

Classes redefined (0 events):
No events

Internal exceptions (20 events):
Event: 8.437 Thread 0x000001e968ae4ba0 Exception <a 'java/lang/NoSuchMethodError'{0x00000000c2fbf3c0}: 'void java.lang.invoke.DirectMethodHandle$Holder.invokeSpecial(java.lang.Object, java.lang.Object, java.lang.Object, java.lang.Object, java.lang.Object)'> (0x00000000c2fbf3c0) 
thrown [s\open\src\hotspot\share\interpreter\linkResolver.cpp, line 759]
Event: 8.452 Thread 0x000001e968ae4ba0 Exception <a 'java/lang/IncompatibleClassChangeError'{0x00000000c2feb748}: Found class java.lang.Object, but interface was expected> (0x00000000c2feb748) 
thrown [s\open\src\hotspot\share\interpreter\linkResolver.cpp, line 826]
Event: 8.744 Thread 0x000001e9691673e0 Exception <a 'java/lang/NoSuchMethodError'{0x00000000c296cf08}: 'void java.lang.invoke.DirectMethodHandle$Holder.invokeInterface(java.lang.Object, java.lang.Object, java.lang.Object, java.lang.Object)'> (0x00000000c296cf08) 
thrown [s\open\src\hotspot\share\interpreter\linkResolver.cpp, line 759]
Event: 9.541 Thread 0x000001e968ae4ba0 Exception <a 'java/lang/ClassNotFoundException'{0x00000000c1f53938}: java/lang/ObjectCustomizer> (0x00000000c1f53938) 
thrown [s\open\src\hotspot\share\classfile\systemDictionary.cpp, line 256]
Event: 9.584 Thread 0x000001e968ae4ba0 Exception <a 'java/lang/IncompatibleClassChangeError'{0x00000000c1f58a28}: Found class java.lang.Object, but interface was expected> (0x00000000c1f58a28) 
thrown [s\open\src\hotspot\share\interpreter\linkResolver.cpp, line 826]
Event: 9.704 Thread 0x000001e968ae4ba0 Exception <a 'java/lang/ClassNotFoundException'{0x00000000c1f72648}: org/springframework/context/annotation/ConfigurationClassPostProcessorCustomizer> (0x00000000c1f72648) 
thrown [s\open\src\hotspot\share\classfile\systemDictionary.cpp, line 256]
Event: 9.715 Thread 0x000001e968ae4ba0 Exception <a 'java/lang/ClassNotFoundException'{0x00000000c1f91eb8}: org/springframework/beans/factory/support/BeanDefinitionRegistryPostProcessorCustomizer> (0x00000000c1f91eb8) 
thrown [s\open\src\hotspot\share\classfile\systemDictionary.cpp, line 256]
Event: 9.715 Thread 0x000001e968ae4ba0 Exception <a 'java/lang/ClassNotFoundException'{0x00000000c1f97b28}: org/springframework/beans/factory/config/BeanFactoryPostProcessorCustomizer> (0x00000000c1f97b28) 
thrown [s\open\src\hotspot\share\classfile\systemDictionary.cpp, line 256]
Event: 9.717 Thread 0x000001e968ae4ba0 Exception <a 'java/lang/ClassNotFoundException'{0x00000000c1f9d4e8}: org/springframework/core/PriorityOrderedCustomizer> (0x00000000c1f9d4e8) 
thrown [s\open\src\hotspot\share\classfile\systemDictionary.cpp, line 256]
Event: 9.717 Thread 0x000001e968ae4ba0 Exception <a 'java/lang/ClassNotFoundException'{0x00000000c1fa1ad8}: org/springframework/core/OrderedCustomizer> (0x00000000c1fa1ad8) 
thrown [s\open\src\hotspot\share\classfile\systemDictionary.cpp, line 256]
Event: 9.718 Thread 0x000001e968ae4ba0 Exception <a 'java/lang/ClassNotFoundException'{0x00000000c1fa7330}: org/springframework/context/ResourceLoaderAwareCustomizer> (0x00000000c1fa7330) 
thrown [s\open\src\hotspot\share\classfile\systemDictionary.cpp, line 256]
Event: 9.732 Thread 0x000001e968ae4ba0 Exception <a 'java/lang/ClassNotFoundException'{0x00000000c3f433f0}: org/springframework/beans/factory/AwareCustomizer> (0x00000000c3f433f0) 
thrown [s\open\src\hotspot\share\classfile\systemDictionary.cpp, line 256]
Event: 9.733 Thread 0x000001e968ae4ba0 Exception <a 'java/lang/ClassNotFoundException'{0x00000000c3f47d98}: org/springframework/context/ApplicationStartupAwareCustomizer> (0x00000000c3f47d98) 
thrown [s\open\src\hotspot\share\classfile\systemDictionary.cpp, line 256]
Event: 9.733 Thread 0x000001e968ae4ba0 Exception <a 'java/lang/ClassNotFoundException'{0x00000000c3f4d9c8}: org/springframework/beans/factory/AwareCustomizer> (0x00000000c3f4d9c8) 
thrown [s\open\src\hotspot\share\classfile\systemDictionary.cpp, line 256]
Event: 9.734 Thread 0x000001e968ae4ba0 Exception <a 'java/lang/ClassNotFoundException'{0x00000000c3f523a0}: org/springframework/beans/factory/BeanClassLoaderAwareCustomizer> (0x00000000c3f523a0) 
thrown [s\open\src\hotspot\share\classfile\systemDictionary.cpp, line 256]
Event: 9.738 Thread 0x000001e968ae4ba0 Exception <a 'java/lang/ClassNotFoundException'{0x00000000c3f57d30}: org/springframework/beans/factory/AwareCustomizer> (0x00000000c3f57d30) 
thrown [s\open\src\hotspot\share\classfile\systemDictionary.cpp, line 256]
Event: 9.739 Thread 0x000001e968ae4ba0 Exception <a 'java/lang/ClassNotFoundException'{0x00000000c3f5c470}: org/springframework/context/EnvironmentAwareCustomizer> (0x00000000c3f5c470) 
thrown [s\open\src\hotspot\share\classfile\systemDictionary.cpp, line 256]
Event: 9.740 Thread 0x000001e968ae4ba0 Exception <a 'java/lang/ClassNotFoundException'{0x00000000c3f61d98}: org/springframework/beans/factory/AwareCustomizer> (0x00000000c3f61d98) 
thrown [s\open\src\hotspot\share\classfile\systemDictionary.cpp, line 256]
Event: 9.811 Thread 0x000001e968ae4ba0 Exception <a 'java/lang/NoSuchMethodError'{0x00000000c3d6a800}: 'java.lang.Object java.lang.invoke.DirectMethodHandle$Holder.invokeVirtual(java.lang.Object, java.lang.Object, java.lang.Object)'> (0x00000000c3d6a800) 
thrown [s\open\src\hotspot\share\interpreter\linkResolver.cpp, line 759]
Event: 10.945 Thread 0x000001e9691673e0 Exception <a 'java/lang/NoSuchMethodError'{0x00000000c389ccb0}: 'java.lang.Object java.lang.invoke.DirectMethodHandle$Holder.invokeStaticInit(java.lang.Object, java.lang.Object, java.lang.Object, java.lang.Object, java.lang.Object)'> (0x00000000c389ccb0) 
thrown [s\open\src\hotspot\share\interpreter\linkResolver.cpp, line 759]

VM Operations (20 events):
Event: 7.969 Executing VM operation: Cleanup
Event: 7.969 Executing VM operation: Cleanup done
Event: 8.979 Executing VM operation: Cleanup
Event: 8.983 Executing VM operation: Cleanup done
Event: 9.190 Executing VM operation: HandshakeAllThreads
Event: 9.190 Executing VM operation: HandshakeAllThreads done
Event: 9.254 Executing VM operation: HandshakeAllThreads
Event: 9.254 Executing VM operation: HandshakeAllThreads done
Event: 9.262 Executing VM operation: HandshakeAllThreads
Event: 9.263 Executing VM operation: HandshakeAllThreads done
Event: 9.330 Executing VM operation: HandshakeAllThreads
Event: 9.330 Executing VM operation: HandshakeAllThreads done
Event: 9.718 Executing VM operation: G1CollectForAllocation
Event: 9.728 Executing VM operation: G1CollectForAllocation done
Event: 9.797 Executing VM operation: HandshakeAllThreads
Event: 9.798 Executing VM operation: HandshakeAllThreads done
Event: 10.804 Executing VM operation: Cleanup
Event: 10.804 Executing VM operation: Cleanup done
Event: 11.806 Executing VM operation: Cleanup
Event: 11.817 Executing VM operation: Cleanup done

Events (20 events):
Event: 11.061 loading class jdk/xml/internal/XMLSecurityManager$NameMap
Event: 11.061 loading class jdk/xml/internal/XMLSecurityManager$NameMap done
Event: 11.061 loading class jdk/xml/internal/JdkProperty
Event: 11.062 loading class jdk/xml/internal/JdkProperty done
Event: 11.636 loading class java/beans/ConstructorProperties
Event: 11.648 loading class java/beans/ConstructorProperties done
Event: 11.666 Thread 0x000001e9687f51f0 Thread added: 0x000001e9687f51f0
Event: 11.717 loading class sun/text/resources/cldr/FormatData_en
Event: 11.717 loading class sun/text/resources/cldr/FormatData_en done
Event: 11.717 loading class sun/text/resources/cldr/FormatData_en_US
Event: 11.717 loading class sun/text/resources/cldr/FormatData_en_US done
Event: 11.781 loading class java/io/CharArrayReader
Event: 11.781 loading class java/io/CharArrayReader done
Event: 11.852 loading class javax/naming/ldap/LdapContext
Event: 11.868 loading class javax/naming/directory/DirContext
Event: 11.872 loading class javax/naming/directory/DirContext done
Event: 11.872 loading class javax/naming/ldap/LdapContext done
Event: 11.891 loading class java/util/concurrent/atomic/AtomicReference
Event: 11.903 loading class java/util/concurrent/atomic/AtomicReference done
Event: 11.956 Thread 0x000001e9687f51f0 Thread exited: 0x000001e9687f51f0


Dynamic libraries:
0x00007ff732af0000 - 0x00007ff732b00000 	C:\Program Files\Java\jdk-17\bin\java.exe
0x00007ff855230000 - 0x00007ff855428000 	C:\Windows\SYSTEM32\ntdll.dll
0x00007ff854fd0000 - 0x00007ff85508f000 	C:\Windows\System32\KERNEL32.DLL
0x00007ff852ac0000 - 0x00007ff852db6000 	C:\Windows\System32\KERNELBASE.dll
0x00007ff8529c0000 - 0x00007ff852ac0000 	C:\Windows\System32\ucrtbase.dll
0x00007ff83f970000 - 0x00007ff83f98b000 	C:\Program Files\Java\jdk-17\bin\VCRUNTIME140.dll
0x00007ff83e8f0000 - 0x00007ff83e909000 	C:\Program Files\Java\jdk-17\bin\jli.dll
0x00007ff854cd0000 - 0x00007ff854d7f000 	C:\Windows\System32\ADVAPI32.dll
0x00007ff855090000 - 0x00007ff85512e000 	C:\Windows\System32\msvcrt.dll
0x00007ff854bc0000 - 0x00007ff854c5c000 	C:\Windows\System32\sechost.dll
0x00007ff8547d0000 - 0x00007ff8548f6000 	C:\Windows\System32\RPCRT4.dll
0x00007ff854430000 - 0x00007ff8545cd000 	C:\Windows\System32\USER32.dll
0x00007ff852910000 - 0x00007ff852932000 	C:\Windows\System32\win32u.dll
0x00007ff855130000 - 0x00007ff85515c000 	C:\Windows\System32\GDI32.dll
0x00007ff853170000 - 0x00007ff853285000 	C:\Windows\System32\gdi32full.dll
0x00007ff852fb0000 - 0x00007ff85304d000 	C:\Windows\System32\msvcp_win.dll
0x00007ff840ae0000 - 0x00007ff840d7a000 	C:\Windows\WinSxS\amd64_microsoft.windows.common-controls_6595b64144ccf1df_6.0.19041.1110_none_60b5254171f9507e\COMCTL32.dll
0x00007ff84be40000 - 0x00007ff84be4a000 	C:\Windows\SYSTEM32\VERSION.dll
0x00007ff8551c0000 - 0x00007ff8551f0000 	C:\Windows\System32\IMM32.DLL
0x00007ff83f960000 - 0x00007ff83f96c000 	C:\Program Files\Java\jdk-17\bin\vcruntime140_1.dll
0x00007ff83a6a0000 - 0x00007ff83a72e000 	C:\Program Files\Java\jdk-17\bin\msvcp140.dll
0x00007ff829350000 - 0x00007ff829f2d000 	C:\Program Files\Java\jdk-17\bin\server\jvm.dll
0x00007ff8549d0000 - 0x00007ff8549d8000 	C:\Windows\System32\PSAPI.DLL
0x00007ff844820000 - 0x00007ff844829000 	C:\Windows\SYSTEM32\WSOCK32.dll
0x00007ff854c60000 - 0x00007ff854ccb000 	C:\Windows\System32\WS2_32.dll
0x00007ff84bae0000 - 0x00007ff84bb07000 	C:\Windows\SYSTEM32\WINMM.dll
0x00007ff8507f0000 - 0x00007ff850802000 	C:\Windows\SYSTEM32\kernel.appcore.dll
0x00007ff83f8c0000 - 0x00007ff83f8ca000 	C:\Program Files\Java\jdk-17\bin\jimage.dll
0x00007ff83f2a0000 - 0x00007ff83f484000 	C:\Windows\SYSTEM32\DBGHELP.DLL
0x00007ff83f230000 - 0x00007ff83f264000 	C:\Windows\SYSTEM32\dbgcore.DLL
0x00007ff852dc0000 - 0x00007ff852e42000 	C:\Windows\System32\bcryptPrimitives.dll
0x00007ff83f8d0000 - 0x00007ff83f8f5000 	C:\Program Files\Java\jdk-17\bin\java.dll
0x00007ff83f7e0000 - 0x00007ff83f8b7000 	C:\Program Files\Java\jdk-17\bin\jsvml.dll
0x00007ff8537f0000 - 0x00007ff853f34000 	C:\Windows\System32\SHELL32.dll
0x00007ff8509f0000 - 0x00007ff851183000 	C:\Windows\SYSTEM32\windows.storage.dll
0x00007ff8533b0000 - 0x00007ff853704000 	C:\Windows\System32\combase.dll
0x00007ff852300000 - 0x00007ff85232e000 	C:\Windows\SYSTEM32\Wldp.dll
0x00007ff8549e0000 - 0x00007ff854a8d000 	C:\Windows\System32\SHCORE.dll
0x00007ff8545e0000 - 0x00007ff854635000 	C:\Windows\System32\shlwapi.dll
0x00007ff852850000 - 0x00007ff85286f000 	C:\Windows\SYSTEM32\profapi.dll
0x00007ff83f7c0000 - 0x00007ff83f7d9000 	C:\Program Files\Java\jdk-17\bin\net.dll
0x00007ff84b540000 - 0x00007ff84b64a000 	C:\Windows\SYSTEM32\WINHTTP.dll
0x00007ff852050000 - 0x00007ff8520ba000 	C:\Windows\system32\mswsock.dll
0x00007ff83f7a0000 - 0x00007ff83f7b6000 	C:\Program Files\Java\jdk-17\bin\nio.dll
0x00007ff83f780000 - 0x00007ff83f798000 	C:\Program Files\Java\jdk-17\bin\zip.dll
0x00007ff83f770000 - 0x00007ff83f780000 	C:\Program Files\Java\jdk-17\bin\verify.dll
0x00007ff83f020000 - 0x00007ff83f02a000 	C:\Program Files\Java\jdk-17\bin\management.dll
0x00007ff83e820000 - 0x00007ff83e82b000 	C:\Program Files\Java\jdk-17\bin\management_ext.dll
0x00007ff83d810000 - 0x00007ff83d827000 	C:\Windows\system32\napinsp.dll
0x00007ff83d7f0000 - 0x00007ff83d80b000 	C:\Windows\system32\pnrpnsp.dll
0x00007ff83d7d0000 - 0x00007ff83d7e5000 	C:\Windows\system32\wshbth.dll
0x00007ff84e2b0000 - 0x00007ff84e2cd000 	C:\Windows\system32\NLAapi.dll
0x00007ff851ce0000 - 0x00007ff851d1c000 	C:\Windows\SYSTEM32\IPHLPAPI.DLL
0x00007ff851d30000 - 0x00007ff851dfb000 	C:\Windows\SYSTEM32\DNSAPI.dll
0x00007ff8545d0000 - 0x00007ff8545d8000 	C:\Windows\System32\NSI.dll
0x00007ff83d7b0000 - 0x00007ff83d7c2000 	C:\Windows\System32\winrnr.dll
0x000000006ac20000 - 0x000000006ac46000 	C:\Program Files\Bonjour\mdnsNSP.dll
0x00007ff84ab30000 - 0x00007ff84ab3a000 	C:\Windows\System32\rasadhlp.dll
0x00007ff849660000 - 0x00007ff8496e2000 	C:\Windows\System32\fwpuclnt.dll
0x00007ff852940000 - 0x00007ff852967000 	C:\Windows\System32\bcrypt.dll

dbghelp: loaded successfully - version: 4.0.5 - missing functions: none
symbol engine: initialized successfully - sym options: 0x614 - pdb path: .;C:\Program Files\Java\jdk-17\bin;C:\Windows\SYSTEM32;C:\Windows\WinSxS\amd64_microsoft.windows.common-controls_6595b64144ccf1df_6.0.19041.1110_none_60b5254171f9507e;C:\Program Files\Java\jdk-17\bin\server;C:\Program Files\Bonjour

VM Arguments:
java_command: com.portfolio.fml.FmlApplication
java_class_path (initial): E:\Proyecto_Final\Proyecto_Final_FilomenoLautaro\Proyecto_FilomenoLautaro\Backend\target\classes;C:\Users\Lucario\.m2\repository\org\springframework\boot\spring-boot-starter-data-jpa\2.7.11\spring-boot-starter-data-jpa-2.7.11.jar;C:\Users\Lucario\.m2\repository\org\springframework\boot\spring-boot-starter-aop\2.7.11\spring-boot-starter-aop-2.7.11.jar;C:\Users\Lucario\.m2\repository\org\aspectj\aspectjweaver\1.9.7\aspectjweaver-1.9.7.jar;C:\Users\Lucario\.m2\repository\org\springframework\boot\spring-boot-starter-jdbc\2.7.11\spring-boot-starter-jdbc-2.7.11.jar;C:\Users\Lucario\.m2\repository\com\zaxxer\HikariCP\4.0.3\HikariCP-4.0.3.jar;C:\Users\Lucario\.m2\repository\org\springframework\spring-jdbc\5.3.27\spring-jdbc-5.3.27.jar;C:\Users\Lucario\.m2\repository\jakarta\transaction\jakarta.transaction-api\1.3.3\jakarta.transaction-api-1.3.3.jar;C:\Users\Lucario\.m2\repository\jakarta\persistence\jakarta.persistence-api\2.2.3\jakarta.persistence-api-2.2.3.jar;C:\Users\Lucario\.m2\repository\org\hibernate\hibernate-core\5.6.15.Final\hibernate-core-5.6.15.Final.jar;C:\Users\Lucario\.m2\repository\org\jboss\logging\jboss-logging\3.4.3.Final\jboss-logging-3.4.3.Final.jar;C:\Users\Lucario\.m2\repository\net\bytebuddy\byte-buddy\1.12.23\byte-buddy-1.12.23.jar;C:\Users\Lucario\.m2\repository\antlr\antlr\2.7.7\antlr-2.7.7.jar;C:\Users\Lucario\.m2\repository\org\jboss\jandex\2.4.2.Final\jandex-2.4.2.Final.jar;C:\Users\Lucario\.m2\repository\com\fasterxml\classmate\1.5.1\classmate-1.5.1.jar;C:\Users\Lucario\.m2\repository\org\hibernate\common\hibernate-commons-annotations\5.1.2.Final\hibernate-commons-annotations-5.1.2.Final.jar;C:\Users\Lucario\.m2\repository\org\glassfish\jaxb\jaxb-runtime\2.3.8\jaxb-runtime-2.3.8.jar;C:\Users\Lucario\.m2\repository\org\glassfish\jaxb\txw2\2.3.8\txw2-2.3.8.jar;C:\Users\Lucario\.m2\repository\com\sun\istack\istack-commons-runtime\3.0.12\istack-commons-runtime-3.0.12.jar;C:\Users\Lucario\.m2\repository\com\sun\activati
Launcher Type: SUN_STANDARD

[Global flags]
     intx CICompilerCount                          = 2                                         {product} {ergonomic}
     uint ConcGCThreads                            = 1                                         {product} {ergonomic}
     uint G1ConcRefinementThreads                  = 2                                         {product} {ergonomic}
   size_t G1HeapRegionSize                         = 1048576                                   {product} {ergonomic}
    uintx GCDrainStackTargetSize                   = 64                                        {product} {ergonomic}
   size_t InitialHeapSize                          = 67108864                                  {product} {ergonomic}
   size_t MarkStackSize                            = 4194304                                   {product} {ergonomic}
   size_t MaxHeapSize                              = 1073741824                                {product} {ergonomic}
   size_t MaxNewSize                               = 643825664                                 {product} {ergonomic}
   size_t MinHeapDeltaBytes                        = 1048576                                   {product} {ergonomic}
   size_t MinHeapSize                              = 8388608                                   {product} {ergonomic}
    uintx NonNMethodCodeHeapSize                   = 5826188                                {pd product} {ergonomic}
    uintx NonProfiledCodeHeapSize                  = 122916026                              {pd product} {ergonomic}
    uintx ProfiledCodeHeapSize                     = 122916026                              {pd product} {ergonomic}
    uintx ReservedCodeCacheSize                    = 251658240                              {pd product} {ergonomic}
     bool SegmentedCodeCache                       = true                                      {product} {ergonomic}
   size_t SoftMaxHeapSize                          = 1073741824                             {manageable} {ergonomic}
     bool UseCompressedClassPointers               = true                           {product lp64_product} {ergonomic}
     bool UseCompressedOops                        = true                           {product lp64_product} {ergonomic}
     bool UseG1GC                                  = true                                      {product} {ergonomic}
     bool UseLargePagesIndividualAllocation        = false                                  {pd product} {ergonomic}

Logging:
Log output configuration:
 #0: stdout all=warning uptime,level,tags
 #1: stderr all=off uptime,level,tags

Environment Variables:
JAVA_HOME=C:\Program Files\Java\jdk-17
PATH=C:\Program Files\Common Files\Oracle\Java\javapath;C:\Program Files (x86)\Common Files\Oracle\Java\javapath;C:\Program Files\Eclipse Adoptium\jdk-8.0.372.7-hotspot\bin;C:\Windows\system32;C:\Windows;C:\Windows\System32\Wbem;C:\Windows\System32\WindowsPowerShell\v1.0\;C:\Windows\System32\OpenSSH\;E:\Programacion\Git\cmd;C:\ProgramData\chocolatey\bin;E:\Programacion\;C:\Program Files\MySQL\MySQL Shell 8.0\bin\;C:\Users\Lucario\AppData\Local\Microsoft\WindowsApps;E:\Programacion\Microsoft VS Code\bin;E:\Cosas-Programas\apache-maven-3.9.1\bin;C:\Program Files\MySQL\MySQL Server 8.0\bin;C:\Users\Lucario\AppData\Local\GitHubDesktop\bin;E:\platform-tools;C:\Users\Lucario\AppData\Roaming\npm
USERNAME=Lucario
OS=Windows_NT
PROCESSOR_IDENTIFIER=AMD64 Family 16 Model 6 Stepping 3, AuthenticAMD



---------------  S Y S T E M  ---------------

OS:
 Windows 10 , 64 bit Build 19041 (10.0.19041.2913)
OS uptime: 0 days 2:07 hours

CPU: total 2 (initial active 2) (2 cores per cpu, 1 threads per core) family 16 model 6 stepping 3 microcode 0x0, cx8, cmov, fxsr, mmx, 3dnowpref, sse, sse2, sse3, sse4a, popcnt, lzcnt, tsc, tscinvbit, clflush

Memory: 4k page, system-wide physical 4095M (309M free)
TotalPageFile size 6143M (AvailPageFile size 3M)
current process WorkingSet (physical memory assigned to process): 118M, peak: 119M
current process commit charge ("private bytes"): 170M, peak: 173M

vm_info: Java HotSpot(TM) 64-Bit Server VM (17.0.7+8-LTS-224) for windows-amd64 JRE (17.0.7+8-LTS-224), built on Feb 28 2023 23:03:02 by "mach5one" with MS VC++ 17.1 (VS2022)

END.
