#
# There is insufficient memory for the Java Runtime Environment to continue.
# Native memory allocation (malloc) failed to allocate 32744 bytes for ChunkPool::allocate
# Possible reasons:
#   The system is out of physical RAM or swap space
#   The process is running with CompressedOops enabled, and the Java Heap may be blocking the growth of the native heap
# Possible solutions:
#   Reduce memory load on the system
#   Increase physical memory or swap space
#   Check if swap backing store is full
#   Decrease Java heap size (-Xmx/-Xms)
#   Decrease number of Java threads
#   Decrease Java thread stack sizes (-Xss)
#   Set larger code cache with -XX:ReservedCodeCacheSize=
#   JVM is running with Unscaled Compressed Oops mode in which the Java heap is
#     placed in the first 4GB address space. The Java Heap base address is the
#     maximum limit for the native heap growth. Please use -XX:HeapBaseMinAddress
#     to set the Java Heap base and to place the Java Heap above 4GB virtual address.
# This output file may be truncated or incomplete.
#
#  Out of Memory Error (arena.cpp:78), pid=8816, tid=2496
#
# JRE version: Java(TM) SE Runtime Environment (17.0.7+8) (build 17.0.7+8-LTS-224)
# Java VM: Java HotSpot(TM) 64-Bit Server VM (17.0.7+8-LTS-224, mixed mode, sharing, tiered, compressed oops, compressed class ptrs, g1 gc, windows-amd64)
# No core dump will be written. Minidumps are not enabled by default on client versions of Windows
#

---------------  S U M M A R Y ------------

Command Line: com.portfolio.fml.FmlApplication

Host: AMD Athlon(tm) II X2 260 Processor, 2 cores, 3G,  Windows 10 , 64 bit Build 19041 (10.0.19041.2913)
Time: Sat May 13 20:24:52 2023 Hora estándar de Argentina elapsed time: 12.613399 seconds (0d 0h 0m 12s)

---------------  T H R E A D  ---------------

Current thread (0x0000020a9487b260):  JavaThread "C2 CompilerThread0" daemon [_thread_in_native, id=2496, stack(0x0000005601a00000,0x0000005601b00000)]


Current CompileTask:
C2:  12613 3326       4       org.springframework.beans.factory.support.AbstractBeanFactory::isFactoryBean (60 bytes)

Stack: [0x0000005601a00000,0x0000005601b00000]
Native frames: (J=compiled Java code, j=interpreted, Vv=VM code, C=native code)
V  [jvm.dll+0x676a4a]
V  [jvm.dll+0x7d74f4]
V  [jvm.dll+0x7d8c9e]
V  [jvm.dll+0x7d9303]
V  [jvm.dll+0x2452c5]
V  [jvm.dll+0xaac80]
V  [jvm.dll+0xaafcc]
V  [jvm.dll+0x3665ed]
V  [jvm.dll+0x36144e]
V  [jvm.dll+0x32bba1]
V  [jvm.dll+0x32b03a]
V  [jvm.dll+0x217acf]
V  [jvm.dll+0x216f01]
V  [jvm.dll+0x1a35e0]
V  [jvm.dll+0x226a6e]
V  [jvm.dll+0x224e15]
V  [jvm.dll+0x78d05c]
V  [jvm.dll+0x78759a]
V  [jvm.dll+0x675875]
C  [ucrtbase.dll+0x21bb2]
C  [KERNEL32.DLL+0x17614]
C  [ntdll.dll+0x526a1]


---------------  P R O C E S S  ---------------

Threads class SMR info:
_java_thread_list=0x0000020ab1073230, length=14, elements={
0x0000020a947aa6d0, 0x0000020a9485f2b0, 0x0000020a94860120, 0x0000020a94874590,
0x0000020a94876150, 0x0000020a94879b20, 0x0000020a9487a4d0, 0x0000020a9487b260,
0x0000020a9487bd00, 0x0000020aaf5914b0, 0x0000020ab0056c10, 0x0000020ab0061d80,
0x0000020ab09eae20, 0x0000020ab0968940
}

Java Threads: ( => current thread )
  0x0000020a947aa6d0 JavaThread "main" [_thread_blocked, id=7748, stack(0x0000005600d00000,0x0000005600e00000)]
  0x0000020a9485f2b0 JavaThread "Reference Handler" daemon [_thread_blocked, id=8128, stack(0x0000005601400000,0x0000005601500000)]
  0x0000020a94860120 JavaThread "Finalizer" daemon [_thread_blocked, id=8948, stack(0x0000005601500000,0x0000005601600000)]
  0x0000020a94874590 JavaThread "Signal Dispatcher" daemon [_thread_blocked, id=8104, stack(0x0000005601600000,0x0000005601700000)]
  0x0000020a94876150 JavaThread "Attach Listener" daemon [_thread_blocked, id=3568, stack(0x0000005601700000,0x0000005601800000)]
  0x0000020a94879b20 JavaThread "Service Thread" daemon [_thread_blocked, id=7888, stack(0x0000005601800000,0x0000005601900000)]
  0x0000020a9487a4d0 JavaThread "Monitor Deflation Thread" daemon [_thread_blocked, id=2220, stack(0x0000005601900000,0x0000005601a00000)]
=>0x0000020a9487b260 JavaThread "C2 CompilerThread0" daemon [_thread_in_native, id=2496, stack(0x0000005601a00000,0x0000005601b00000)]
  0x0000020a9487bd00 JavaThread "C1 CompilerThread0" daemon [_thread_in_vm, id=6380, stack(0x0000005601b00000,0x0000005601c00000)]
  0x0000020aaf5914b0 JavaThread "Sweeper thread" daemon [_thread_blocked, id=8732, stack(0x0000005601c00000,0x0000005601d00000)]
  0x0000020ab0056c10 JavaThread "Notification Thread" daemon [_thread_blocked, id=7412, stack(0x0000005601d00000,0x0000005601e00000)]
  0x0000020ab0061d80 JavaThread "Common-Cleaner" daemon [_thread_blocked, id=5980, stack(0x0000005601f00000,0x0000005602000000)]
  0x0000020ab09eae20 JavaThread "Thread-0" [_thread_blocked, id=7176, stack(0x0000005602100000,0x0000005602200000)]
  0x0000020ab0968940 JavaThread "restartedMain" [_thread_in_native, id=2172, stack(0x0000005602200000,0x0000005602300000)]

Other Threads:
  0x0000020a9485a6b0 VMThread "VM Thread" [stack: 0x0000005601300000,0x0000005601400000] [id=7204]
  0x0000020ab00590f0 WatcherThread [stack: 0x0000005601e00000,0x0000005601f00000] [id=2764]
  0x0000020a947e68b0 GCTaskThread "GC Thread#0" [stack: 0x0000005600e00000,0x0000005600f00000] [id=3928]
  0x0000020ab0354950 GCTaskThread "GC Thread#1" [stack: 0x0000005602000000,0x0000005602100000] [id=6496]
  0x0000020a947ef7f0 ConcurrentGCThread "G1 Main Marker" [stack: 0x0000005600f00000,0x0000005601000000] [id=4888]
  0x0000020a947f0200 ConcurrentGCThread "G1 Conc#0" [stack: 0x0000005601000000,0x0000005601100000] [id=7684]
  0x0000020a94835410 ConcurrentGCThread "G1 Refine#0" [stack: 0x0000005601100000,0x0000005601200000] [id=5660]
  0x0000020ab1788e00 ConcurrentGCThread "G1 Refine#1" [stack: 0x0000005602300000,0x0000005602400000] [id=8736]
  0x0000020a94835e30 ConcurrentGCThread "G1 Service" [stack: 0x0000005601200000,0x0000005601300000] [id=4732]

Threads with active compile tasks:
C2 CompilerThread0    12752 3326       4       org.springframework.beans.factory.support.AbstractBeanFactory::isFactoryBean (60 bytes)
C1 CompilerThread0    12752 3384 %     3       java.util.Properties$LineReader::readLine @ 293 (584 bytes)

VM state: not at safepoint (normal execution)

VM Mutex/Monitor currently owned by a thread: None

Heap address: 0x00000000c0000000, size: 1024 MB, Compressed Oops mode: 32-bit

CDS archive(s) mapped at: [0x0000000800000000-0x0000000800bd0000-0x0000000800bd0000), size 12386304, SharedBaseAddress: 0x0000000800000000, ArchiveRelocationMode: 0.
Compressed class space mapped at: 0x0000000800c00000-0x0000000840c00000, reserved size: 1073741824
Narrow klass base: 0x0000000800000000, Narrow klass shift: 0, Narrow klass range: 0x100000000

GC Precious Log:
 CPUs: 2 total, 2 available
 Memory: 4095M
 Large Page Support: Disabled
 NUMA Support: Disabled
 Compressed Oops: Enabled (32-bit)
 Heap Region Size: 1M
 Heap Min Capacity: 8M
 Heap Initial Capacity: 64M
 Heap Max Capacity: 1G
 Pre-touch: Disabled
 Parallel Workers: 2
 Concurrent Workers: 1
 Concurrent Refinement Workers: 2
 Periodic GC: Disabled

Heap:
 garbage-first heap   total 45056K, used 15755K [0x00000000c0000000, 0x0000000100000000)
  region size 1024K, 3 young (3072K), 1 survivors (1024K)
 Metaspace       used 25610K, committed 25856K, reserved 1073152K
  class space    used 3344K, committed 3456K, reserved 1048576K

Heap Regions: E=young(eden), S=young(survivor), O=old, HS=humongous(starts), HC=humongous(continues), CS=collection set, F=free, OA=open archive, CA=closed archive, TAMS=top-at-mark-start (previous, next)
|   0|0x00000000c0000000, 0x00000000c0100000, 0x00000000c0100000|100%|HS|  |TAMS 0x00000000c0100000, 0x00000000c0000000| Complete 
|   1|0x00000000c0100000, 0x00000000c0200000, 0x00000000c0200000|100%| O|  |TAMS 0x00000000c0200000, 0x00000000c0100000| Untracked 
|   2|0x00000000c0200000, 0x00000000c0300000, 0x00000000c0300000|100%| O|  |TAMS 0x00000000c0300000, 0x00000000c0200000| Untracked 
|   3|0x00000000c0300000, 0x00000000c0400000, 0x00000000c0400000|100%| O|  |TAMS 0x00000000c0400000, 0x00000000c0300000| Untracked 
|   4|0x00000000c0400000, 0x00000000c0500000, 0x00000000c0500000|100%| O|  |TAMS 0x00000000c0500000, 0x00000000c0400000| Untracked 
|   5|0x00000000c0500000, 0x00000000c0600000, 0x00000000c0600000|100%| O|  |TAMS 0x00000000c0600000, 0x00000000c0500000| Untracked 
|   6|0x00000000c0600000, 0x00000000c0700000, 0x00000000c0700000|100%| O|  |TAMS 0x00000000c0700000, 0x00000000c0600000| Untracked 
|   7|0x00000000c0700000, 0x00000000c0800000, 0x00000000c0800000|100%| O|  |TAMS 0x00000000c0755200, 0x00000000c0700000| Untracked 
|   8|0x00000000c0800000, 0x00000000c0900000, 0x00000000c0900000|100%| O|  |TAMS 0x00000000c0800000, 0x00000000c0800000| Untracked 
|   9|0x00000000c0900000, 0x00000000c0900000, 0x00000000c0a00000|  0%| F|  |TAMS 0x00000000c0900000, 0x00000000c0900000| Untracked 
|  10|0x00000000c0a00000, 0x00000000c0b00000, 0x00000000c0b00000|100%| O|  |TAMS 0x00000000c0a00000, 0x00000000c0a00000| Untracked 
|  11|0x00000000c0b00000, 0x00000000c0c00000, 0x00000000c0c00000|100%| O|  |TAMS 0x00000000c0b00000, 0x00000000c0b00000| Untracked 
|  12|0x00000000c0c00000, 0x00000000c0d00000, 0x00000000c0d00000|100%| O|  |TAMS 0x00000000c0c00000, 0x00000000c0c00000| Untracked 
|  13|0x00000000c0d00000, 0x00000000c0e00000, 0x00000000c0e00000|100%| O|  |TAMS 0x00000000c0d00000, 0x00000000c0d00000| Untracked 
|  14|0x00000000c0e00000, 0x00000000c0ee4400, 0x00000000c0f00000| 89%| O|  |TAMS 0x00000000c0e00000, 0x00000000c0e00000| Untracked 
|  15|0x00000000c0f00000, 0x00000000c0f00000, 0x00000000c1000000|  0%| F|  |TAMS 0x00000000c0f00000, 0x00000000c0f00000| Untracked 
|  16|0x00000000c1000000, 0x00000000c1000000, 0x00000000c1100000|  0%| F|  |TAMS 0x00000000c1000000, 0x00000000c1000000| Untracked 
|  17|0x00000000c1100000, 0x00000000c1100000, 0x00000000c1200000|  0%| F|  |TAMS 0x00000000c1100000, 0x00000000c1100000| Untracked 
|  18|0x00000000c1200000, 0x00000000c1200000, 0x00000000c1300000|  0%| F|  |TAMS 0x00000000c1200000, 0x00000000c1200000| Untracked 
|  19|0x00000000c1300000, 0x00000000c1300000, 0x00000000c1400000|  0%| F|  |TAMS 0x00000000c1300000, 0x00000000c1300000| Untracked 
|  20|0x00000000c1400000, 0x00000000c1400000, 0x00000000c1500000|  0%| F|  |TAMS 0x00000000c1400000, 0x00000000c1400000| Untracked 
|  21|0x00000000c1500000, 0x00000000c1500000, 0x00000000c1600000|  0%| F|  |TAMS 0x00000000c1500000, 0x00000000c1500000| Untracked 
|  22|0x00000000c1600000, 0x00000000c1600000, 0x00000000c1700000|  0%| F|  |TAMS 0x00000000c1600000, 0x00000000c1600000| Untracked 
|  23|0x00000000c1700000, 0x00000000c1700000, 0x00000000c1800000|  0%| F|  |TAMS 0x00000000c1700000, 0x00000000c1700000| Untracked 
|  24|0x00000000c1800000, 0x00000000c1800000, 0x00000000c1900000|  0%| F|  |TAMS 0x00000000c1800000, 0x00000000c1800000| Untracked 
|  25|0x00000000c1900000, 0x00000000c1900000, 0x00000000c1a00000|  0%| F|  |TAMS 0x00000000c1900000, 0x00000000c1900000| Untracked 
|  26|0x00000000c1a00000, 0x00000000c1a00000, 0x00000000c1b00000|  0%| F|  |TAMS 0x00000000c1a00000, 0x00000000c1a00000| Untracked 
|  27|0x00000000c1b00000, 0x00000000c1b00000, 0x00000000c1c00000|  0%| F|  |TAMS 0x00000000c1b00000, 0x00000000c1b00000| Untracked 
|  28|0x00000000c1c00000, 0x00000000c1c00000, 0x00000000c1d00000|  0%| F|  |TAMS 0x00000000c1c00000, 0x00000000c1c00000| Untracked 
|  29|0x00000000c1d00000, 0x00000000c1d00000, 0x00000000c1e00000|  0%| F|  |TAMS 0x00000000c1d00000, 0x00000000c1d00000| Untracked 
|  30|0x00000000c1e00000, 0x00000000c1e00000, 0x00000000c1f00000|  0%| F|  |TAMS 0x00000000c1e00000, 0x00000000c1e00000| Untracked 
|  31|0x00000000c1f00000, 0x00000000c1f00000, 0x00000000c2000000|  0%| F|  |TAMS 0x00000000c1f00000, 0x00000000c1f00000| Untracked 
|  32|0x00000000c2000000, 0x00000000c2000000, 0x00000000c2100000|  0%| F|  |TAMS 0x00000000c2000000, 0x00000000c2000000| Untracked 
|  33|0x00000000c2100000, 0x00000000c2100000, 0x00000000c2200000|  0%| F|  |TAMS 0x00000000c2100000, 0x00000000c2100000| Untracked 
|  34|0x00000000c2200000, 0x00000000c2200000, 0x00000000c2300000|  0%| F|  |TAMS 0x00000000c2200000, 0x00000000c2200000| Untracked 
|  35|0x00000000c2300000, 0x00000000c2300000, 0x00000000c2400000|  0%| F|  |TAMS 0x00000000c2300000, 0x00000000c2300000| Untracked 
|  36|0x00000000c2400000, 0x00000000c2400000, 0x00000000c2500000|  0%| F|  |TAMS 0x00000000c2400000, 0x00000000c2400000| Untracked 
|  37|0x00000000c2500000, 0x00000000c2500000, 0x00000000c2600000|  0%| F|  |TAMS 0x00000000c2500000, 0x00000000c2500000| Untracked 
|  38|0x00000000c2600000, 0x00000000c2600000, 0x00000000c2700000|  0%| F|  |TAMS 0x00000000c2600000, 0x00000000c2600000| Untracked 
|  39|0x00000000c2700000, 0x00000000c2700000, 0x00000000c2800000|  0%| F|  |TAMS 0x00000000c2700000, 0x00000000c2700000| Untracked 
|  40|0x00000000c2800000, 0x00000000c2800000, 0x00000000c2900000|  0%| F|  |TAMS 0x00000000c2800000, 0x00000000c2800000| Untracked 
|  54|0x00000000c3600000, 0x00000000c369fd10, 0x00000000c3700000| 62%| E|  |TAMS 0x00000000c3600000, 0x00000000c3600000| Complete 
|  55|0x00000000c3700000, 0x00000000c377e8e0, 0x00000000c3800000| 49%| S|CS|TAMS 0x00000000c3700000, 0x00000000c3700000| Complete 
|  56|0x00000000c3800000, 0x00000000c3900000, 0x00000000c3900000|100%| E|CS|TAMS 0x00000000c3800000, 0x00000000c3800000| Complete 

Card table byte_map: [0x0000020a94580000,0x0000020a94780000] _byte_map_base: 0x0000020a93f80000

Marking Bits (Prev, Next): (CMBitMap*) 0x0000020a947e6f00, (CMBitMap*) 0x0000020a947e6ec0
 Prev Bits: [0x0000020aac230000, 0x0000020aad230000)
 Next Bits: [0x0000020aab230000, 0x0000020aac230000)

Polling page: 0x0000020a92770000

Metaspace:

Usage:
  Non-class:     21.74 MB used.
      Class:      3.27 MB used.
       Both:     25.01 MB used.

Virtual space:
  Non-class space:       24.00 MB reserved,      21.88 MB ( 91%) committed,  3 nodes.
      Class space:        1.00 GB reserved,       3.38 MB ( <1%) committed,  1 nodes.
             Both:        1.02 GB reserved,      25.25 MB (  2%) committed. 

Chunk freelists:
   Non-Class:  2.14 MB
       Class:  448.00 KB
        Both:  2.58 MB

MaxMetaspaceSize: unlimited
CompressedClassSpaceSize: 1.00 GB
Initial GC threshold: 21.00 MB
Current GC threshold: 35.12 MB
CDS: on
MetaspaceReclaimPolicy: balanced
 - commit_granule_bytes: 65536.
 - commit_granule_words: 8192.
 - virtual_space_node_default_size: 1048576.
 - enlarge_chunks_in_place: 1.
 - new_chunks_are_fully_committed: 0.
 - uncommit_free_chunks: 1.
 - use_allocation_guard: 0.
 - handle_deallocations: 1.


Internal statistics:

num_allocs_failed_limit: 3.
num_arena_births: 214.
num_arena_deaths: 0.
num_vsnodes_births: 4.
num_vsnodes_deaths: 0.
num_space_committed: 404.
num_space_uncommitted: 0.
num_chunks_returned_to_freelist: 3.
num_chunks_taken_from_freelist: 1096.
num_chunk_merges: 3.
num_chunk_splits: 777.
num_chunks_enlarged: 628.
num_purges: 0.
num_inconsistent_stats: 0.

CodeHeap 'non-profiled nmethods': size=120064Kb used=1391Kb max_used=1391Kb free=118672Kb
 bounds [0x0000020aa3af0000, 0x0000020aa3d60000, 0x0000020aab030000]
CodeHeap 'profiled nmethods': size=120000Kb used=7627Kb max_used=7627Kb free=112372Kb
 bounds [0x0000020a9c030000, 0x0000020a9c7b0000, 0x0000020aa3560000]
CodeHeap 'non-nmethods': size=5696Kb used=1184Kb max_used=1220Kb free=4511Kb
 bounds [0x0000020aa3560000, 0x0000020aa37d0000, 0x0000020aa3af0000]
 total_blobs=3854 nmethods=3376 adapters=391
 compilation: enabled
              stopped_count=0, restarted_count=0
 full_count=0

Compilation events (20 events):
Event: 12.389 Thread 0x0000020a9487bd00 3373       3       java.lang.invoke.Invokers::callSiteForm (308 bytes)
Event: 12.390 Thread 0x0000020a9487bd00 nmethod 3373 0x0000020a9c79bb90 code [0x0000020a9c79bec0, 0x0000020a9c79d588]
Event: 12.392 Thread 0x0000020a9487bd00 3374       3       java.lang.ThreadLocal$ThreadLocalMap::nextIndex (15 bytes)
Event: 12.392 Thread 0x0000020a9487bd00 nmethod 3374 0x0000020a9c79de90 code [0x0000020a9c79e020, 0x0000020a9c79e158]
Event: 12.396 Thread 0x0000020a9487bd00 3376       3       org.springframework.core.annotation.AnnotatedElementUtils::getAnnotationAttributes (23 bytes)
Event: 12.397 Thread 0x0000020a9487bd00 nmethod 3376 0x0000020a9c79e210 code [0x0000020a9c79e440, 0x0000020a9c79ecb8]
Event: 12.402 Thread 0x0000020a9487bd00 3377       3       java.util.HashMap::get (19 bytes)
Event: 12.402 Thread 0x0000020a9487bd00 nmethod 3377 0x0000020a9c79f010 code [0x0000020a9c79f1c0, 0x0000020a9c79f388]
Event: 12.447 Thread 0x0000020a9487bd00 3378       3       ch.qos.logback.classic.Logger::createChildByName (128 bytes)
Event: 12.448 Thread 0x0000020a9487bd00 nmethod 3378 0x0000020a9c79f490 code [0x0000020a9c79f7c0, 0x0000020a9c7a09f8]
Event: 12.452 Thread 0x0000020a9487bd00 3379       3       java.util.Collections$UnmodifiableMap$UnmodifiableEntrySet$1::next (5 bytes)
Event: 12.452 Thread 0x0000020a9487bd00 nmethod 3379 0x0000020a9c7a1090 code [0x0000020a9c7a1280, 0x0000020a9c7a19d8]
Event: 12.452 Thread 0x0000020a9487bd00 3380       3       java.util.Collections$UnmodifiableMap$UnmodifiableEntrySet$UnmodifiableEntry::getKey (10 bytes)
Event: 12.452 Thread 0x0000020a9487bd00 nmethod 3380 0x0000020a9c7a1c10 code [0x0000020a9c7a1dc0, 0x0000020a9c7a1f88]
Event: 12.452 Thread 0x0000020a9487bd00 3381       3       java.util.Collections$UnmodifiableMap$UnmodifiableEntrySet$UnmodifiableEntry::getValue (10 bytes)
Event: 12.452 Thread 0x0000020a9487bd00 nmethod 3381 0x0000020a9c7a2090 code [0x0000020a9c7a2240, 0x0000020a9c7a2408]
Event: 12.465 Thread 0x0000020a9487bd00 3382       3       java.util.ArrayList::<init> (63 bytes)
Event: 12.466 Thread 0x0000020a9487bd00 nmethod 3382 0x0000020a9c7a2510 code [0x0000020a9c7a2700, 0x0000020a9c7a2c98]
Event: 12.467 Thread 0x0000020a9487bd00 3383       1       java.util.logging.LogManager$LoggerContext::getOwner (5 bytes)
Event: 12.467 Thread 0x0000020a9487bd00 nmethod 3383 0x0000020aa3c4bb90 code [0x0000020aa3c4bd20, 0x0000020aa3c4bdf8]

GC Heap History (18 events):
Event: 3.554 GC heap before
{Heap before GC invocations=0 (full 0):
 garbage-first heap   total 65536K, used 6144K [0x00000000c0000000, 0x0000000100000000)
  region size 1024K, 6 young (6144K), 0 survivors (0K)
 Metaspace       used 768K, committed 896K, reserved 1056768K
  class space    used 46K, committed 128K, reserved 1048576K
}
Event: 3.565 GC heap after
{Heap after GC invocations=1 (full 0):
 garbage-first heap   total 65536K, used 5319K [0x00000000c0000000, 0x0000000100000000)
  region size 1024K, 1 young (1024K), 1 survivors (1024K)
 Metaspace       used 768K, committed 896K, reserved 1056768K
  class space    used 46K, committed 128K, reserved 1048576K
}
Event: 4.185 GC heap before
{Heap before GC invocations=1 (full 0):
 garbage-first heap   total 65536K, used 7367K [0x00000000c0000000, 0x0000000100000000)
  region size 1024K, 3 young (3072K), 1 survivors (1024K)
 Metaspace       used 1703K, committed 1856K, reserved 1056768K
  class space    used 145K, committed 256K, reserved 1048576K
}
Event: 4.188 GC heap after
{Heap after GC invocations=2 (full 0):
 garbage-first heap   total 65536K, used 5825K [0x00000000c0000000, 0x0000000100000000)
  region size 1024K, 1 young (1024K), 1 survivors (1024K)
 Metaspace       used 1703K, committed 1856K, reserved 1056768K
  class space    used 145K, committed 256K, reserved 1048576K
}
Event: 4.993 GC heap before
{Heap before GC invocations=2 (full 0):
 garbage-first heap   total 65536K, used 12993K [0x00000000c0000000, 0x0000000100000000)
  region size 1024K, 8 young (8192K), 1 survivors (1024K)
 Metaspace       used 4171K, committed 4352K, reserved 1056768K
  class space    used 446K, committed 576K, reserved 1048576K
}
Event: 4.997 GC heap after
{Heap after GC invocations=3 (full 0):
 garbage-first heap   total 65536K, used 6772K [0x00000000c0000000, 0x0000000100000000)
  region size 1024K, 1 young (1024K), 1 survivors (1024K)
 Metaspace       used 4171K, committed 4352K, reserved 1056768K
  class space    used 446K, committed 576K, reserved 1048576K
}
Event: 6.097 GC heap before
{Heap before GC invocations=3 (full 0):
 garbage-first heap   total 65536K, used 19060K [0x00000000c0000000, 0x0000000100000000)
  region size 1024K, 13 young (13312K), 1 survivors (1024K)
 Metaspace       used 6679K, committed 6848K, reserved 1056768K
  class space    used 794K, committed 896K, reserved 1048576K
}
Event: 6.103 GC heap after
{Heap after GC invocations=4 (full 0):
 garbage-first heap   total 65536K, used 7658K [0x00000000c0000000, 0x0000000100000000)
  region size 1024K, 2 young (2048K), 2 survivors (2048K)
 Metaspace       used 6679K, committed 6848K, reserved 1056768K
  class space    used 794K, committed 896K, reserved 1048576K
}
Event: 8.430 GC heap before
{Heap before GC invocations=4 (full 0):
 garbage-first heap   total 65536K, used 43498K [0x00000000c0000000, 0x0000000100000000)
  region size 1024K, 38 young (38912K), 2 survivors (2048K)
 Metaspace       used 15447K, committed 15616K, reserved 1064960K
  class space    used 1991K, committed 2048K, reserved 1048576K
}
Event: 8.441 GC heap after
{Heap after GC invocations=5 (full 0):
 garbage-first heap   total 65536K, used 9892K [0x00000000c0000000, 0x0000000100000000)
  region size 1024K, 4 young (4096K), 4 survivors (4096K)
 Metaspace       used 15447K, committed 15616K, reserved 1064960K
  class space    used 1991K, committed 2048K, reserved 1048576K
}
Event: 10.460 GC heap before
{Heap before GC invocations=5 (full 0):
 garbage-first heap   total 65536K, used 43684K [0x00000000c0000000, 0x0000000100000000)
  region size 1024K, 38 young (38912K), 4 survivors (4096K)
 Metaspace       used 20247K, committed 20480K, reserved 1073152K
  class space    used 2583K, committed 2688K, reserved 1048576K
}
Event: 10.476 GC heap after
{Heap after GC invocations=6 (full 0):
 garbage-first heap   total 65536K, used 11938K [0x00000000c0000000, 0x0000000100000000)
  region size 1024K, 5 young (5120K), 5 survivors (5120K)
 Metaspace       used 20247K, committed 20480K, reserved 1073152K
  class space    used 2583K, committed 2688K, reserved 1048576K
}
Event: 10.806 GC heap before
{Heap before GC invocations=6 (full 0):
 garbage-first heap   total 65536K, used 18082K [0x00000000c0000000, 0x0000000100000000)
  region size 1024K, 12 young (12288K), 5 survivors (5120K)
 Metaspace       used 21264K, committed 21504K, reserved 1073152K
  class space    used 2711K, committed 2816K, reserved 1048576K
}
Event: 10.816 GC heap after
{Heap after GC invocations=7 (full 0):
 garbage-first heap   total 65536K, used 12248K [0x00000000c0000000, 0x0000000100000000)
  region size 1024K, 3 young (3072K), 3 survivors (3072K)
 Metaspace       used 21264K, committed 21504K, reserved 1073152K
  class space    used 2711K, committed 2816K, reserved 1048576K
}
Event: 12.257 GC heap before
{Heap before GC invocations=8 (full 0):
 garbage-first heap   total 45056K, used 35800K [0x00000000c0000000, 0x0000000100000000)
  region size 1024K, 26 young (26624K), 3 survivors (3072K)
 Metaspace       used 25047K, committed 25344K, reserved 1073152K
  class space    used 3256K, committed 3392K, reserved 1048576K
}
Event: 12.274 GC heap after
{Heap after GC invocations=9 (full 0):
 garbage-first heap   total 45056K, used 14382K [0x00000000c0000000, 0x0000000100000000)
  region size 1024K, 3 young (3072K), 3 survivors (3072K)
 Metaspace       used 25047K, committed 25344K, reserved 1073152K
  class space    used 3256K, committed 3392K, reserved 1048576K
}
Event: 12.338 GC heap before
{Heap before GC invocations=9 (full 0):
 garbage-first heap   total 45056K, used 15406K [0x00000000c0000000, 0x0000000100000000)
  region size 1024K, 4 young (4096K), 3 survivors (3072K)
 Metaspace       used 25171K, committed 25472K, reserved 1073152K
  class space    used 3273K, committed 3456K, reserved 1048576K
}
Event: 12.346 GC heap after
{Heap after GC invocations=10 (full 0):
 garbage-first heap   total 45056K, used 14731K [0x00000000c0000000, 0x0000000100000000)
  region size 1024K, 1 young (1024K), 1 survivors (1024K)
 Metaspace       used 25171K, committed 25472K, reserved 1073152K
  class space    used 3273K, committed 3456K, reserved 1048576K
}

Deoptimization events (20 events):
Event: 12.087 Thread 0x0000020ab0968940 Uncommon trap: trap_request=0xffffff45 fr.pc=0x0000020aa3c24aec relative=0x0000000000004c4c
Event: 12.087 Thread 0x0000020ab0968940 Uncommon trap: reason=unstable_if action=reinterpret pc=0x0000020aa3c24aec method=java.lang.invoke.MethodType.makeImpl(Ljava/lang/Class;[Ljava/lang/Class;Z)Ljava/lang/invoke/MethodType; @ 47 c2
Event: 12.087 Thread 0x0000020ab0968940 DEOPT PACKING pc=0x0000020aa3c24aec sp=0x00000056022fd260
Event: 12.087 Thread 0x0000020ab0968940 DEOPT UNPACKING pc=0x0000020aa35b239d sp=0x00000056022fd258 mode 2
Event: 12.147 Thread 0x0000020ab0968940 Uncommon trap: trap_request=0xffffff45 fr.pc=0x0000020aa3c39768 relative=0x00000000000023e8
Event: 12.147 Thread 0x0000020ab0968940 Uncommon trap: reason=unstable_if action=reinterpret pc=0x0000020aa3c39768 method=org.springframework.beans.factory.support.AbstractBeanFactory.isTypeMatch(Ljava/lang/String;Lorg/springframework/core/ResolvableType;Z)Z @ 72 c2
Event: 12.147 Thread 0x0000020ab0968940 DEOPT PACKING pc=0x0000020aa3c39768 sp=0x00000056022faf80
Event: 12.147 Thread 0x0000020ab0968940 DEOPT UNPACKING pc=0x0000020aa35b239d sp=0x00000056022faf48 mode 2
Event: 12.201 Thread 0x0000020ab0968940 Uncommon trap: trap_request=0xffffff45 fr.pc=0x0000020aa3bf2770 relative=0x0000000000000810
Event: 12.201 Thread 0x0000020ab0968940 Uncommon trap: reason=unstable_if action=reinterpret pc=0x0000020aa3bf2770 method=org.springframework.util.ConcurrentReferenceHashMap$Segment.findInChain(Lorg/springframework/util/ConcurrentReferenceHashMap$Reference;Ljava/lang/Object;I)Lorg/springframewo
Event: 12.201 Thread 0x0000020ab0968940 DEOPT PACKING pc=0x0000020aa3bf2770 sp=0x00000056022faa30
Event: 12.201 Thread 0x0000020ab0968940 DEOPT UNPACKING pc=0x0000020aa35b239d sp=0x00000056022fa8e0 mode 2
Event: 12.201 Thread 0x0000020ab0968940 Uncommon trap: trap_request=0xffffff45 fr.pc=0x0000020aa3beefd4 relative=0x0000000000000214
Event: 12.201 Thread 0x0000020ab0968940 Uncommon trap: reason=unstable_if action=reinterpret pc=0x0000020aa3beefd4 method=org.springframework.util.ConcurrentReferenceHashMap$Segment.findInChain(Lorg/springframework/util/ConcurrentReferenceHashMap$Reference;Ljava/lang/Object;I)Lorg/springframewo
Event: 12.201 Thread 0x0000020ab0968940 DEOPT PACKING pc=0x0000020aa3beefd4 sp=0x00000056022fa810
Event: 12.201 Thread 0x0000020ab0968940 DEOPT UNPACKING pc=0x0000020aa35b239d sp=0x00000056022fa7b8 mode 2
Event: 12.395 Thread 0x0000020ab0968940 Uncommon trap: trap_request=0xffffff45 fr.pc=0x0000020aa3bb2ff4 relative=0x00000000000002b4
Event: 12.395 Thread 0x0000020ab0968940 Uncommon trap: reason=unstable_if action=reinterpret pc=0x0000020aa3bb2ff4 method=java.util.HashMap.getNode(Ljava/lang/Object;)Ljava/util/HashMap$Node; @ 66 c2
Event: 12.395 Thread 0x0000020ab0968940 DEOPT PACKING pc=0x0000020aa3bb2ff4 sp=0x00000056022fda00
Event: 12.396 Thread 0x0000020ab0968940 DEOPT UNPACKING pc=0x0000020aa35b239d sp=0x00000056022fd910 mode 2

Classes unloaded (0 events):
No events

Classes redefined (0 events):
No events

Internal exceptions (20 events):
Event: 12.173 Thread 0x0000020ab0968940 Exception <a 'java/lang/ClassNotFoundException'{0x00000000c138db38}: java/lang/ObjectCustomizer> (0x00000000c138db38) 
thrown [s\open\src\hotspot\share\classfile\systemDictionary.cpp, line 256]
Event: 12.176 Thread 0x0000020ab0968940 Exception <a 'java/lang/ClassNotFoundException'{0x00000000c1397580}: org/springframework/transaction/annotation/AbstractTransactionManagementConfigurationCustomizer> (0x00000000c1397580) 
thrown [s\open\src\hotspot\share\classfile\systemDictionary.cpp, line 256]
Event: 12.176 Thread 0x0000020ab0968940 Exception <a 'java/lang/ClassNotFoundException'{0x00000000c13a0200}: org/springframework/transaction/annotation/ProxyTransactionManagementConfigurationCustomizer> (0x00000000c13a0200) 
thrown [s\open\src\hotspot\share\classfile\systemDictionary.cpp, line 256]
Event: 12.181 Thread 0x0000020ab0968940 Exception <a 'java/lang/ClassNotFoundException'{0x00000000c13a9d88}: org/springframework/context/annotation/ImportAwareCustomizer> (0x00000000c13a9d88) 
thrown [s\open\src\hotspot\share\classfile\systemDictionary.cpp, line 256]
Event: 12.184 Thread 0x0000020ab0968940 Exception <a 'java/lang/ClassNotFoundException'{0x00000000c13b0998}: org/springframework/beans/factory/AwareCustomizer> (0x00000000c13b0998) 
thrown [s\open\src\hotspot\share\classfile\systemDictionary.cpp, line 256]
Event: 12.248 Thread 0x0000020ab0968940 Exception <a 'java/lang/ClassNotFoundException'{0x00000000c12dde88}: java/lang/ObjectCustomizer> (0x00000000c12dde88) 
thrown [s\open\src\hotspot\share\classfile\systemDictionary.cpp, line 256]
Event: 12.250 Thread 0x0000020ab0968940 Exception <a 'java/lang/ClassNotFoundException'{0x00000000c12e7290}: org/springframework/security/config/annotation/method/configuration/GlobalMethodSecurityConfigurationCustomizer> (0x00000000c12e7290) 
thrown [s\open\src\hotspot\share\classfile\systemDictionary.cpp, line 256]
Event: 12.256 Thread 0x0000020ab0968940 Exception <a 'java/lang/ClassNotFoundException'{0x00000000c12f8978}: org/springframework/context/annotation/ImportAwareCustomizer> (0x00000000c12f8978) 
thrown [s\open\src\hotspot\share\classfile\systemDictionary.cpp, line 256]
Event: 12.257 Thread 0x0000020ab0968940 Exception <a 'java/lang/ClassNotFoundException'{0x00000000c12fe970}: org/springframework/beans/factory/AwareCustomizer> (0x00000000c12fe970) 
thrown [s\open\src\hotspot\share\classfile\systemDictionary.cpp, line 256]
Event: 12.285 Thread 0x0000020ab0968940 Exception <a 'java/lang/ClassNotFoundException'{0x00000000c38046b8}: org/springframework/beans/factory/SmartInitializingSingletonCustomizer> (0x00000000c38046b8) 
thrown [s\open\src\hotspot\share\classfile\systemDictionary.cpp, line 256]
Event: 12.286 Thread 0x0000020ab0968940 Exception <a 'java/lang/ClassNotFoundException'{0x00000000c380a658}: org/springframework/beans/factory/BeanFactoryAwareCustomizer> (0x00000000c380a658) 
thrown [s\open\src\hotspot\share\classfile\systemDictionary.cpp, line 256]
Event: 12.286 Thread 0x0000020ab0968940 Exception <a 'java/lang/ClassNotFoundException'{0x00000000c3811168}: org/springframework/beans/factory/AwareCustomizer> (0x00000000c3811168) 
thrown [s\open\src\hotspot\share\classfile\systemDictionary.cpp, line 256]
Event: 12.309 Thread 0x0000020ab0968940 Exception <a 'java/lang/ClassNotFoundException'{0x00000000c3882ed0}: java/lang/ObjectCustomizer> (0x00000000c3882ed0) 
thrown [s\open\src\hotspot\share\classfile\systemDictionary.cpp, line 256]
Event: 12.310 Thread 0x0000020ab0968940 Exception <a 'java/lang/ClassNotFoundException'{0x00000000c388b1b0}: org/springframework/aop/support/AbstractPointcutAdvisorCustomizer> (0x00000000c388b1b0) 
thrown [s\open\src\hotspot\share\classfile\systemDictionary.cpp, line 256]
Event: 12.312 Thread 0x0000020ab0968940 Exception <a 'java/lang/ClassNotFoundException'{0x00000000c3894b08}: org/springframework/security/access/intercept/aopalliance/MethodSecurityMetadataSourceAdvisorCustomizer> (0x00000000c3894b08) 
thrown [s\open\src\hotspot\share\classfile\systemDictionary.cpp, line 256]
Event: 12.315 Thread 0x0000020ab0968940 Exception <a 'java/lang/ClassNotFoundException'{0x00000000c38a18a8}: org/springframework/beans/factory/BeanFactoryAwareCustomizer> (0x00000000c38a18a8) 
thrown [s\open\src\hotspot\share\classfile\systemDictionary.cpp, line 256]
Event: 12.316 Thread 0x0000020ab0968940 Exception <a 'java/lang/ClassNotFoundException'{0x00000000c38a76e0}: org/springframework/beans/factory/AwareCustomizer> (0x00000000c38a76e0) 
thrown [s\open\src\hotspot\share\classfile\systemDictionary.cpp, line 256]
Event: 12.316 Thread 0x0000020ab0968940 Exception <a 'java/lang/ClassNotFoundException'{0x00000000c38ac0b8}: org/springframework/aop/PointcutAdvisorCustomizer> (0x00000000c38ac0b8) 
thrown [s\open\src\hotspot\share\classfile\systemDictionary.cpp, line 256]
Event: 12.318 Thread 0x0000020ab0968940 Exception <a 'java/lang/ClassNotFoundException'{0x00000000c38b1d80}: org/springframework/aop/AdvisorCustomizer> (0x00000000c38b1d80) 
thrown [s\open\src\hotspot\share\classfile\systemDictionary.cpp, line 256]
Event: 12.319 Thread 0x0000020ab0968940 Exception <a 'java/lang/ClassNotFoundException'{0x00000000c38b7fa0}: org/springframework/core/OrderedCustomizer> (0x00000000c38b7fa0) 
thrown [s\open\src\hotspot\share\classfile\systemDictionary.cpp, line 256]

VM Operations (20 events):
Event: 11.560 Executing VM operation: HandshakeAllThreads
Event: 11.560 Executing VM operation: HandshakeAllThreads done
Event: 11.826 Executing VM operation: HandshakeAllThreads
Event: 11.826 Executing VM operation: HandshakeAllThreads done
Event: 11.953 Executing VM operation: HandshakeAllThreads
Event: 11.953 Executing VM operation: HandshakeAllThreads done
Event: 11.953 Executing VM operation: Cleanup
Event: 11.954 Executing VM operation: Cleanup done
Event: 11.954 Executing VM operation: HandshakeAllThreads
Event: 11.954 Executing VM operation: HandshakeAllThreads done
Event: 11.955 Executing VM operation: HandshakeAllThreads
Event: 11.955 Executing VM operation: HandshakeAllThreads done
Event: 12.024 Executing VM operation: HandshakeAllThreads
Event: 12.024 Executing VM operation: HandshakeAllThreads done
Event: 12.257 Executing VM operation: G1CollectForAllocation
Event: 12.274 Executing VM operation: G1CollectForAllocation done
Event: 12.324 Executing VM operation: HandshakeAllThreads
Event: 12.324 Executing VM operation: HandshakeAllThreads done
Event: 12.338 Executing VM operation: G1CollectForAllocation
Event: 12.347 Executing VM operation: G1CollectForAllocation done

Events (20 events):
Event: 12.173 loading class java/lang/ObjectCustomizer
Event: 12.173 loading class java/lang/ObjectCustomizer done
Event: 12.208 loading class java/io/ObjectOutputStream
Event: 12.216 loading class java/io/ObjectOutput
Event: 12.216 loading class java/io/ObjectOutput done
Event: 12.216 loading class java/io/ObjectOutputStream done
Event: 12.248 loading class java/lang/ObjectCustomizer
Event: 12.248 loading class java/lang/ObjectCustomizer done
Event: 12.248 loading class java/lang/ObjectCustomizer
Event: 12.248 loading class java/lang/ObjectCustomizer done
Event: 12.309 loading class java/lang/ObjectCustomizer
Event: 12.309 loading class java/lang/ObjectCustomizer done
Event: 12.309 loading class java/lang/ObjectCustomizer
Event: 12.309 loading class java/lang/ObjectCustomizer done
Event: 12.399 loading class java/text/MessageFormat
Event: 12.400 loading class java/text/MessageFormat done
Event: 12.454 loading class java/nio/file/InvalidPathException
Event: 12.461 loading class java/nio/file/InvalidPathException done
Event: 12.463 loading class java/lang/UnsatisfiedLinkError
Event: 12.463 loading class java/lang/UnsatisfiedLinkError done


Dynamic libraries:
0x00007ff78af30000 - 0x00007ff78af40000 	C:\Program Files\Java\jdk-17\bin\java.exe
0x00007ff855230000 - 0x00007ff855428000 	C:\Windows\SYSTEM32\ntdll.dll
0x00007ff854fd0000 - 0x00007ff85508f000 	C:\Windows\System32\KERNEL32.DLL
0x00007ff852ac0000 - 0x00007ff852db6000 	C:\Windows\System32\KERNELBASE.dll
0x00007ff8529c0000 - 0x00007ff852ac0000 	C:\Windows\System32\ucrtbase.dll
0x00007ff83f5e0000 - 0x00007ff83f5f9000 	C:\Program Files\Java\jdk-17\bin\jli.dll
0x00007ff854cd0000 - 0x00007ff854d7f000 	C:\Windows\System32\ADVAPI32.dll
0x00007ff855090000 - 0x00007ff85512e000 	C:\Windows\System32\msvcrt.dll
0x00007ff854bc0000 - 0x00007ff854c5c000 	C:\Windows\System32\sechost.dll
0x00007ff8547d0000 - 0x00007ff8548f6000 	C:\Windows\System32\RPCRT4.dll
0x00007ff854430000 - 0x00007ff8545cd000 	C:\Windows\System32\USER32.dll
0x00007ff852910000 - 0x00007ff852932000 	C:\Windows\System32\win32u.dll
0x00007ff855130000 - 0x00007ff85515c000 	C:\Windows\System32\GDI32.dll
0x00007ff853170000 - 0x00007ff853285000 	C:\Windows\System32\gdi32full.dll
0x00007ff852fb0000 - 0x00007ff85304d000 	C:\Windows\System32\msvcp_win.dll
0x00007ff8444d0000 - 0x00007ff8444eb000 	C:\Program Files\Java\jdk-17\bin\VCRUNTIME140.dll
0x00007ff844060000 - 0x00007ff8442fa000 	C:\Windows\WinSxS\amd64_microsoft.windows.common-controls_6595b64144ccf1df_6.0.19041.1110_none_60b5254171f9507e\COMCTL32.dll
0x00007ff84be40000 - 0x00007ff84be4a000 	C:\Windows\SYSTEM32\VERSION.dll
0x00007ff8551c0000 - 0x00007ff8551f0000 	C:\Windows\System32\IMM32.DLL
0x00007ff84a360000 - 0x00007ff84a36c000 	C:\Program Files\Java\jdk-17\bin\vcruntime140_1.dll
0x00007ff820e90000 - 0x00007ff820f1e000 	C:\Program Files\Java\jdk-17\bin\msvcp140.dll
0x00007ff814a20000 - 0x00007ff8155fd000 	C:\Program Files\Java\jdk-17\bin\server\jvm.dll
0x00007ff8549d0000 - 0x00007ff8549d8000 	C:\Windows\System32\PSAPI.DLL
0x00007ff84b860000 - 0x00007ff84b869000 	C:\Windows\SYSTEM32\WSOCK32.dll
0x00007ff854c60000 - 0x00007ff854ccb000 	C:\Windows\System32\WS2_32.dll
0x00007ff84bae0000 - 0x00007ff84bb07000 	C:\Windows\SYSTEM32\WINMM.dll
0x00007ff8507f0000 - 0x00007ff850802000 	C:\Windows\SYSTEM32\kernel.appcore.dll
0x00007ff844520000 - 0x00007ff84452a000 	C:\Program Files\Java\jdk-17\bin\jimage.dll
0x00007ff83f2a0000 - 0x00007ff83f484000 	C:\Windows\SYSTEM32\DBGHELP.DLL
0x00007ff83f230000 - 0x00007ff83f264000 	C:\Windows\SYSTEM32\dbgcore.DLL
0x00007ff852dc0000 - 0x00007ff852e42000 	C:\Windows\System32\bcryptPrimitives.dll
0x00007ff840410000 - 0x00007ff840435000 	C:\Program Files\Java\jdk-17\bin\java.dll
0x00007ff81ad20000 - 0x00007ff81adf7000 	C:\Program Files\Java\jdk-17\bin\jsvml.dll
0x00007ff8537f0000 - 0x00007ff853f34000 	C:\Windows\System32\SHELL32.dll
0x00007ff8509f0000 - 0x00007ff851183000 	C:\Windows\SYSTEM32\windows.storage.dll
0x00007ff8533b0000 - 0x00007ff853704000 	C:\Windows\System32\combase.dll
0x00007ff852300000 - 0x00007ff85232e000 	C:\Windows\SYSTEM32\Wldp.dll
0x00007ff8549e0000 - 0x00007ff854a8d000 	C:\Windows\System32\SHCORE.dll
0x00007ff8545e0000 - 0x00007ff854635000 	C:\Windows\System32\shlwapi.dll
0x00007ff852850000 - 0x00007ff85286f000 	C:\Windows\SYSTEM32\profapi.dll
0x00007ff8444b0000 - 0x00007ff8444c9000 	C:\Program Files\Java\jdk-17\bin\net.dll
0x00007ff84b540000 - 0x00007ff84b64a000 	C:\Windows\SYSTEM32\WINHTTP.dll
0x00007ff852050000 - 0x00007ff8520ba000 	C:\Windows\system32\mswsock.dll
0x00007ff841380000 - 0x00007ff841396000 	C:\Program Files\Java\jdk-17\bin\nio.dll
0x00007ff841250000 - 0x00007ff841268000 	C:\Program Files\Java\jdk-17\bin\zip.dll
0x00007ff8436d0000 - 0x00007ff8436e0000 	C:\Program Files\Java\jdk-17\bin\verify.dll
0x00007ff843490000 - 0x00007ff84349a000 	C:\Program Files\Java\jdk-17\bin\management.dll
0x00007ff8412a0000 - 0x00007ff8412ab000 	C:\Program Files\Java\jdk-17\bin\management_ext.dll
0x00007ff83d810000 - 0x00007ff83d827000 	C:\Windows\system32\napinsp.dll
0x00007ff83d7f0000 - 0x00007ff83d80b000 	C:\Windows\system32\pnrpnsp.dll
0x00007ff83d7d0000 - 0x00007ff83d7e5000 	C:\Windows\system32\wshbth.dll
0x00007ff84e2b0000 - 0x00007ff84e2cd000 	C:\Windows\system32\NLAapi.dll
0x00007ff851ce0000 - 0x00007ff851d1c000 	C:\Windows\SYSTEM32\IPHLPAPI.DLL
0x00007ff851d30000 - 0x00007ff851dfb000 	C:\Windows\SYSTEM32\DNSAPI.dll
0x00007ff8545d0000 - 0x00007ff8545d8000 	C:\Windows\System32\NSI.dll
0x00007ff83d7b0000 - 0x00007ff83d7c2000 	C:\Windows\System32\winrnr.dll
0x000000006ac20000 - 0x000000006ac46000 	C:\Program Files\Bonjour\mdnsNSP.dll
0x00007ff84ab30000 - 0x00007ff84ab3a000 	C:\Windows\System32\rasadhlp.dll
0x00007ff849660000 - 0x00007ff8496e2000 	C:\Windows\System32\fwpuclnt.dll
0x00007ff852940000 - 0x00007ff852967000 	C:\Windows\System32\bcrypt.dll

dbghelp: loaded successfully - version: 4.0.5 - missing functions: none
symbol engine: initialized successfully - sym options: 0x614 - pdb path: .;C:\Program Files\Java\jdk-17\bin;C:\Windows\SYSTEM32;C:\Windows\WinSxS\amd64_microsoft.windows.common-controls_6595b64144ccf1df_6.0.19041.1110_none_60b5254171f9507e;C:\Program Files\Java\jdk-17\bin\server;C:\Program Files\Bonjour

VM Arguments:
java_command: com.portfolio.fml.FmlApplication
java_class_path (initial): E:\Proyecto_Final\Proyecto_Final_FilomenoLautaro\Proyecto_FilomenoLautaro\Backend\target\classes;C:\Users\Lucario\.m2\repository\org\springframework\boot\spring-boot-starter-data-jpa\2.7.11\spring-boot-starter-data-jpa-2.7.11.jar;C:\Users\Lucario\.m2\repository\org\springframework\boot\spring-boot-starter-aop\2.7.11\spring-boot-starter-aop-2.7.11.jar;C:\Users\Lucario\.m2\repository\org\aspectj\aspectjweaver\1.9.7\aspectjweaver-1.9.7.jar;C:\Users\Lucario\.m2\repository\org\springframework\boot\spring-boot-starter-jdbc\2.7.11\spring-boot-starter-jdbc-2.7.11.jar;C:\Users\Lucario\.m2\repository\com\zaxxer\HikariCP\4.0.3\HikariCP-4.0.3.jar;C:\Users\Lucario\.m2\repository\org\springframework\spring-jdbc\5.3.27\spring-jdbc-5.3.27.jar;C:\Users\Lucario\.m2\repository\jakarta\transaction\jakarta.transaction-api\1.3.3\jakarta.transaction-api-1.3.3.jar;C:\Users\Lucario\.m2\repository\jakarta\persistence\jakarta.persistence-api\2.2.3\jakarta.persistence-api-2.2.3.jar;C:\Users\Lucario\.m2\repository\org\hibernate\hibernate-core\5.6.15.Final\hibernate-core-5.6.15.Final.jar;C:\Users\Lucario\.m2\repository\org\jboss\logging\jboss-logging\3.4.3.Final\jboss-logging-3.4.3.Final.jar;C:\Users\Lucario\.m2\repository\net\bytebuddy\byte-buddy\1.12.23\byte-buddy-1.12.23.jar;C:\Users\Lucario\.m2\repository\antlr\antlr\2.7.7\antlr-2.7.7.jar;C:\Users\Lucario\.m2\repository\org\jboss\jandex\2.4.2.Final\jandex-2.4.2.Final.jar;C:\Users\Lucario\.m2\repository\com\fasterxml\classmate\1.5.1\classmate-1.5.1.jar;C:\Users\Lucario\.m2\repository\org\hibernate\common\hibernate-commons-annotations\5.1.2.Final\hibernate-commons-annotations-5.1.2.Final.jar;C:\Users\Lucario\.m2\repository\org\glassfish\jaxb\jaxb-runtime\2.3.8\jaxb-runtime-2.3.8.jar;C:\Users\Lucario\.m2\repository\org\glassfish\jaxb\txw2\2.3.8\txw2-2.3.8.jar;C:\Users\Lucario\.m2\repository\com\sun\istack\istack-commons-runtime\3.0.12\istack-commons-runtime-3.0.12.jar;C:\Users\Lucario\.m2\repository\com\sun\activati
Launcher Type: SUN_STANDARD

[Global flags]
     intx CICompilerCount                          = 2                                         {product} {ergonomic}
     uint ConcGCThreads                            = 1                                         {product} {ergonomic}
     uint G1ConcRefinementThreads                  = 2                                         {product} {ergonomic}
   size_t G1HeapRegionSize                         = 1048576                                   {product} {ergonomic}
    uintx GCDrainStackTargetSize                   = 64                                        {product} {ergonomic}
   size_t InitialHeapSize                          = 67108864                                  {product} {ergonomic}
   size_t MarkStackSize                            = 4194304                                   {product} {ergonomic}
   size_t MaxHeapSize                              = 1073741824                                {product} {ergonomic}
   size_t MaxNewSize                               = 643825664                                 {product} {ergonomic}
   size_t MinHeapDeltaBytes                        = 1048576                                   {product} {ergonomic}
   size_t MinHeapSize                              = 8388608                                   {product} {ergonomic}
    uintx NonNMethodCodeHeapSize                   = 5826188                                {pd product} {ergonomic}
    uintx NonProfiledCodeHeapSize                  = 122916026                              {pd product} {ergonomic}
    uintx ProfiledCodeHeapSize                     = 122916026                              {pd product} {ergonomic}
    uintx ReservedCodeCacheSize                    = 251658240                              {pd product} {ergonomic}
     bool SegmentedCodeCache                       = true                                      {product} {ergonomic}
   size_t SoftMaxHeapSize                          = 1073741824                             {manageable} {ergonomic}
     bool UseCompressedClassPointers               = true                           {product lp64_product} {ergonomic}
     bool UseCompressedOops                        = true                           {product lp64_product} {ergonomic}
     bool UseG1GC                                  = true                                      {product} {ergonomic}
     bool UseLargePagesIndividualAllocation        = false                                  {pd product} {ergonomic}

Logging:
Log output configuration:
 #0: stdout all=warning uptime,level,tags
 #1: stderr all=off uptime,level,tags

Environment Variables:
JAVA_HOME=C:\Program Files\Java\jdk-17
PATH=C:\Program Files\Common Files\Oracle\Java\javapath;C:\Program Files (x86)\Common Files\Oracle\Java\javapath;C:\Program Files\Eclipse Adoptium\jdk-8.0.372.7-hotspot\bin;C:\Windows\system32;C:\Windows;C:\Windows\System32\Wbem;C:\Windows\System32\WindowsPowerShell\v1.0\;C:\Windows\System32\OpenSSH\;E:\Programacion\Git\cmd;C:\ProgramData\chocolatey\bin;E:\Programacion\;C:\Program Files\MySQL\MySQL Shell 8.0\bin\;C:\Users\Lucario\AppData\Local\Microsoft\WindowsApps;E:\Programacion\Microsoft VS Code\bin;E:\Cosas-Programas\apache-maven-3.9.1\bin;C:\Program Files\MySQL\MySQL Server 8.0\bin;C:\Users\Lucario\AppData\Local\GitHubDesktop\bin;E:\platform-tools;C:\Users\Lucario\AppData\Roaming\npm
USERNAME=Lucario
OS=Windows_NT
PROCESSOR_IDENTIFIER=AMD64 Family 16 Model 6 Stepping 3, AuthenticAMD



---------------  S Y S T E M  ---------------

OS:
 Windows 10 , 64 bit Build 19041 (10.0.19041.2913)
OS uptime: 0 days 14:45 hours

CPU: total 2 (initial active 2) (2 cores per cpu, 1 threads per core) family 16 model 6 stepping 3 microcode 0x0, cx8, cmov, fxsr, mmx, 3dnowpref, sse, sse2, sse3, sse4a, popcnt, lzcnt, tsc, tscinvbit, clflush

Memory: 4k page, system-wide physical 4095M (222M free)
TotalPageFile size 6143M (AvailPageFile size 0M)
current process WorkingSet (physical memory assigned to process): 161M, peak: 161M
current process commit charge ("private bytes"): 193M, peak: 193M

vm_info: Java HotSpot(TM) 64-Bit Server VM (17.0.7+8-LTS-224) for windows-amd64 JRE (17.0.7+8-LTS-224), built on Feb 28 2023 23:03:02 by "mach5one" with MS VC++ 17.1 (VS2022)

END.
