#
# There is insufficient memory for the Java Runtime Environment to continue.
# Native memory allocation (malloc) failed to allocate 842896 bytes for Chunk::new
# Possible reasons:
#   The system is out of physical RAM or swap space
#   The process is running with CompressedOops enabled, and the Java Heap may be blocking the growth of the native heap
# Possible solutions:
#   Reduce memory load on the system
#   Increase physical memory or swap space
#   Check if swap backing store is full
#   Decrease Java heap size (-Xmx/-Xms)
#   Decrease number of Java threads
#   Decrease Java thread stack sizes (-Xss)
#   Set larger code cache with -XX:ReservedCodeCacheSize=
#   JVM is running with Unscaled Compressed Oops mode in which the Java heap is
#     placed in the first 4GB address space. The Java Heap base address is the
#     maximum limit for the native heap growth. Please use -XX:HeapBaseMinAddress
#     to set the Java Heap base and to place the Java Heap above 4GB virtual address.
# This output file may be truncated or incomplete.
#
#  Out of Memory Error (arena.cpp:189), pid=6448, tid=3848
#
# JRE version: Java(TM) SE Runtime Environment (17.0.7+8) (build 17.0.7+8-LTS-224)
# Java VM: Java HotSpot(TM) 64-Bit Server VM (17.0.7+8-LTS-224, mixed mode, sharing, tiered, compressed oops, compressed class ptrs, g1 gc, windows-amd64)
# No core dump will be written. Minidumps are not enabled by default on client versions of Windows
#

---------------  S U M M A R Y ------------

Command Line: com.portfolio.fml.FmlApplication

Host: AMD Athlon(tm) II X2 260 Processor, 2 cores, 3G,  Windows 10 , 64 bit Build 19041 (10.0.19041.2913)
Time: Sat May 13 23:46:53 2023 Hora estándar de Argentina elapsed time: 2078.828160 seconds (0d 0h 34m 38s)

---------------  T H R E A D  ---------------

Current thread (0x000001301abff6b0):  JavaThread "C2 CompilerThread0" daemon [_thread_in_native, id=3848, stack(0x0000002dc3800000,0x0000002dc3900000)]


Current CompileTask:
C2:2078828 9927       4       org.springframework.boot.context.properties.source.SpringIterableConfigurationPropertySource$Mappings::updateMappings (261 bytes)

Stack: [0x0000002dc3800000,0x0000002dc3900000]
Native frames: (J=compiled Java code, j=interpreted, Vv=VM code, C=native code)
V  [jvm.dll+0x676a4a]
V  [jvm.dll+0x7d74f4]
V  [jvm.dll+0x7d8c9e]
V  [jvm.dll+0x7d9303]
V  [jvm.dll+0x2452c5]
V  [jvm.dll+0xaaa2b]
V  [jvm.dll+0xaafcc]
V  [jvm.dll+0x2aac2f]
V  [jvm.dll+0x57f375]
V  [jvm.dll+0x2205f2]
V  [jvm.dll+0x2194b5]
V  [jvm.dll+0x216df9]
V  [jvm.dll+0x1a35e0]
V  [jvm.dll+0x226a6e]
V  [jvm.dll+0x224e15]
V  [jvm.dll+0x78d05c]
V  [jvm.dll+0x78759a]
V  [jvm.dll+0x675875]
C  [ucrtbase.dll+0x21bb2]
C  [KERNEL32.DLL+0x17614]
C  [ntdll.dll+0x526a1]


---------------  P R O C E S S  ---------------

Threads class SMR info:
_java_thread_list=0x000001301c27ca90, length=21, elements={
0x000001307fd5c280, 0x000001307fd5d0f0, 0x000001307fd72a50, 0x000001307fd75510,
0x000001307fd796b0, 0x000001301abfdfc0, 0x000001301abff6b0, 0x000001301ac00790,
0x000001301ac13080, 0x000001301b86f100, 0x000001301acb2ec0, 0x000001301e6f8610,
0x000001301e0d9e40, 0x000001301e0c1e20, 0x000001301e0be460, 0x000001301e0bd5f0,
0x000001301e0bc2b0, 0x000001301e0c1950, 0x000001301e0c0140, 0x000001301e0bdac0,
0x000001301e0c0610
}

Java Threads: ( => current thread )
  0x000001307fd5c280 JavaThread "Reference Handler" daemon [_thread_blocked, id=860, stack(0x0000002dc3200000,0x0000002dc3300000)]
  0x000001307fd5d0f0 JavaThread "Finalizer" daemon [_thread_blocked, id=2992, stack(0x0000002dc3300000,0x0000002dc3400000)]
  0x000001307fd72a50 JavaThread "Signal Dispatcher" daemon [_thread_blocked, id=2872, stack(0x0000002dc3400000,0x0000002dc3500000)]
  0x000001307fd75510 JavaThread "Attach Listener" daemon [_thread_blocked, id=6360, stack(0x0000002dc3500000,0x0000002dc3600000)]
  0x000001307fd796b0 JavaThread "Service Thread" daemon [_thread_blocked, id=7628, stack(0x0000002dc3600000,0x0000002dc3700000)]
  0x000001301abfdfc0 JavaThread "Monitor Deflation Thread" daemon [_thread_blocked, id=4412, stack(0x0000002dc3700000,0x0000002dc3800000)]
=>0x000001301abff6b0 JavaThread "C2 CompilerThread0" daemon [_thread_in_native, id=3848, stack(0x0000002dc3800000,0x0000002dc3900000)]
  0x000001301ac00790 JavaThread "C1 CompilerThread0" daemon [_thread_in_vm, id=5008, stack(0x0000002dc3900000,0x0000002dc3a00000)]
  0x000001301ac13080 JavaThread "Sweeper thread" daemon [_thread_blocked, id=1124, stack(0x0000002dc3a00000,0x0000002dc3b00000)]
  0x000001301b86f100 JavaThread "Notification Thread" daemon [_thread_blocked, id=4020, stack(0x0000002dc3b00000,0x0000002dc3c00000)]
  0x000001301acb2ec0 JavaThread "Common-Cleaner" daemon [_thread_blocked, id=7576, stack(0x0000002dc3d00000,0x0000002dc3e00000)]
  0x000001301e6f8610 JavaThread "mysql-cj-abandoned-connection-cleanup" daemon [_thread_blocked, id=4724, stack(0x0000002dc4200000,0x0000002dc4300000)]
  0x000001301e0d9e40 JavaThread "Live Reload Server" daemon [_thread_in_native, id=8604, stack(0x0000002dc4900000,0x0000002dc4a00000)]
  0x000001301e0c1e20 JavaThread "DestroyJavaVM" [_thread_blocked, id=816, stack(0x0000002dc2b00000,0x0000002dc2c00000)]
  0x000001301e0be460 JavaThread "Thread-19" [_thread_blocked, id=6316, stack(0x0000002dc2900000,0x0000002dc2a00000)]
  0x000001301e0bd5f0 JavaThread "restartedMain" [_thread_in_vm, id=1424, stack(0x0000002dc4000000,0x0000002dc4100000)]
  0x000001301e0bc2b0 JavaThread "HikariPool-6 housekeeper" daemon [_thread_blocked, id=8468, stack(0x0000002dc3f00000,0x0000002dc4000000)]
  0x000001301e0c1950 JavaThread "HikariPool-6 connection adder" daemon [_thread_blocked, id=2380, stack(0x0000002dc4300000,0x0000002dc4400000)]
  0x000001301e0c0140 JavaThread "Catalina-utility-1" [_thread_blocked, id=3412, stack(0x0000002dc4400000,0x0000002dc4500000)]
  0x000001301e0bdac0 JavaThread "Catalina-utility-2" [_thread_blocked, id=2708, stack(0x0000002dc4500000,0x0000002dc4600000)]
  0x000001301e0c0610 JavaThread "container-0" [_thread_blocked, id=7352, stack(0x0000002dc4600000,0x0000002dc4700000)]

Other Threads:
  0x000001307fd546d0 VMThread "VM Thread" [stack: 0x0000002dc3100000,0x0000002dc3200000] [id=8064]
  0x000001301b87b600 WatcherThread [stack: 0x0000002dc3c00000,0x0000002dc3d00000] [id=2756]
  0x000001307fce6da0 GCTaskThread "GC Thread#0" [stack: 0x0000002dc2c00000,0x0000002dc2d00000] [id=1416]
  0x000001301bbbe6a0 GCTaskThread "GC Thread#1" [stack: 0x0000002dc3e00000,0x0000002dc3f00000] [id=4844]
  0x000001307fcefce0 ConcurrentGCThread "G1 Main Marker" [stack: 0x0000002dc2d00000,0x0000002dc2e00000] [id=8296]
  0x000001307fcf06f0 ConcurrentGCThread "G1 Conc#0" [stack: 0x0000002dc2e00000,0x0000002dc2f00000] [id=4796]
  0x000001307fd35ac0 ConcurrentGCThread "G1 Refine#0" [stack: 0x0000002dc2f00000,0x0000002dc3000000] [id=4404]
  0x000001301e435c70 ConcurrentGCThread "G1 Refine#1" [stack: 0x0000002dc4100000,0x0000002dc4200000] [id=1956]
  0x000001307fd364e0 ConcurrentGCThread "G1 Service" [stack: 0x0000002dc3000000,0x0000002dc3100000] [id=8304]

Threads with active compile tasks:
C2 CompilerThread0  2078924 9927       4       org.springframework.boot.context.properties.source.SpringIterableConfigurationPropertySource$Mappings::updateMappings (261 bytes)
C1 CompilerThread0  2078924 9962 %     3       org.springframework.beans.factory.support.AbstractAutowireCapableBeanFactory::populateBean @ 232 (372 bytes)

VM state: not at safepoint (normal execution)

VM Mutex/Monitor currently owned by a thread: None

Heap address: 0x00000000c0000000, size: 1024 MB, Compressed Oops mode: 32-bit

CDS archive(s) mapped at: [0x0000000800000000-0x0000000800bd0000-0x0000000800bd0000), size 12386304, SharedBaseAddress: 0x0000000800000000, ArchiveRelocationMode: 0.
Compressed class space mapped at: 0x0000000800c00000-0x0000000840c00000, reserved size: 1073741824
Narrow klass base: 0x0000000800000000, Narrow klass shift: 0, Narrow klass range: 0x100000000

GC Precious Log:
 CPUs: 2 total, 2 available
 Memory: 4095M
 Large Page Support: Disabled
 NUMA Support: Disabled
 Compressed Oops: Enabled (32-bit)
 Heap Region Size: 1M
 Heap Min Capacity: 8M
 Heap Initial Capacity: 64M
 Heap Max Capacity: 1G
 Pre-touch: Disabled
 Parallel Workers: 2
 Concurrent Workers: 1
 Concurrent Refinement Workers: 2
 Periodic GC: Disabled

Heap:
 garbage-first heap   total 71680K, used 44462K [0x00000000c0000000, 0x0000000100000000)
  region size 1024K, 17 young (17408K), 3 survivors (3072K)
 Metaspace       used 68597K, committed 69056K, reserved 1114112K
  class space    used 8859K, committed 9088K, reserved 1048576K

Heap Regions: E=young(eden), S=young(survivor), O=old, HS=humongous(starts), HC=humongous(continues), CS=collection set, F=free, OA=open archive, CA=closed archive, TAMS=top-at-mark-start (previous, next)
|   0|0x00000000c0000000, 0x00000000c0100000, 0x00000000c0100000|100%|HS|  |TAMS 0x00000000c0100000, 0x00000000c0000000| Untracked 
|   1|0x00000000c0100000, 0x00000000c0200000, 0x00000000c0200000|100%| O|  |TAMS 0x00000000c0200000, 0x00000000c0100000| Untracked 
|   2|0x00000000c0200000, 0x00000000c0300000, 0x00000000c0300000|100%| O|  |TAMS 0x00000000c0300000, 0x00000000c0200000| Untracked 
|   3|0x00000000c0300000, 0x00000000c0400000, 0x00000000c0400000|100%| O|  |TAMS 0x00000000c0400000, 0x00000000c0300000| Untracked 
|   4|0x00000000c0400000, 0x00000000c04ffff0, 0x00000000c0500000| 99%| O|  |TAMS 0x00000000c0400000, 0x00000000c0400000| Untracked 
|   5|0x00000000c0500000, 0x00000000c05fffd0, 0x00000000c0600000| 99%| O|  |TAMS 0x00000000c05fffd0, 0x00000000c0500000| Untracked 
|   6|0x00000000c0600000, 0x00000000c06fdde0, 0x00000000c0700000| 99%| O|  |TAMS 0x00000000c0600000, 0x00000000c0600000| Untracked 
|   7|0x00000000c0700000, 0x00000000c07fffd8, 0x00000000c0800000| 99%| O|  |TAMS 0x00000000c07fffd8, 0x00000000c0700000| Untracked 
|   8|0x00000000c0800000, 0x00000000c08fffd8, 0x00000000c0900000| 99%| O|  |TAMS 0x00000000c08fffd8, 0x00000000c0800000| Untracked 
|   9|0x00000000c0900000, 0x00000000c09fffe8, 0x00000000c0a00000| 99%| O|  |TAMS 0x00000000c09fffe8, 0x00000000c0900000| Untracked 
|  10|0x00000000c0a00000, 0x00000000c0affff8, 0x00000000c0b00000| 99%| O|  |TAMS 0x00000000c0affff8, 0x00000000c0a00000| Untracked 
|  11|0x00000000c0b00000, 0x00000000c0c00000, 0x00000000c0c00000|100%| O|  |TAMS 0x00000000c0c00000, 0x00000000c0b00000| Untracked 
|  12|0x00000000c0c00000, 0x00000000c0d00000, 0x00000000c0d00000|100%| O|  |TAMS 0x00000000c0d00000, 0x00000000c0c00000| Untracked 
|  13|0x00000000c0d00000, 0x00000000c0dffff0, 0x00000000c0e00000| 99%| O|  |TAMS 0x00000000c0dffff0, 0x00000000c0d00000| Untracked 
|  14|0x00000000c0e00000, 0x00000000c0efff20, 0x00000000c0f00000| 99%| O|  |TAMS 0x00000000c0efff20, 0x00000000c0e00000| Untracked 
|  15|0x00000000c0f00000, 0x00000000c0ffffd0, 0x00000000c1000000| 99%| O|  |TAMS 0x00000000c0ffffd0, 0x00000000c0f00000| Untracked 
|  16|0x00000000c1000000, 0x00000000c10fffc8, 0x00000000c1100000| 99%| O|  |TAMS 0x00000000c10fffc8, 0x00000000c1000000| Untracked 
|  17|0x00000000c1100000, 0x00000000c1200000, 0x00000000c1200000|100%| O|  |TAMS 0x00000000c1200000, 0x00000000c1100000| Untracked 
|  18|0x00000000c1200000, 0x00000000c1300000, 0x00000000c1300000|100%| O|  |TAMS 0x00000000c1300000, 0x00000000c1200000| Untracked 
|  19|0x00000000c1300000, 0x00000000c1400000, 0x00000000c1400000|100%| O|  |TAMS 0x00000000c1400000, 0x00000000c1300000| Untracked 
|  20|0x00000000c1400000, 0x00000000c14ffff8, 0x00000000c1500000| 99%| O|  |TAMS 0x00000000c1400000, 0x00000000c1400000| Untracked 
|  21|0x00000000c1500000, 0x00000000c1600000, 0x00000000c1600000|100%| O|  |TAMS 0x00000000c1500000, 0x00000000c1500000| Untracked 
|  22|0x00000000c1600000, 0x00000000c16ffb88, 0x00000000c1700000| 99%| O|  |TAMS 0x00000000c1600000, 0x00000000c1600000| Untracked 
|  23|0x00000000c1700000, 0x00000000c17fd858, 0x00000000c1800000| 99%| O|  |TAMS 0x00000000c1700000, 0x00000000c1700000| Untracked 
|  24|0x00000000c1800000, 0x00000000c18c1b30, 0x00000000c1900000| 75%| O|  |TAMS 0x00000000c1800000, 0x00000000c1800000| Untracked 
|  25|0x00000000c1900000, 0x00000000c1a00000, 0x00000000c1a00000|100%| O|  |TAMS 0x00000000c1900000, 0x00000000c1900000| Untracked 
|  26|0x00000000c1a00000, 0x00000000c1a602e0, 0x00000000c1b00000| 37%| O|  |TAMS 0x00000000c1a00000, 0x00000000c1a00000| Untracked 
|  27|0x00000000c1b00000, 0x00000000c1c00000, 0x00000000c1c00000|100%| O|  |TAMS 0x00000000c1b00000, 0x00000000c1b00000| Untracked 
|  28|0x00000000c1c00000, 0x00000000c1c5c600, 0x00000000c1d00000| 36%| O|  |TAMS 0x00000000c1c00000, 0x00000000c1c00000| Untracked 
|  29|0x00000000c1d00000, 0x00000000c1d00000, 0x00000000c1e00000|  0%| F|  |TAMS 0x00000000c1d00000, 0x00000000c1d00000| Untracked 
|  30|0x00000000c1e00000, 0x00000000c1e00000, 0x00000000c1f00000|  0%| F|  |TAMS 0x00000000c1e00000, 0x00000000c1e00000| Untracked 
|  31|0x00000000c1f00000, 0x00000000c1f00000, 0x00000000c2000000|  0%| F|  |TAMS 0x00000000c1f00000, 0x00000000c1f00000| Untracked 
|  32|0x00000000c2000000, 0x00000000c2000000, 0x00000000c2100000|  0%| F|  |TAMS 0x00000000c2000000, 0x00000000c2000000| Untracked 
|  33|0x00000000c2100000, 0x00000000c2100000, 0x00000000c2200000|  0%| F|  |TAMS 0x00000000c2100000, 0x00000000c2100000| Untracked 
|  34|0x00000000c2200000, 0x00000000c2200000, 0x00000000c2300000|  0%| F|  |TAMS 0x00000000c2200000, 0x00000000c2200000| Untracked 
|  35|0x00000000c2300000, 0x00000000c2300000, 0x00000000c2400000|  0%| F|  |TAMS 0x00000000c2300000, 0x00000000c2300000| Untracked 
|  36|0x00000000c2400000, 0x00000000c2400000, 0x00000000c2500000|  0%| F|  |TAMS 0x00000000c2400000, 0x00000000c2400000| Untracked 
|  37|0x00000000c2500000, 0x00000000c2500000, 0x00000000c2600000|  0%| F|  |TAMS 0x00000000c2500000, 0x00000000c2500000| Untracked 
|  38|0x00000000c2600000, 0x00000000c2600000, 0x00000000c2700000|  0%| F|  |TAMS 0x00000000c2600000, 0x00000000c2600000| Untracked 
|  39|0x00000000c2700000, 0x00000000c27f2580, 0x00000000c2800000| 94%| S|CS|TAMS 0x00000000c2700000, 0x00000000c2700000| Complete 
|  40|0x00000000c2800000, 0x00000000c2800000, 0x00000000c2900000|  0%| F|  |TAMS 0x00000000c2800000, 0x00000000c2800000| Untracked 
|  41|0x00000000c2900000, 0x00000000c2900000, 0x00000000c2a00000|  0%| F|  |TAMS 0x00000000c2900000, 0x00000000c2900000| Untracked 
|  42|0x00000000c2a00000, 0x00000000c2b00000, 0x00000000c2b00000|100%| S|CS|TAMS 0x00000000c2a00000, 0x00000000c2a00000| Complete 
|  43|0x00000000c2b00000, 0x00000000c2c00000, 0x00000000c2c00000|100%| S|CS|TAMS 0x00000000c2b00000, 0x00000000c2b00000| Complete 
|  44|0x00000000c2c00000, 0x00000000c2c00000, 0x00000000c2d00000|  0%| F|  |TAMS 0x00000000c2c00000, 0x00000000c2c00000| Untracked 
|  45|0x00000000c2d00000, 0x00000000c2d00000, 0x00000000c2e00000|  0%| F|  |TAMS 0x00000000c2d00000, 0x00000000c2d00000| Untracked 
|  46|0x00000000c2e00000, 0x00000000c2e00000, 0x00000000c2f00000|  0%| F|  |TAMS 0x00000000c2e00000, 0x00000000c2e00000| Untracked 
|  47|0x00000000c2f00000, 0x00000000c2f00000, 0x00000000c3000000|  0%| F|  |TAMS 0x00000000c2f00000, 0x00000000c2f00000| Untracked 
|  48|0x00000000c3000000, 0x00000000c3000000, 0x00000000c3100000|  0%| F|  |TAMS 0x00000000c3000000, 0x00000000c3000000| Untracked 
|  49|0x00000000c3100000, 0x00000000c3100000, 0x00000000c3200000|  0%| F|  |TAMS 0x00000000c3100000, 0x00000000c3100000| Untracked 
|  50|0x00000000c3200000, 0x00000000c3200000, 0x00000000c3300000|  0%| F|  |TAMS 0x00000000c3200000, 0x00000000c3200000| Untracked 
|  51|0x00000000c3300000, 0x00000000c3300000, 0x00000000c3400000|  0%| F|  |TAMS 0x00000000c3300000, 0x00000000c3300000| Untracked 
|  52|0x00000000c3400000, 0x00000000c3400000, 0x00000000c3500000|  0%| F|  |TAMS 0x00000000c3400000, 0x00000000c3400000| Untracked 
|  53|0x00000000c3500000, 0x00000000c3500000, 0x00000000c3600000|  0%| F|  |TAMS 0x00000000c3500000, 0x00000000c3500000| Untracked 
|  54|0x00000000c3600000, 0x00000000c3600000, 0x00000000c3700000|  0%| F|  |TAMS 0x00000000c3600000, 0x00000000c3600000| Untracked 
|  55|0x00000000c3700000, 0x00000000c3700000, 0x00000000c3800000|  0%| F|  |TAMS 0x00000000c3700000, 0x00000000c3700000| Untracked 
|  56|0x00000000c3800000, 0x00000000c38d5d80, 0x00000000c3900000| 83%| E|  |TAMS 0x00000000c3800000, 0x00000000c3800000| Complete 
|  57|0x00000000c3900000, 0x00000000c3a00000, 0x00000000c3a00000|100%| E|CS|TAMS 0x00000000c3900000, 0x00000000c3900000| Complete 
|  58|0x00000000c3a00000, 0x00000000c3b00000, 0x00000000c3b00000|100%| E|CS|TAMS 0x00000000c3a00000, 0x00000000c3a00000| Complete 
|  59|0x00000000c3b00000, 0x00000000c3c00000, 0x00000000c3c00000|100%| E|CS|TAMS 0x00000000c3b00000, 0x00000000c3b00000| Complete 
|  60|0x00000000c3c00000, 0x00000000c3d00000, 0x00000000c3d00000|100%| E|CS|TAMS 0x00000000c3c00000, 0x00000000c3c00000| Complete 
|  61|0x00000000c3d00000, 0x00000000c3e00000, 0x00000000c3e00000|100%| E|CS|TAMS 0x00000000c3d00000, 0x00000000c3d00000| Complete 
|  62|0x00000000c3e00000, 0x00000000c3f00000, 0x00000000c3f00000|100%| E|CS|TAMS 0x00000000c3e00000, 0x00000000c3e00000| Complete 
|  63|0x00000000c3f00000, 0x00000000c4000000, 0x00000000c4000000|100%| E|CS|TAMS 0x00000000c3f00000, 0x00000000c3f00000| Complete 
|  64|0x00000000c4000000, 0x00000000c4100000, 0x00000000c4100000|100%| E|CS|TAMS 0x00000000c4000000, 0x00000000c4000000| Complete 
|  65|0x00000000c4100000, 0x00000000c4200000, 0x00000000c4200000|100%| E|CS|TAMS 0x00000000c4100000, 0x00000000c4100000| Complete 
|  66|0x00000000c4200000, 0x00000000c4300000, 0x00000000c4300000|100%| E|CS|TAMS 0x00000000c4200000, 0x00000000c4200000| Complete 
|  67|0x00000000c4300000, 0x00000000c4400000, 0x00000000c4400000|100%| E|CS|TAMS 0x00000000c4300000, 0x00000000c4300000| Complete 
|  68|0x00000000c4400000, 0x00000000c4500000, 0x00000000c4500000|100%| E|CS|TAMS 0x00000000c4400000, 0x00000000c4400000| Complete 
|  69|0x00000000c4500000, 0x00000000c4600000, 0x00000000c4600000|100%| E|CS|TAMS 0x00000000c4500000, 0x00000000c4500000| Complete 

Card table byte_map: [0x000001307fd80000,0x000001307ff80000] _byte_map_base: 0x000001307f780000

Marking Bits (Prev, Next): (CMBitMap*) 0x000001307fce73f0, (CMBitMap*) 0x000001307fce73b0
 Prev Bits: [0x00000130179b0000, 0x00000130189b0000)
 Next Bits: [0x00000130169b0000, 0x00000130179b0000)

Polling page: 0x000001307daf0000

Metaspace:

Usage:
  Non-class:     58.34 MB used.
      Class:      8.65 MB used.
       Both:     66.99 MB used.

Virtual space:
  Non-class space:       64.00 MB reserved,      58.56 MB ( 92%) committed,  8 nodes.
      Class space:        1.00 GB reserved,       8.88 MB ( <1%) committed,  1 nodes.
             Both:        1.06 GB reserved,      67.44 MB (  6%) committed. 

Chunk freelists:
   Non-Class:  646.00 KB
       Class:  3.16 MB
        Both:  3.79 MB

MaxMetaspaceSize: unlimited
CompressedClassSpaceSize: 1.00 GB
Initial GC threshold: 21.00 MB
Current GC threshold: 111.25 MB
CDS: on
MetaspaceReclaimPolicy: balanced
 - commit_granule_bytes: 65536.
 - commit_granule_words: 8192.
 - virtual_space_node_default_size: 1048576.
 - enlarge_chunks_in_place: 1.
 - new_chunks_are_fully_committed: 0.
 - uncommit_free_chunks: 1.
 - use_allocation_guard: 0.
 - handle_deallocations: 1.


Internal statistics:

num_allocs_failed_limit: 6.
num_arena_births: 672.
num_arena_deaths: 92.
num_vsnodes_births: 9.
num_vsnodes_deaths: 0.
num_space_committed: 1079.
num_space_uncommitted: 0.
num_chunks_returned_to_freelist: 122.
num_chunks_taken_from_freelist: 3456.
num_chunk_merges: 16.
num_chunk_splits: 2308.
num_chunks_enlarged: 1714.
num_purges: 18.
num_inconsistent_stats: 0.

CodeHeap 'non-profiled nmethods': size=120064Kb used=5775Kb max_used=5775Kb free=114288Kb
 bounds [0x000001300f270000, 0x000001300f820000, 0x00000130167b0000]
CodeHeap 'profiled nmethods': size=120000Kb used=15209Kb max_used=15210Kb free=104790Kb
 bounds [0x00000130077b0000, 0x00000130086a0000, 0x000001300ece0000]
CodeHeap 'non-nmethods': size=5696Kb used=1317Kb max_used=1370Kb free=4378Kb
 bounds [0x000001300ece0000, 0x000001300ef50000, 0x000001300f270000]
 total_blobs=9045 nmethods=8401 adapters=556
 compilation: enabled
              stopped_count=0, restarted_count=0
 full_count=0

Compilation events (20 events):
Event: 2078.694 Thread 0x000001301ac00790 nmethod 9918 0x0000013007eb4390 code [0x0000013007eb4540, 0x0000013007eb4808]
Event: 2078.694 Thread 0x000001301ac00790 9919       1       org.springframework.beans.factory.support.RootBeanDefinition::getQualifiedElement (5 bytes)
Event: 2078.694 Thread 0x000001301ac00790 nmethod 9919 0x000001300f812110 code [0x000001300f8122a0, 0x000001300f812378]
Event: 2078.694 Thread 0x000001301abff6b0 9920       4       sun.reflect.annotation.AnnotationType::getInstance (65 bytes)
Event: 2078.696 Thread 0x000001301abff6b0 nmethod 9920 0x000001300f812410 code [0x000001300f8125c0, 0x000001300f812758]
Event: 2078.703 Thread 0x000001301abff6b0 9921       4       java.util.Comparator$$Lambda$117/0x0000000800cc6268::compare (10 bytes)
Event: 2078.707 Thread 0x000001301abff6b0 nmethod 9921 0x000001300f812910 code [0x000001300f812ac0, 0x000001300f812d58]
Event: 2078.708 Thread 0x000001301abff6b0 9922       4       java.time.Clock::currentInstant (84 bytes)
Event: 2078.710 Thread 0x000001301abff6b0 nmethod 9922 0x000001300f812f90 code [0x000001300f813120, 0x000001300f8133a8]
Event: 2078.711 Thread 0x000001301abff6b0 9923       4       org.springframework.boot.context.properties.source.SoftReferenceConfigurationPropertyCache::setValue (13 bytes)
Event: 2078.712 Thread 0x000001301ac00790 9928   !   3       org.springframework.beans.TypeConverterSupport::convertIfNecessary (58 bytes)
Event: 2078.712 Thread 0x000001301ac00790 nmethod 9928 0x0000013007eb3810 code [0x0000013007eb3a00, 0x0000013007eb3f98]
Event: 2078.714 Thread 0x000001301abff6b0 nmethod 9923 0x000001300f813590 code [0x000001300f813720, 0x000001300f8139d8]
Event: 2078.714 Thread 0x000001301abff6b0 9927       4       org.springframework.boot.context.properties.source.SpringIterableConfigurationPropertySource$Mappings::updateMappings (261 bytes)
Event: 2078.719 Thread 0x000001301ac00790 9931       3       org.springframework.core.io.support.PathMatchingResourcePatternResolver$$Lambda$273/0x0000000800deac50::apply (8 bytes)
Event: 2078.719 Thread 0x000001301ac00790 nmethod 9931 0x0000013007ea8d90 code [0x0000013007ea8f40, 0x0000013007ea9188]
Event: 2078.800 Thread 0x000001301ac00790 9932       3       java.util.HashMap$TreeNode::rotateRight (91 bytes)
Event: 2078.800 Thread 0x000001301ac00790 nmethod 9932 0x0000013007ea8590 code [0x0000013007ea8760, 0x0000013007ea8c58]
Event: 2078.808 Thread 0x000001301ac00790 9933       3       com.fasterxml.jackson.databind.DatabindContext::<init> (5 bytes)
Event: 2078.808 Thread 0x000001301ac00790 nmethod 9933 0x0000013007ea8210 code [0x0000013007ea83a0, 0x0000013007ea84f8]

GC Heap History (20 events):
Event: 1635.203 GC heap before
{Heap before GC invocations=61 (full 3):
 garbage-first heap   total 71680K, used 57625K [0x00000000c0000000, 0x0000000100000000)
  region size 1024K, 30 young (30720K), 3 survivors (3072K)
 Metaspace       used 66779K, committed 67264K, reserved 1114112K
  class space    used 8749K, committed 8960K, reserved 1048576K
}
Event: 1635.217 GC heap after
{Heap after GC invocations=62 (full 3):
 garbage-first heap   total 71680K, used 30741K [0x00000000c0000000, 0x0000000100000000)
  region size 1024K, 3 young (3072K), 3 survivors (3072K)
 Metaspace       used 66779K, committed 67264K, reserved 1114112K
  class space    used 8749K, committed 8960K, reserved 1048576K
}
Event: 1765.307 GC heap before
{Heap before GC invocations=62 (full 3):
 garbage-first heap   total 71680K, used 51221K [0x00000000c0000000, 0x0000000100000000)
  region size 1024K, 24 young (24576K), 3 survivors (3072K)
 Metaspace       used 66847K, committed 67328K, reserved 1114112K
  class space    used 8752K, committed 8960K, reserved 1048576K
}
Event: 1765.380 GC heap after
{Heap after GC invocations=63 (full 4):
 garbage-first heap   total 71680K, used 25282K [0x00000000c0000000, 0x0000000100000000)
  region size 1024K, 0 young (0K), 0 survivors (0K)
 Metaspace       used 66832K, committed 67328K, reserved 1114112K
  class space    used 8749K, committed 8960K, reserved 1048576K
}
Event: 1766.378 GC heap before
{Heap before GC invocations=63 (full 4):
 garbage-first heap   total 71680K, used 56002K [0x00000000c0000000, 0x0000000100000000)
  region size 1024K, 31 young (31744K), 0 survivors (0K)
 Metaspace       used 66996K, committed 67392K, reserved 1114112K
  class space    used 8767K, committed 8960K, reserved 1048576K
}
Event: 1766.384 GC heap after
{Heap after GC invocations=64 (full 4):
 garbage-first heap   total 71680K, used 27870K [0x00000000c0000000, 0x0000000100000000)
  region size 1024K, 3 young (3072K), 3 survivors (3072K)
 Metaspace       used 66996K, committed 67392K, reserved 1114112K
  class space    used 8767K, committed 8960K, reserved 1048576K
}
Event: 1766.984 GC heap before
{Heap before GC invocations=64 (full 4):
 garbage-first heap   total 71680K, used 55518K [0x00000000c0000000, 0x0000000100000000)
  region size 1024K, 31 young (31744K), 3 survivors (3072K)
 Metaspace       used 67333K, committed 67776K, reserved 1114112K
  class space    used 8777K, committed 8960K, reserved 1048576K
}
Event: 1766.994 GC heap after
{Heap after GC invocations=65 (full 4):
 garbage-first heap   total 71680K, used 29659K [0x00000000c0000000, 0x0000000100000000)
  region size 1024K, 2 young (2048K), 2 survivors (2048K)
 Metaspace       used 67333K, committed 67776K, reserved 1114112K
  class space    used 8777K, committed 8960K, reserved 1048576K
}
Event: 1767.301 GC heap before
{Heap before GC invocations=65 (full 4):
 garbage-first heap   total 71680K, used 56283K [0x00000000c0000000, 0x0000000100000000)
  region size 1024K, 28 young (28672K), 2 survivors (2048K)
 Metaspace       used 67562K, committed 68096K, reserved 1114112K
  class space    used 8791K, committed 9024K, reserved 1048576K
}
Event: 1767.308 GC heap after
{Heap after GC invocations=66 (full 4):
 garbage-first heap   total 71680K, used 30696K [0x00000000c0000000, 0x0000000100000000)
  region size 1024K, 3 young (3072K), 3 survivors (3072K)
 Metaspace       used 67562K, committed 68096K, reserved 1114112K
  class space    used 8791K, committed 9024K, reserved 1048576K
}
Event: 1937.623 GC heap before
{Heap before GC invocations=66 (full 4):
 garbage-first heap   total 71680K, used 57320K [0x00000000c0000000, 0x0000000100000000)
  region size 1024K, 29 young (29696K), 3 survivors (3072K)
 Metaspace       used 67675K, committed 68160K, reserved 1114112K
  class space    used 8793K, committed 9024K, reserved 1048576K
}
Event: 1937.648 GC heap after
{Heap after GC invocations=67 (full 4):
 garbage-first heap   total 71680K, used 31599K [0x00000000c0000000, 0x0000000100000000)
  region size 1024K, 3 young (3072K), 3 survivors (3072K)
 Metaspace       used 67675K, committed 68160K, reserved 1114112K
  class space    used 8793K, committed 9024K, reserved 1048576K
}
Event: 2074.194 GC heap before
{Heap before GC invocations=67 (full 4):
 garbage-first heap   total 71680K, used 41839K [0x00000000c0000000, 0x0000000100000000)
  region size 1024K, 14 young (14336K), 3 survivors (3072K)
 Metaspace       used 67876K, committed 68352K, reserved 1114112K
  class space    used 8808K, committed 9024K, reserved 1048576K
}
Event: 2074.276 GC heap after
{Heap after GC invocations=68 (full 5):
 garbage-first heap   total 71680K, used 25715K [0x00000000c0000000, 0x0000000100000000)
  region size 1024K, 0 young (0K), 0 survivors (0K)
 Metaspace       used 67860K, committed 68352K, reserved 1114112K
  class space    used 8806K, committed 9024K, reserved 1048576K
}
Event: 2076.472 GC heap before
{Heap before GC invocations=68 (full 5):
 garbage-first heap   total 71680K, used 57459K [0x00000000c0000000, 0x0000000100000000)
  region size 1024K, 31 young (31744K), 0 survivors (0K)
 Metaspace       used 68053K, committed 68544K, reserved 1114112K
  class space    used 8829K, committed 9024K, reserved 1048576K
}
Event: 2076.478 GC heap after
{Heap after GC invocations=69 (full 5):
 garbage-first heap   total 71680K, used 28209K [0x00000000c0000000, 0x0000000100000000)
  region size 1024K, 3 young (3072K), 3 survivors (3072K)
 Metaspace       used 68053K, committed 68544K, reserved 1114112K
  class space    used 8829K, committed 9024K, reserved 1048576K
}
Event: 2077.305 GC heap before
{Heap before GC invocations=69 (full 5):
 garbage-first heap   total 71680K, used 55857K [0x00000000c0000000, 0x0000000100000000)
  region size 1024K, 31 young (31744K), 3 survivors (3072K)
 Metaspace       used 68322K, committed 68800K, reserved 1114112K
  class space    used 8843K, committed 9088K, reserved 1048576K
}
Event: 2077.313 GC heap after
{Heap after GC invocations=70 (full 5):
 garbage-first heap   total 71680K, used 30101K [0x00000000c0000000, 0x0000000100000000)
  region size 1024K, 2 young (2048K), 2 survivors (2048K)
 Metaspace       used 68322K, committed 68800K, reserved 1114112K
  class space    used 8843K, committed 9088K, reserved 1048576K
}
Event: 2078.529 GC heap before
{Heap before GC invocations=70 (full 5):
 garbage-first heap   total 71680K, used 56725K [0x00000000c0000000, 0x0000000100000000)
  region size 1024K, 28 young (28672K), 2 survivors (2048K)
 Metaspace       used 68584K, committed 69056K, reserved 1114112K
  class space    used 8859K, committed 9088K, reserved 1048576K
}
Event: 2078.536 GC heap after
{Heap after GC invocations=71 (full 5):
 garbage-first heap   total 71680K, used 31150K [0x00000000c0000000, 0x0000000100000000)
  region size 1024K, 3 young (3072K), 3 survivors (3072K)
 Metaspace       used 68584K, committed 69056K, reserved 1114112K
  class space    used 8859K, committed 9088K, reserved 1048576K
}

Deoptimization events (20 events):
Event: 2077.817 Thread 0x000001301e0bd5f0 Uncommon trap: trap_request=0xffffffde fr.pc=0x000001300f801d20 relative=0x0000000000000460
Event: 2077.817 Thread 0x000001301e0bd5f0 Uncommon trap: reason=class_check action=maybe_recompile pc=0x000001300f801d20 method=org.springframework.data.repository.core.support.RepositoryComposition$RepositoryFragments.iterator()Ljava/util/Iterator; @ 4 c2
Event: 2077.817 Thread 0x000001301e0bd5f0 DEOPT PACKING pc=0x000001300f801d20 sp=0x0000002dc40fc9f0
Event: 2077.817 Thread 0x000001301e0bd5f0 DEOPT UNPACKING pc=0x000001300ed3239d sp=0x0000002dc40fc900 mode 2
Event: 2077.818 Thread 0x000001301e0bd5f0 Uncommon trap: trap_request=0xffffffde fr.pc=0x000001300f801d14 relative=0x0000000000000454
Event: 2077.818 Thread 0x000001301e0bd5f0 Uncommon trap: reason=class_check action=maybe_recompile pc=0x000001300f801d14 method=org.springframework.data.util.Streamable.stream()Ljava/util/stream/Stream; @ 1 c2
Event: 2077.818 Thread 0x000001301e0bd5f0 DEOPT PACKING pc=0x000001300f801d14 sp=0x0000002dc40fc580
Event: 2077.818 Thread 0x000001301e0bd5f0 DEOPT UNPACKING pc=0x000001300ed3239d sp=0x0000002dc40fc550 mode 2
Event: 2077.818 Thread 0x000001301e0bd5f0 Uncommon trap: trap_request=0xffffffde fr.pc=0x000001300f801d14 relative=0x0000000000000454
Event: 2077.818 Thread 0x000001301e0bd5f0 Uncommon trap: reason=class_check action=maybe_recompile pc=0x000001300f801d14 method=org.springframework.data.util.Streamable.stream()Ljava/util/stream/Stream; @ 1 c2
Event: 2077.818 Thread 0x000001301e0bd5f0 DEOPT PACKING pc=0x000001300f801d14 sp=0x0000002dc40fc1b0
Event: 2077.818 Thread 0x000001301e0bd5f0 DEOPT UNPACKING pc=0x000001300ed3239d sp=0x0000002dc40fc180 mode 2
Event: 2077.819 Thread 0x000001301e0bd5f0 Uncommon trap: trap_request=0xffffffde fr.pc=0x000001300f801d14 relative=0x0000000000000454
Event: 2077.819 Thread 0x000001301e0bd5f0 Uncommon trap: reason=class_check action=maybe_recompile pc=0x000001300f801d14 method=org.springframework.data.util.Streamable.stream()Ljava/util/stream/Stream; @ 1 c2
Event: 2077.819 Thread 0x000001301e0bd5f0 DEOPT PACKING pc=0x000001300f801d14 sp=0x0000002dc40fc0c0
Event: 2077.819 Thread 0x000001301e0bd5f0 DEOPT UNPACKING pc=0x000001300ed3239d sp=0x0000002dc40fc090 mode 2
Event: 2077.819 Thread 0x000001301e0bd5f0 Uncommon trap: trap_request=0xffffffde fr.pc=0x000001300f801d14 relative=0x0000000000000454
Event: 2077.819 Thread 0x000001301e0bd5f0 Uncommon trap: reason=class_check action=maybe_recompile pc=0x000001300f801d14 method=org.springframework.data.util.Streamable.stream()Ljava/util/stream/Stream; @ 1 c2
Event: 2077.819 Thread 0x000001301e0bd5f0 DEOPT PACKING pc=0x000001300f801d14 sp=0x0000002dc40fbfc0
Event: 2077.819 Thread 0x000001301e0bd5f0 DEOPT UNPACKING pc=0x000001300ed3239d sp=0x0000002dc40fbf90 mode 2

Classes unloaded (20 events):
Event: 1086.961 Thread 0x000001307fd546d0 Unloading class 0x0000000800d15400 'java/lang/invoke/LambdaForm$MH+0x0000000800d15400'
Event: 1105.673 Thread 0x000001307fd546d0 Unloading class 0x0000000801429400 'jdk/internal/reflect/GeneratedSerializationConstructorAccessor8'
Event: 1105.673 Thread 0x000001307fd546d0 Unloading class 0x0000000801428000 'jdk/internal/reflect/GeneratedSerializationConstructorAccessor7'
Event: 1105.673 Thread 0x000001307fd546d0 Unloading class 0x0000000801425400 'jdk/internal/reflect/GeneratedSerializationConstructorAccessor6'
Event: 1105.673 Thread 0x000001307fd546d0 Unloading class 0x0000000801424400 'jdk/internal/reflect/GeneratedSerializationConstructorAccessor5'
Event: 1155.952 Thread 0x000001307fd546d0 Unloading class 0x0000000801414800 'org/apache/catalina/loader/JdbcLeakPrevention'
Event: 1632.200 Thread 0x000001307fd546d0 Unloading class 0x0000000801435400 'jdk/internal/reflect/GeneratedSerializationConstructorAccessor12'
Event: 1632.200 Thread 0x000001307fd546d0 Unloading class 0x0000000801435000 'jdk/internal/reflect/GeneratedSerializationConstructorAccessor11'
Event: 1632.200 Thread 0x000001307fd546d0 Unloading class 0x0000000801434c00 'jdk/internal/reflect/GeneratedSerializationConstructorAccessor10'
Event: 1632.200 Thread 0x000001307fd546d0 Unloading class 0x0000000801434000 'jdk/internal/reflect/GeneratedSerializationConstructorAccessor9'
Event: 1765.334 Thread 0x000001307fd546d0 Unloading class 0x00000008014b5000 'jdk/internal/reflect/GeneratedSerializationConstructorAccessor16'
Event: 1765.334 Thread 0x000001307fd546d0 Unloading class 0x00000008014ae400 'jdk/internal/reflect/GeneratedSerializationConstructorAccessor15'
Event: 1765.334 Thread 0x000001307fd546d0 Unloading class 0x00000008014adc00 'jdk/internal/reflect/GeneratedSerializationConstructorAccessor14'
Event: 1765.334 Thread 0x000001307fd546d0 Unloading class 0x00000008014ad000 'jdk/internal/reflect/GeneratedSerializationConstructorAccessor13'
Event: 1765.334 Thread 0x000001307fd546d0 Unloading class 0x000000080149a800 'org/apache/catalina/loader/JdbcLeakPrevention'
Event: 2074.228 Thread 0x000001307fd546d0 Unloading class 0x00000008014c4800 'jdk/internal/reflect/GeneratedSerializationConstructorAccessor20'
Event: 2074.228 Thread 0x000001307fd546d0 Unloading class 0x00000008014c4000 'jdk/internal/reflect/GeneratedSerializationConstructorAccessor19'
Event: 2074.228 Thread 0x000001307fd546d0 Unloading class 0x00000008014b9c00 'jdk/internal/reflect/GeneratedSerializationConstructorAccessor18'
Event: 2074.228 Thread 0x000001307fd546d0 Unloading class 0x00000008014b9400 'jdk/internal/reflect/GeneratedSerializationConstructorAccessor17'
Event: 2074.228 Thread 0x000001307fd546d0 Unloading class 0x00000008014b8800 'org/apache/catalina/loader/JdbcLeakPrevention'

Classes redefined (0 events):
No events

Internal exceptions (20 events):
Event: 2074.319 Thread 0x000001301e0bd5f0 Exception <a 'sun/nio/fs/WindowsException'{0x00000000c45d31c0}> (0x00000000c45d31c0) 
thrown [s\open\src\hotspot\share\prims\jni.cpp, line 516]
Event: 2076.180 Thread 0x000001301e0bd5f0 Exception <a 'java/lang/NoClassDefFoundError'{0x00000000c2cb2be8}: org/flywaydb/core/Flyway> (0x00000000c2cb2be8) 
thrown [s\open\src\hotspot\share\oops\constantPool.cpp, line 835]
Event: 2076.180 Thread 0x000001301e0bd5f0 Exception <a 'java/lang/NoClassDefFoundError'{0x00000000c2cb3238}: liquibase/integration/spring/SpringLiquibase> (0x00000000c2cb3238) 
thrown [s\open\src\hotspot\share\oops\constantPool.cpp, line 835]
Event: 2076.186 Thread 0x000001301e0bd5f0 Exception <a 'java/lang/NoClassDefFoundError'{0x00000000c2b1a260}: org/jooq/DSLContext> (0x00000000c2b1a260) 
thrown [s\open\src\hotspot\share\oops\constantPool.cpp, line 835]
Event: 2076.186 Thread 0x000001301e0bd5f0 Exception <a 'java/lang/NoClassDefFoundError'{0x00000000c2b229e8}: org/springframework/batch/core/repository/JobRepository> (0x00000000c2b229e8) 
thrown [s\open\src\hotspot\share\oops\constantPool.cpp, line 835]
Event: 2076.186 Thread 0x000001301e0bd5f0 Exception <a 'java/lang/NoClassDefFoundError'{0x00000000c2b23030}: org/quartz/Scheduler> (0x00000000c2b23030) 
thrown [s\open\src\hotspot\share\oops\constantPool.cpp, line 835]
Event: 2076.186 Thread 0x000001301e0bd5f0 Exception <a 'java/lang/NoClassDefFoundError'{0x00000000c2b236a0}: org/springframework/session/jdbc/JdbcIndexedSessionRepository> (0x00000000c2b236a0) 
thrown [s\open\src\hotspot\share\oops\constantPool.cpp, line 835]
Event: 2076.497 Thread 0x000001301e0bd5f0 Exception <a 'sun/nio/fs/WindowsException'{0x00000000c436d048}> (0x00000000c436d048) 
thrown [s\open\src\hotspot\share\prims\jni.cpp, line 516]
Event: 2076.497 Thread 0x000001301e0bd5f0 Exception <a 'sun/nio/fs/WindowsException'{0x00000000c436d748}> (0x00000000c436d748) 
thrown [s\open\src\hotspot\share\prims\jni.cpp, line 516]
Event: 2076.498 Thread 0x000001301e0bd5f0 Exception <a 'sun/nio/fs/WindowsException'{0x00000000c436de40}> (0x00000000c436de40) 
thrown [s\open\src\hotspot\share\prims\jni.cpp, line 516]
Event: 2076.537 Thread 0x000001301e0bd5f0 Exception <a 'java/io/FileNotFoundException'{0x00000000c43a5d10}> (0x00000000c43a5d10) 
thrown [s\open\src\hotspot\share\prims\jni.cpp, line 516]
Event: 2077.238 Thread 0x000001301e0bd5f0 Exception <a 'java/lang/ClassNotFoundException'{0x00000000c32ddda8}: java/lang/ObjectCustomizer> (0x00000000c32ddda8) 
thrown [s\open\src\hotspot\share\classfile\systemDictionary.cpp, line 256]
Event: 2077.246 Thread 0x000001301e0bd5f0 Exception <a 'java/lang/ClassNotFoundException'{0x00000000c32ec548}: com/portfolio/fml/Security/Entity/UsuarioCustomizer> (0x00000000c32ec548) 
thrown [s\open\src\hotspot\share\classfile\systemDictionary.cpp, line 256]
Event: 2077.253 Thread 0x000001301e0bd5f0 Exception <a 'java/lang/ClassNotFoundException'{0x00000000c3138268}: java/lang/ObjectCustomizer> (0x00000000c3138268) 
thrown [s\open\src\hotspot\share\classfile\systemDictionary.cpp, line 256]
Event: 2077.255 Thread 0x000001301e0bd5f0 Exception <a 'java/lang/ClassNotFoundException'{0x00000000c3145b70}: com/portfolio/fml/Security/Entity/RolCustomizer> (0x00000000c3145b70) 
thrown [s\open\src\hotspot\share\classfile\systemDictionary.cpp, line 256]
Event: 2077.352 Thread 0x000001301e0bd5f0 Exception <a 'java/io/FileNotFoundException'{0x00000000c44f2e08}> (0x00000000c44f2e08) 
thrown [s\open\src\hotspot\share\prims\jni.cpp, line 516]
Event: 2077.817 Thread 0x000001301e0bd5f0 Exception <a 'java/lang/ClassNotFoundException'{0x00000000c435e8b8}: java/lang/ObjectCustomizer> (0x00000000c435e8b8) 
thrown [s\open\src\hotspot\share\classfile\systemDictionary.cpp, line 256]
Event: 2077.818 Thread 0x000001301e0bd5f0 Exception <a 'java/lang/ClassNotFoundException'{0x00000000c4367f00}: com/portfolio/fml/Entity/ExperienciaCustomizer> (0x00000000c4367f00) 
thrown [s\open\src\hotspot\share\classfile\systemDictionary.cpp, line 256]
Event: 2077.879 Thread 0x000001301e0bd5f0 Exception <a 'java/lang/ClassNotFoundException'{0x00000000c3c4e428}: java/lang/ObjectCustomizer> (0x00000000c3c4e428) 
thrown [s\open\src\hotspot\share\classfile\systemDictionary.cpp, line 256]
Event: 2077.880 Thread 0x000001301e0bd5f0 Exception <a 'java/lang/ClassNotFoundException'{0x00000000c3c579e0}: com/portfolio/fml/Entity/PersonaCustomizer> (0x00000000c3c579e0) 
thrown [s\open\src\hotspot\share\classfile\systemDictionary.cpp, line 256]

VM Operations (20 events):
Event: 1832.900 Executing VM operation: Cleanup
Event: 1832.900 Executing VM operation: Cleanup done
Event: 1937.623 Executing VM operation: G1CollectForAllocation
Event: 1937.648 Executing VM operation: G1CollectForAllocation done
Event: 2004.149 Executing VM operation: Cleanup
Event: 2004.149 Executing VM operation: Cleanup done
Event: 2074.167 Executing VM operation: ThreadDump
Event: 2074.167 Executing VM operation: ThreadDump done
Event: 2074.167 Executing VM operation: ThreadDump
Event: 2074.167 Executing VM operation: ThreadDump done
Event: 2074.194 Executing VM operation: G1CollectFull
Event: 2074.279 Executing VM operation: G1CollectFull done
Event: 2076.291 Executing VM operation: Cleanup
Event: 2076.302 Executing VM operation: Cleanup done
Event: 2076.472 Executing VM operation: G1CollectForAllocation
Event: 2076.479 Executing VM operation: G1CollectForAllocation done
Event: 2077.305 Executing VM operation: G1CollectForAllocation
Event: 2077.313 Executing VM operation: G1CollectForAllocation done
Event: 2078.026 Executing VM operation: G1CollectForAllocation
Event: 2078.678 Executing VM operation: G1CollectForAllocation done

Events (20 events):
Event: 2076.917 Thread 0x000001301e0c1950 Thread added: 0x000001301e0c1950
Event: 2077.238 loading class java/lang/ObjectCustomizer
Event: 2077.238 loading class java/lang/ObjectCustomizer done
Event: 2077.238 loading class java/lang/ObjectCustomizer
Event: 2077.238 loading class java/lang/ObjectCustomizer done
Event: 2077.252 loading class java/lang/ObjectCustomizer
Event: 2077.252 loading class java/lang/ObjectCustomizer done
Event: 2077.253 loading class java/lang/ObjectCustomizer
Event: 2077.253 loading class java/lang/ObjectCustomizer done
Event: 2077.362 Thread 0x000001301e0c0140 Thread added: 0x000001301e0c0140
Event: 2077.362 Thread 0x000001301e0bdac0 Thread added: 0x000001301e0bdac0
Event: 2077.362 Thread 0x000001301e0c0610 Thread added: 0x000001301e0c0610
Event: 2077.817 loading class java/lang/ObjectCustomizer
Event: 2077.817 loading class java/lang/ObjectCustomizer done
Event: 2077.817 loading class java/lang/ObjectCustomizer
Event: 2077.817 loading class java/lang/ObjectCustomizer done
Event: 2077.879 loading class java/lang/ObjectCustomizer
Event: 2077.879 loading class java/lang/ObjectCustomizer done
Event: 2077.879 loading class java/lang/ObjectCustomizer
Event: 2077.879 loading class java/lang/ObjectCustomizer done


Dynamic libraries:
0x00007ff73fc40000 - 0x00007ff73fc50000 	C:\Program Files\Java\jdk-17\bin\java.exe
0x00007ffd53970000 - 0x00007ffd53b68000 	C:\Windows\SYSTEM32\ntdll.dll
0x00007ffd51c40000 - 0x00007ffd51cff000 	C:\Windows\System32\KERNEL32.DLL
0x00007ffd512b0000 - 0x00007ffd515a6000 	C:\Windows\System32\KERNELBASE.dll
0x00007ffd51800000 - 0x00007ffd51900000 	C:\Windows\System32\ucrtbase.dll
0x00007ffd4dee0000 - 0x00007ffd4defb000 	C:\Program Files\Java\jdk-17\bin\VCRUNTIME140.dll
0x00007ffd4caf0000 - 0x00007ffd4cb09000 	C:\Program Files\Java\jdk-17\bin\jli.dll
0x00007ffd519d0000 - 0x00007ffd51a7f000 	C:\Windows\System32\ADVAPI32.dll
0x00007ffd52f80000 - 0x00007ffd5301e000 	C:\Windows\System32\msvcrt.dll
0x00007ffd51d10000 - 0x00007ffd51dac000 	C:\Windows\System32\sechost.dll
0x00007ffd532a0000 - 0x00007ffd533c6000 	C:\Windows\System32\RPCRT4.dll
0x00007ffd530f0000 - 0x00007ffd5328d000 	C:\Windows\System32\USER32.dll
0x00007ffd519a0000 - 0x00007ffd519c2000 	C:\Windows\System32\win32u.dll
0x00007ffd51db0000 - 0x00007ffd51ddc000 	C:\Windows\System32\GDI32.dll
0x00007ffd3fb50000 - 0x00007ffd3fdea000 	C:\Windows\WinSxS\amd64_microsoft.windows.common-controls_6595b64144ccf1df_6.0.19041.1110_none_60b5254171f9507e\COMCTL32.dll
0x00007ffd515b0000 - 0x00007ffd516c5000 	C:\Windows\System32\gdi32full.dll
0x00007ffd51900000 - 0x00007ffd5199d000 	C:\Windows\System32\msvcp_win.dll
0x00007ffd4a490000 - 0x00007ffd4a49a000 	C:\Windows\SYSTEM32\VERSION.dll
0x00007ffd53550000 - 0x00007ffd53580000 	C:\Windows\System32\IMM32.DLL
0x00007ffd4ded0000 - 0x00007ffd4dedc000 	C:\Program Files\Java\jdk-17\bin\vcruntime140_1.dll
0x00007ffd4c720000 - 0x00007ffd4c7ae000 	C:\Program Files\Java\jdk-17\bin\msvcp140.dll
0x00007ffd235a0000 - 0x00007ffd2417d000 	C:\Program Files\Java\jdk-17\bin\server\jvm.dll
0x00007ffd51c30000 - 0x00007ffd51c38000 	C:\Windows\System32\PSAPI.DLL
0x00007ffd4df00000 - 0x00007ffd4df09000 	C:\Windows\SYSTEM32\WSOCK32.dll
0x00007ffd4b0f0000 - 0x00007ffd4b117000 	C:\Windows\SYSTEM32\WINMM.dll
0x00007ffd538c0000 - 0x00007ffd5392b000 	C:\Windows\System32\WS2_32.dll
0x00007ffd4ef30000 - 0x00007ffd4ef42000 	C:\Windows\SYSTEM32\kernel.appcore.dll
0x00007ffd4de80000 - 0x00007ffd4de8a000 	C:\Program Files\Java\jdk-17\bin\jimage.dll
0x00007ffd3daf0000 - 0x00007ffd3dcd4000 	C:\Windows\SYSTEM32\DBGHELP.DLL
0x00007ffd3da80000 - 0x00007ffd3dab4000 	C:\Windows\SYSTEM32\dbgcore.DLL
0x00007ffd51700000 - 0x00007ffd51782000 	C:\Windows\System32\bcryptPrimitives.dll
0x00007ffd4c900000 - 0x00007ffd4c925000 	C:\Program Files\Java\jdk-17\bin\java.dll
0x00007ffd4c820000 - 0x00007ffd4c8f7000 	C:\Program Files\Java\jdk-17\bin\jsvml.dll
0x00007ffd51ef0000 - 0x00007ffd52634000 	C:\Windows\System32\SHELL32.dll
0x00007ffd4f130000 - 0x00007ffd4f8c3000 	C:\Windows\SYSTEM32\windows.storage.dll
0x00007ffd526a0000 - 0x00007ffd529f4000 	C:\Windows\System32\combase.dll
0x00007ffd50a60000 - 0x00007ffd50a8e000 	C:\Windows\SYSTEM32\Wldp.dll
0x00007ffd51de0000 - 0x00007ffd51e8d000 	C:\Windows\System32\SHCORE.dll
0x00007ffd53580000 - 0x00007ffd535d5000 	C:\Windows\System32\shlwapi.dll
0x00007ffd50f90000 - 0x00007ffd50faf000 	C:\Windows\SYSTEM32\profapi.dll
0x00007ffd4c800000 - 0x00007ffd4c819000 	C:\Program Files\Java\jdk-17\bin\net.dll
0x00007ffd46e70000 - 0x00007ffd46f7a000 	C:\Windows\SYSTEM32\WINHTTP.dll
0x00007ffd507a0000 - 0x00007ffd5080a000 	C:\Windows\system32\mswsock.dll
0x00007ffd4c7e0000 - 0x00007ffd4c7f6000 	C:\Program Files\Java\jdk-17\bin\nio.dll
0x00007ffd4c7c0000 - 0x00007ffd4c7d8000 	C:\Program Files\Java\jdk-17\bin\zip.dll
0x00007ffd4c7b0000 - 0x00007ffd4c7c0000 	C:\Program Files\Java\jdk-17\bin\verify.dll
0x00007ffd3d830000 - 0x00007ffd3d83a000 	C:\Program Files\Java\jdk-17\bin\management.dll
0x00007ffd3d820000 - 0x00007ffd3d82b000 	C:\Program Files\Java\jdk-17\bin\management_ext.dll
0x00007ffd2e280000 - 0x00007ffd2e297000 	C:\Windows\system32\napinsp.dll
0x00007ffd2da20000 - 0x00007ffd2da3b000 	C:\Windows\system32\pnrpnsp.dll
0x00007ffd3cd10000 - 0x00007ffd3cd25000 	C:\Windows\system32\wshbth.dll
0x00007ffd4ca00000 - 0x00007ffd4ca1d000 	C:\Windows\system32\NLAapi.dll
0x00007ffd50490000 - 0x00007ffd504cc000 	C:\Windows\SYSTEM32\IPHLPAPI.DLL
0x00007ffd50520000 - 0x00007ffd505eb000 	C:\Windows\SYSTEM32\DNSAPI.dll
0x00007ffd51d00000 - 0x00007ffd51d08000 	C:\Windows\System32\NSI.dll
0x00007ffd2d9c0000 - 0x00007ffd2d9d2000 	C:\Windows\System32\winrnr.dll
0x0000000070e60000 - 0x0000000070e86000 	C:\Program Files\Bonjour\mdnsNSP.dll
0x00007ffd45150000 - 0x00007ffd4515a000 	C:\Windows\System32\rasadhlp.dll
0x00007ffd45060000 - 0x00007ffd450e2000 	C:\Windows\System32\fwpuclnt.dll
0x00007ffd516d0000 - 0x00007ffd516f7000 	C:\Windows\System32\bcrypt.dll
0x00007ffd50990000 - 0x00007ffd509a8000 	C:\Windows\SYSTEM32\CRYPTSP.dll
0x00007ffd50050000 - 0x00007ffd50084000 	C:\Windows\system32\rsaenh.dll
0x00007ffd50f50000 - 0x00007ffd50f7e000 	C:\Windows\SYSTEM32\USERENV.dll
0x00007ffd509b0000 - 0x00007ffd509bc000 	C:\Windows\SYSTEM32\CRYPTBASE.dll
0x00007ffd4a270000 - 0x00007ffd4a287000 	C:\Windows\SYSTEM32\dhcpcsvc6.DLL
0x00007ffd4a250000 - 0x00007ffd4a26d000 	C:\Windows\SYSTEM32\dhcpcsvc.DLL
0x00007ffd4c6d0000 - 0x00007ffd4c6dd000 	C:\Program Files\Java\jdk-17\bin\sunmscapi.dll
0x00007ffd51150000 - 0x00007ffd512ae000 	C:\Windows\System32\CRYPT32.dll
0x00007ffd50b20000 - 0x00007ffd50b48000 	C:\Windows\SYSTEM32\ncrypt.dll
0x00007ffd50a90000 - 0x00007ffd50acb000 	C:\Windows\SYSTEM32\NTASN1.dll
0x00007ffd4c6c0000 - 0x00007ffd4c6c7000 	C:\Windows\system32\wshunix.dll

dbghelp: loaded successfully - version: 4.0.5 - missing functions: none
symbol engine: initialized successfully - sym options: 0x614 - pdb path: .;C:\Program Files\Java\jdk-17\bin;C:\Windows\SYSTEM32;C:\Windows\WinSxS\amd64_microsoft.windows.common-controls_6595b64144ccf1df_6.0.19041.1110_none_60b5254171f9507e;C:\Program Files\Java\jdk-17\bin\server;C:\Program Files\Bonjour

VM Arguments:
java_command: com.portfolio.fml.FmlApplication
java_class_path (initial): E:\Proyecto_Final\Proyecto_Final_FilomenoLautaro\Proyecto_FilomenoLautaro\Backend\target\classes;C:\Users\Lucario\.m2\repository\org\springframework\boot\spring-boot-starter-data-jpa\2.7.11\spring-boot-starter-data-jpa-2.7.11.jar;C:\Users\Lucario\.m2\repository\org\springframework\boot\spring-boot-starter-aop\2.7.11\spring-boot-starter-aop-2.7.11.jar;C:\Users\Lucario\.m2\repository\org\aspectj\aspectjweaver\1.9.7\aspectjweaver-1.9.7.jar;C:\Users\Lucario\.m2\repository\org\springframework\boot\spring-boot-starter-jdbc\2.7.11\spring-boot-starter-jdbc-2.7.11.jar;C:\Users\Lucario\.m2\repository\com\zaxxer\HikariCP\4.0.3\HikariCP-4.0.3.jar;C:\Users\Lucario\.m2\repository\org\springframework\spring-jdbc\5.3.27\spring-jdbc-5.3.27.jar;C:\Users\Lucario\.m2\repository\jakarta\transaction\jakarta.transaction-api\1.3.3\jakarta.transaction-api-1.3.3.jar;C:\Users\Lucario\.m2\repository\jakarta\persistence\jakarta.persistence-api\2.2.3\jakarta.persistence-api-2.2.3.jar;C:\Users\Lucario\.m2\repository\org\hibernate\hibernate-core\5.6.15.Final\hibernate-core-5.6.15.Final.jar;C:\Users\Lucario\.m2\repository\org\jboss\logging\jboss-logging\3.4.3.Final\jboss-logging-3.4.3.Final.jar;C:\Users\Lucario\.m2\repository\net\bytebuddy\byte-buddy\1.12.23\byte-buddy-1.12.23.jar;C:\Users\Lucario\.m2\repository\antlr\antlr\2.7.7\antlr-2.7.7.jar;C:\Users\Lucario\.m2\repository\org\jboss\jandex\2.4.2.Final\jandex-2.4.2.Final.jar;C:\Users\Lucario\.m2\repository\com\fasterxml\classmate\1.5.1\classmate-1.5.1.jar;C:\Users\Lucario\.m2\repository\org\hibernate\common\hibernate-commons-annotations\5.1.2.Final\hibernate-commons-annotations-5.1.2.Final.jar;C:\Users\Lucario\.m2\repository\org\glassfish\jaxb\jaxb-runtime\2.3.8\jaxb-runtime-2.3.8.jar;C:\Users\Lucario\.m2\repository\org\glassfish\jaxb\txw2\2.3.8\txw2-2.3.8.jar;C:\Users\Lucario\.m2\repository\com\sun\istack\istack-commons-runtime\3.0.12\istack-commons-runtime-3.0.12.jar;C:\Users\Lucario\.m2\repository\com\sun\activati
Launcher Type: SUN_STANDARD

[Global flags]
     intx CICompilerCount                          = 2                                         {product} {ergonomic}
     uint ConcGCThreads                            = 1                                         {product} {ergonomic}
     uint G1ConcRefinementThreads                  = 2                                         {product} {ergonomic}
   size_t G1HeapRegionSize                         = 1048576                                   {product} {ergonomic}
    uintx GCDrainStackTargetSize                   = 64                                        {product} {ergonomic}
   size_t InitialHeapSize                          = 67108864                                  {product} {ergonomic}
   size_t MarkStackSize                            = 4194304                                   {product} {ergonomic}
   size_t MaxHeapSize                              = 1073741824                                {product} {ergonomic}
   size_t MaxNewSize                               = 643825664                                 {product} {ergonomic}
   size_t MinHeapDeltaBytes                        = 1048576                                   {product} {ergonomic}
   size_t MinHeapSize                              = 8388608                                   {product} {ergonomic}
    uintx NonNMethodCodeHeapSize                   = 5826188                                {pd product} {ergonomic}
    uintx NonProfiledCodeHeapSize                  = 122916026                              {pd product} {ergonomic}
    uintx ProfiledCodeHeapSize                     = 122916026                              {pd product} {ergonomic}
    uintx ReservedCodeCacheSize                    = 251658240                              {pd product} {ergonomic}
     bool SegmentedCodeCache                       = true                                      {product} {ergonomic}
   size_t SoftMaxHeapSize                          = 1073741824                             {manageable} {ergonomic}
     bool UseCompressedClassPointers               = true                           {product lp64_product} {ergonomic}
     bool UseCompressedOops                        = true                           {product lp64_product} {ergonomic}
     bool UseG1GC                                  = true                                      {product} {ergonomic}
     bool UseLargePagesIndividualAllocation        = false                                  {pd product} {ergonomic}

Logging:
Log output configuration:
 #0: stdout all=warning uptime,level,tags
 #1: stderr all=off uptime,level,tags

Environment Variables:
JAVA_HOME=C:\Program Files\Java\jdk-17
PATH=C:\Program Files\Common Files\Oracle\Java\javapath;C:\Program Files (x86)\Common Files\Oracle\Java\javapath;C:\Program Files\Eclipse Adoptium\jdk-8.0.372.7-hotspot\bin;C:\Windows\system32;C:\Windows;C:\Windows\System32\Wbem;C:\Windows\System32\WindowsPowerShell\v1.0\;C:\Windows\System32\OpenSSH\;E:\Programacion\Git\cmd;C:\ProgramData\chocolatey\bin;E:\Programacion\;C:\Program Files\MySQL\MySQL Shell 8.0\bin\;C:\Users\Lucario\AppData\Local\Microsoft\WindowsApps;E:\Programacion\Microsoft VS Code\bin;E:\Cosas-Programas\apache-maven-3.9.1\bin;C:\Program Files\MySQL\MySQL Server 8.0\bin;C:\Users\Lucario\AppData\Local\GitHubDesktop\bin;E:\platform-tools;C:\Users\Lucario\AppData\Roaming\npm
USERNAME=Lucario
OS=Windows_NT
PROCESSOR_IDENTIFIER=AMD64 Family 16 Model 6 Stepping 3, AuthenticAMD



---------------  S Y S T E M  ---------------

OS:
 Windows 10 , 64 bit Build 19041 (10.0.19041.2913)
OS uptime: 0 days 2:57 hours

CPU: total 2 (initial active 2) (2 cores per cpu, 1 threads per core) family 16 model 6 stepping 3 microcode 0x0, cx8, cmov, fxsr, mmx, 3dnowpref, sse, sse2, sse3, sse4a, popcnt, lzcnt, tsc, tscinvbit, clflush

Memory: 4k page, system-wide physical 4095M (297M free)
TotalPageFile size 6143M (AvailPageFile size 4M)
current process WorkingSet (physical memory assigned to process): 238M, peak: 251M
current process commit charge ("private bytes"): 282M, peak: 285M

vm_info: Java HotSpot(TM) 64-Bit Server VM (17.0.7+8-LTS-224) for windows-amd64 JRE (17.0.7+8-LTS-224), built on Feb 28 2023 23:03:02 by "mach5one" with MS VC++ 17.1 (VS2022)

END.
